#17 (6, 6): 1A3B458J26EZKF09LUD7GCIOP==MNTVWXYSH
  -> Time over
  -> in 302.562500 sec
  => RETIRED
#66 (6, 4): K7123=J===5BDFECH40M=NIG
  -> Time over
  -> in 301.437500 sec
  => RETIRED
#90 (5, 5): 36BE47K5OF18=MN=2A9H=CIJ0
  -> Time over
  -> in 302.609375 sec
  => RETIRED
#106 (5, 6): N6C9A1G28537D4FBSEJKHRLIPQ0MOT
  -> Time over
  -> in 302.476562 sec
  => RETIRED
#122 (4, 6): 04B7258C196A=J=3EKNGHMIL
  -> Time over
  -> in 301.585938 sec
  => RETIRED
#123 (6, 5): EF123=KD==4587GSNTQP=BH0JRMIOC
  -> Found in depth 75 at count -1272042502
  -> in 219.992188 sec
  => ANSWER: ULDRDLUURDLLDLLULDRUUUURRRDRDLDLDLLLURUULURRRRDDRDLLULLULDDRUULDDDRRRURURDD
#124 (5, 4): I28451703FDGC6AH9EJB
  -> Found in depth 58 at count 875214019
  -> in 135.718750 sec
  => ANSWER: ULLDRDRURDLDLULURURDRDRDLLULURRDRULLDRDLLULURDRDLLURRURDDR
#127 (6, 6): 431E5=29F=H=0K8NS=7P=YMGDJ=B=O=QWZXU
  -> Time over
  -> in 302.179688 sec
  => RETIRED
#139 (5, 6): 1C===G6IK97B2EAS8N0D=MRFJ=HPTO
  -> Time over
  -> in 301.507812 sec
  => RETIRED
#140 (5, 5): 82AI59L6E73CGD4BHNOF01MKJ
  -> Time over
  -> in 301.859375 sec
  => RETIRED
#141 (6, 3): 239=56B=0AGC7D1EFH
  -> Time over
  -> in 301.226562 sec
  => RETIRED
#144 (4, 5): 123460=FJAG58HIB9DCE
  -> Time over
  -> in 301.414062 sec
  => RETIRED
#160 (6, 6): 9D3GH67E25A418=MBIJ=VLCNPXRSTOWQ0YZU
  -> Time over
  -> in 301.867188 sec
  => RETIRED
#171 (6, 4): D126CHJ=4=IG35BMLN79K0EF
  -> Found in depth 72 at count -1389741252
  -> in 123.625000 sec
  => ANSWER: RULLLLUURRDDLLUURRDDDLULDRRRRRUULULLLLDDRRDLURDRURDLURRUULLLDDRRDRUULDRD
#177 (6, 4): 2JL4NB87MACI039FE51KDG6H
  -> Time over
  -> in 302.367188 sec
  => RETIRED
#181 (6, 4): 1A=56H8294CB7=KMNLD0GJFI
  -> Time over
  -> in 302.070312 sec
  => RETIRED
#186 (6, 6): 41M69A8KSG5C023DTR7JEBNXP=WOIUVYZHFL
  -> Time over
  -> in 302.507812 sec
  => RETIRED
#188 (6, 6): 148NG=3AC50HP2DBELJ9WFOIQXK7MTVSYRUZ
  -> Time over
  -> in 302.015625 sec
  => RETIRED
#189 (6, 5): F82BA6G1D35H7Q9CT0JEK=4I=LRSON
  -> Time over
  -> in 301.085938 sec
  => RETIRED
#191 (6, 6): D762B5AEL31I9NM=04=FHZC=Q8==TUPKVWXY
  -> Time over
  -> in 301.171875 sec
  => RETIRED
#192 (5, 5): 26B9=G4KAIH8E0J1CDF3==ON7
  -> Time over
  -> in 302.445312 sec
  => RETIRED
#200 (4, 6): 2CB135=9E8A4=6KG0HFILMJN
  -> Time over
  -> in 301.195312 sec
  => RETIRED
#213 (6, 6): 783I64KD=AHBQ2E5CO1M0F=UVJG==ZWLPRXY
  -> Time over
  -> in 302.671875 sec
  => RETIRED
#221 (5, 6): 345AF76=90C2SNE1BQJ=MGPITLHDOR
  -> Time over
  -> in 301.398438 sec
  => RETIRED
#224 (5, 6): H7B182395ELMD4A6G==FC0N=KSRQTP
  -> Time over
  -> in 302.148438 sec
  => RETIRED
#226 (6, 3): 3ADB052=G4HC197FE6
  -> Time over
  -> in 302.476562 sec
  => RETIRED
#233 (6, 5): DE3=C57082FBL1GK=6JA9R=IQPMSTO
  -> Time over
  -> in 302.656250 sec
  => RETIRED
#242 (5, 5): 0289DHGJ14B36=5LI7MFOCKAN
  -> Time over
  -> in 301.765625 sec
  => RETIRED
#244 (6, 6): 23FG64189ABI7=R5=CDKMLNOJWQ==UPV0XYZ
  -> Time over
  -> in 301.687500 sec
  => RETIRED
#250 (6, 4): =23C46F89G5BJEKH0ID7==AN
  -> Found in depth 54 at count -1667552403
  -> in 204.648438 sec
  => ANSWER: LUULLDLDRRRULLLDRDLURULDRDLURUURRRDDDRUULDLLURRRDLURDD
#259 (5, 6): 8793=2D04E1=JFAH6GIKLPMQNRBSOT
  -> Time over
  -> in 301.140625 sec
  => RETIRED
#267 (4, 6): =340LE=86ABC952=FKNJIHDM
  -> Found in depth 63 at count 860319771
  -> in 195.046875 sec
  => ANSWER: DDLLLURDDRULDLUURDDDLUURRDLDDRRULULDDLURULURRRUULLDLDDDRDRRULDR
#271 (5, 6): 72D35184AJ0BKOETH69PCLFIMQRGNS
  -> Time over
  -> in 301.390625 sec
  => RETIRED
#275 (5, 5): 71295D86A40HMEKBLNFOCG3IJ
  -> Time over
  -> in 301.992188 sec
  => RETIRED
#277 (4, 6): 3715DE48GI=C2F0K96=N=AHM
  -> Time over
  -> in 302.843750 sec
  => RETIRED
#283 (5, 5): 349A=67=FJ=GN=ID10KMHO2CL
  -> Found in depth 77 at count 84081274
  -> in 273.820312 sec
  => ANSWER: LURDDLURULDRDRRULLDRRUUULULLLDRDDLDRRRURUULULLDDDRULDLDRRURRUULULLDLURRRDRDDD
#285 (4, 6): 187F0C4D2A5B3=GK6==N9HLM
  -> Time over
  -> in 302.085938 sec
  => RETIRED
#296 (6, 6): 19L3B6DF48ACK2GH0I7ERMJ5PYNXUOQVWTSZ
  -> Time over
  -> in 302.562500 sec
  => RETIRED
#298 (6, 6): 27=56019HA4BE8=ZCND=RLMGJSPYIOVWQXTU
  -> Time over
  -> in 302.281250 sec
  => RETIRED
#304 (5, 5): =23A5GH=49BI7=FCM6K0=DJON
  -> Time over
  -> in 301.679688 sec
  => RETIRED
#306 (6, 5): 1940FJ73RB5HD8A2G6PESCMOKQLNIT
  -> Time over
  -> in 301.890625 sec
  => RETIRED
#312 (4, 6): 21085463D9=CAFGM=J7K=INE
  -> Found in depth 62 at count 1822962942
  -> in 218.992188 sec
  => ANSWER: LDRULLDRRRDDLDLURRUUULLDDDLUURDLUURRDLDDDDRRUULDDLURRDLUULDDRR
#316 (6, 6): 1DF35C742G6B98E0H=KQ=AMZJPRSUNVWXYTO
  -> Time over
  -> in 302.320312 sec
  => RETIRED
#317 (4, 5): D3489==CA5=G12=J0EHI
  -> Found in depth 85 at count 25620697
  -> in 187.117188 sec
  => ANSWER: UURDLUUURRRDDDDLLULUUURRRDDDDLLLUURDDLURDRRUUUULLLDDDRDRRUUUULLLDDRDDRRUUUULLLDDDDRRR
#319 (6, 6): 40G9E31DJA56872F=BP===NZVWR=CUXQYTOI
  -> Time over
  -> in 302.414062 sec
  => RETIRED
#330 (6, 6): 721095D=3H=6JK=SICXEGA4=LPQNMTVWR=ZU
  -> Found in depth 73 at count 667495703
  -> in 245.101562 sec
  => ANSWER: RRDDLLUULLLDDRDLDRULDDRURURRULULURDDDLDDLLUUUUURRDRDDLLLUUURRRDDDRDLURDRD
#340 (5, 5): G72O93485J610AFHLDEKMCBIN
  -> Time over
  -> in 301.953125 sec
  => RETIRED
#344 (4, 6): 30421=7H5EF8BD9CJMGALINK
  -> Time over
  -> in 301.218750 sec
  => RETIRED
#345 (5, 5): =2345=7==JCLA0EBHKDONMIGF
  -> Time over
  -> in 301.687500 sec
  => RETIRED
#353 (5, 6): 3275A61894===NOMQJGK0HLEFIRSTP
  -> Time over
  -> in 301.992188 sec
  => RETIRED
#355 (4, 6): 4271653C9=08EDB=HJNFLMIK
  -> Found in depth 60 at count 64395690
  -> in 270.671875 sec
  => ANSWER: UULLDRURRDLLURDDRUULDDRULDDLLUUURDLDDDDRRURDLLUURDDLLUURDRDR
#356 (6, 6): 29=04=QDKB5C1TGA=I7FWJUOM8VLNZPE=SYR
  -> Time over
  -> in 301.960938 sec
  => RETIRED
#360 (5, 5): 14J9A725ED3IBF8GL6NCM0HOK
  -> Found in depth 65 at count -1570122619
  -> in 270.031250 sec
  => ANSWER: UULDRRRURDLURULULDRULLDDDLURDDRURUULLLDDRURDRURUULLDDDLDLUURRRRDD
#361 (5, 5): 67=9EB1=542AF0JCG=DNLMHKO
  -> Time over
  -> in 301.632812 sec
  => RETIRED
#366 (6, 5): M8G9R5F7AI362EQH4C1=PB0ODJSNLT
  -> Found in depth 78 at count 977799460
  -> in 171.882812 sec
  => ANSWER: DLLUUUULDLURRRRDDLDRULUURDDLULDRULLLDDDRRUUULULDDDDRRUUULULDRRURRRDDLLLDRURDDR
#374 (4, 6): ID29K=015A87E3=4=GBN==JC
  -> Time over
  -> in 301.679688 sec
  => RETIRED
#375 (4, 6): 198035J76B24FNCGHDMA=EIK
  -> Time over
  -> in 301.789062 sec
  => RETIRED
#381 (6, 6): 91LC8=234FIA7DKG5HEMWJ=BPQ0S=O=XZRYU
  -> Time over
  -> in 302.250000 sec
  => RETIRED
#393 (6, 5): D28H6M931AG4LJ5INO7KECT0=RQFSB
  -> Time over
  -> in 302.164062 sec
  => RETIRED
#395 (4, 6): D61=9523AI=7N0=8MH=C=EKG
  -> Found in depth 66 at count -401199180
  -> in 163.476562 sec
  => ANSWER: DLURDDRRUUUULULDDDDLURUULURRDRDDDDLLUUULURURDRDDDDLLUULUUURRDRDDDD
#399 (5, 6): C138=0674AGEDK2BLFJOMHQP9RINST
  -> Time over
  -> in 301.437500 sec
  => RETIRED
#405 (5, 4): BD6A3G=1F9H=E24IJ805
  -> Time over
  -> in 301.101562 sec
  => RETIRED
#410 (5, 5): 6GB251DA3E4078FLMOCNJ9HKI
  -> Found in depth 71 at count 124832989
  -> in 125.101562 sec
  => ANSWER: UULDRURRDLDLLURURDDLURDDLDLUURDDRURRDLURUULLURDDLLDRRULLURRDLLDDRRUURDD
#412 (5, 6): 12539DB84FG6AKERIJPSOLCN70MQTH
  -> Time over
  -> in 301.210938 sec
  => RETIRED
#421 (6, 5): D23A==8J=40=17=HROE=BGTIPQLSMN
  -> Time over
  -> in 301.523438 sec
  => RETIRED
#422 (6, 4): 7D8IBHEF925A0J1=46K3LMCN
  -> Time over
  -> in 302.140625 sec
  => RETIRED
#444 (4, 6): 763GCB21408A9EDJ5FMKLIHN
  -> Time over
  -> in 302.710938 sec
  => RETIRED
#464 (5, 5): 7150A2638EIB=COLHN4FMGK9J
  -> Found in depth 65 at count -1267409967
  -> in 188.703125 sec
  => ANSWER: LDLLURDDLDRUURRDDDRUUUULLDRDDRDLLULLURURURDDRDDLULLDLUURULDDRRRRD
#469 (6, 6): 13HO457290GBE8AV6CWFMSINDQLRJZPK=YUT
  -> Time over
  -> in 301.640625 sec
  => RETIRED
#471 (5, 5): G65I97J284N1KB0HCFM3LOEDA
  -> Time over
  -> in 301.765625 sec
  => RETIRED
#481 (6, 5): =235B=8S=A4C0K7DIORJFLHTMQGPEN
  -> Time over
  -> in 301.093750 sec
  => RETIRED
#482 (4, 6): A42750691L=3IJC8EHGKNDFM
  -> Found in depth 68 at count 1348468619
  -> in 164.351562 sec
  => ANSWER: URDLLURRDRDDLLUULDRURRULDRDDLDLUUUULDDRDLDDRURDLULDRRRUULDLULDDRRURD
#486 (4, 6): 632=51C89=EFDH07L=GKNMBJ
  -> Found in depth 61 at count 552901252
  -> in 201.187500 sec
  => ANSWER: UUULDLDDRRRULDDDLLUUUURRDDDDLLUUUUURDRRDLDRDDLURUUULLLDDDDRRR
#487 (5, 5): 1B349DC2J5678KAG=EN0LIMOF
  -> Found in depth 57 at count 226328893
  -> in 138.859375 sec
  => ANSWER: UUULLDDLUURDDLULDRRDRUURDDDLLLLUURURURRDDDLLDRUULLLDDRRRR
#493 (4, 6): 8360124C75KGIJLBNHEFDA9M
  -> Time over
  -> in 301.945312 sec
  => RETIRED
#498 (4, 6): =25497CBD=36I=GNHFMK=J08
  -> Time over
  -> in 302.234375 sec
  => RETIRED
#503 (4, 6): B37820F4=56CEA1GIDKN==JH
  -> Time over
  -> in 301.640625 sec
  => RETIRED
#515 (5, 5): 024581=AJ36G=M9BHIOE=NCFK
  -> Found in depth 64 at count 2062928554
  -> in 271.343750 sec
  => ANSWER: DDDRRDLURRUUURDLLULLDDRDRRURDLDLULDRRRULLLLUUURRRRDLLURDDRDDLURD
#519 (5, 5): 6138972D4AB=I=5JM0NHGKLOF
  -> Found in depth 63 at count -1959993465
  -> in 177.867188 sec
  => ANSWER: LDRULLDRRURRDLLULDRURDLUUULLURRRDRDDLLDLULUURRURRDLULLDLDDRRRDR
#522 (5, 6): J8DE=46219B=037HGMIFLRN=A=STPK
  -> Time over
  -> in 301.250000 sec
  => RETIRED
#523 (5, 6): SRB34L0895M2KEAG1ND76IPTFQHCJO
  -> Time over
  -> in 302.757812 sec
  => RETIRED
#546 (6, 6): 723BI48D1OYHF9A=U5VWE=6QRPKNC0XSJTLZ
  -> Time over
  -> in 301.218750 sec
  => RETIRED
#555 (6, 5): 735HOC91AF462EKISBPLTRNG8DJQM0
  -> Time over
  -> in 301.882812 sec
  => RETIRED
#562 (4, 6): =6E=M253HD=AN0789F=C=IKG
  -> Time over
  -> in 302.570312 sec
  => RETIRED
#574 (5, 6): 3640JDCA7F=25=K=891HQM=IPRL=OT
  -> Found in depth 74 at count 2013709799
  -> in 152.937500 sec
  => ANSWER: LDRRULLDLLURRDDDRRUULLDDRDRUUULURDLLDLURULDLURDRDLDDDLURURULURULDRDDRRDLDR
#596 (4, 6): 8316D5720==49N=CEIKGHLMJ
  -> Found in depth 66 at count 2013265510
  -> in 175.351562 sec
  => ANSWER: URURRDLURDDDDDLLUULUUURRDLLURRDLURRDDDDLLLURDDRRUUUULULLDDDDDRRURD
#598 (6, 4): 7A3456KE91HC2DLFBI=G08NM
  -> Found in depth 55 at count -799849
  -> in 183.468750 sec
  => ANSWER: URDLUULLDRURRRDDRUULLDDLLUURRULLDLURDRURDLDRDLURDRUURDD
#601 (5, 6): 83E5F0D794CG21A6BN=KMRITPQHLOS
  -> Time over
  -> in 302.109375 sec
  => RETIRED
#607 (4, 5): =G5467029=B3HFEC8JID
  -> Time over
  -> in 301.007812 sec
  => RETIRED
#609 (6, 5): 210G4BH89=L53E7IC6JFDMOT=KQRSN
  -> Found in depth 69 at count -771010958
  -> in 127.445312 sec
  => ANSWER: DDDLUULDRURDLULURRRRRDDLUURDDDLULLUULDLDRRUULDLDRDDRRURRULLLDRDRRULDR
#611 (6, 4): 2ED4IC3LJ=06798BM5KF1GHN
  -> Found in depth 67 at count -1632766482
  -> in 126.835938 sec
  => ANSWER: RULDRDDLUURULDDLLDLUURDLURULLDRULDDRDRUUULDDRRDLLLURRULDRDRRRUULDDR
#613 (4, 5): C7542A30B981D=6GHFJI
  -> Found in depth 57 at count 2105473718
  -> in 120.218750 sec
  => ANSWER: LLULDDRURRDLDDLLUUURURDLDRURDDLDRUULLURDLLURULDRRDLLDDRRR
#618 (6, 5): D8A2CI7L954GJ0KF6SE31MBT==NROH
  -> Time over
  -> in 302.500000 sec
  => RETIRED
#634 (6, 3): 79F5A6D=124C0E3=BH
  -> Time over
  -> in 301.257812 sec
  => RETIRED
#643 (6, 6): 13456B78=A0ED2KNFLJWIMZCPQGRSH=XYUTO
  -> Time over
  -> in 302.210938 sec
  => RETIRED
#644 (5, 6): 67195823F4B=AEKHLIDJGRO0TQMSPN
  -> Time over
  -> in 301.078125 sec
  => RETIRED
#651 (5, 5): 31J49B2AI5C87NFL6M0EHGKDO
  -> Found in depth 62 at count -2127041973
  -> in 142.914062 sec
  => ANSWER: UULURRDLLDLLURULDRRDLDRRDLULDLUURRRDDLUURURDDLURULULLLDDDRDRRR
#655 (5, 4): B6391C==A2ID045JHFGE
  -> Time over
  -> in 301.859375 sec
  => RETIRED
#672 (4, 6): 27496F18HE3BKD5GNA0ICJML
  -> Time over
  -> in 302.546875 sec
  => RETIRED
#676 (6, 5): =GA====3Q9OBD20LSI8JMFCHEPKNRT
  -> Found in depth 67 at count 803449929
  -> in 170.218750 sec
  => ANSWER: UULDDLDRRULLDDRRURRUULLULDDRDLLURRRDDRUULURRDDLLLUURRDRULLDLLDDRRRR
#681 (4, 5): 312D68049AIGJHCB7EF5
  -> Time over
  -> in 302.648438 sec
  => RETIRED
#683 (5, 6): ==87DMB43AIGOE0C6F59LHJKTQRNPS
  -> Time over
  -> in 301.968750 sec
  => RETIRED
#685 (5, 5): 6193AEB0G2I587FLOC4JHDMKN
  -> Time over
  -> in 302.390625 sec
  => RETIRED
#687 (6, 4): E3G=N67812BIDK9H0A=FL=5C
  -> Time over
  -> in 301.804688 sec
  => RETIRED
#690 (4, 6): 523861=E=ABJLCFHK0DNMI4G
  -> Time over
  -> in 302.398438 sec
  => RETIRED
#691 (4, 6): 51239=08DK4MAEBGH=7NLJFC
  -> Time over
  -> in 302.070312 sec
  => RETIRED
#701 (5, 6): =C79A60345LB2OFGIKDJQNSP8RMEHT
  -> Time over
  -> in 302.031250 sec
  => RETIRED
#702 (4, 5): =67A2493DH5B0E=8JGIC
  -> Found in depth 60 at count 256599870
  -> in 195.171875 sec
  => ANSWER: RURUURDLLLDDRDRRUUULULDDLDDRULUURRURDDDDLLUURRDDLLLUURURRDDD
#710 (4, 6): 5234B1=8=A6E=KC=MFJNHL0I
  -> Found in depth 61 at count 1821638416
  -> in 156.312500 sec
  => ANSWER: ULURURUULLDDDRULULURRRDDLLUURRDDLLDRURUULLDDRDDLLDRRRULDLURDR
#715 (6, 6): 3A49S62=N5BT17==CIPEQ=HOJDXL0UKVRWYZ
  -> Time over
  -> in 301.976562 sec
  => RETIRED
#721 (4, 5): 9A718362CJ54EGBFIDH0
  -> Time over
  -> in 301.562500 sec
  => RETIRED
#724 (5, 6): 137==629E8==AINLMQSFHGD=JRTP0K
  -> Time over
  -> in 301.218750 sec
  => RETIRED
#725 (6, 4): A39G==E80LBC2D=HMI1J7KN4
  -> Time over
  -> in 301.976562 sec
  => RETIRED
#742 (5, 6): 36945B1C8DN2PFAMLGOJQ7KESIRH0T
  -> Time over
  -> in 301.375000 sec
  => RETIRED
#753 (6, 5): 921=6O7P8=T5JR=CMN3QLH0BEDKGSI
  -> Time over
  -> in 302.250000 sec
  => RETIRED
#755 (6, 6): 0D8G65P17B24QEK3ICRFJ=NHLASTZ9=WXOYU
  -> Time over
  -> in 301.343750 sec
  => RETIRED
#761 (6, 6): D81945M7FE=6J3AHC0P=RGI=VQNL2ZWXS=UT
  -> Found in depth 75 at count -146337792
  -> in 165.328125 sec
  => ANSWER: LDLULURURRDDLDLDRULDLDLLUUUUURDRRDDRDLLUURULDLLUURRDDLULURRDRDLDRURDDRDLURD
#764 (4, 6): D152J8=6GI43MAFBL0ECN9KH
  -> Time over
  -> in 301.742188 sec
  => RETIRED
#772 (6, 4): J2A3FI905EC6784HBN1DMKGL
  -> Time over
  -> in 301.164062 sec
  => RETIRED
#773 (6, 4): 8J=CM671E25BKA0GN9FD4LIH
  -> Time over
  -> in 301.875000 sec
  => RETIRED
#774 (5, 6): 23IA91=8P5NH4E=C6JOTB=DQKGLR0S
  -> Found in depth 75 at count 724382828
  -> in 216.414062 sec
  => ANSWER: UUUUURDLLURDLDLLDRURDRUUULDDDDRRULDLDRRUULULURDLDLULDDDRRUURUUULLLDDDDDRRRR
#776 (5, 5): 6513G7E0842KDA9HCBFOLM=JI
  -> Time over
  -> in 301.953125 sec
  => RETIRED
#784 (6, 6): 21856BD793ACEG0M4HVXFYOIPJTSWNQRKLZU
  -> Time over
  -> in 301.367188 sec
  => RETIRED
#787 (6, 4): 985KM6AC30LB4E=NGH712DJI
  -> Found in depth 76 at count 604716875
  -> in 181.046875 sec
  => ANSWER: RRDLLUULDLLDRDRRRULULLLURRRRDLULDLDDRRURRULULLLDLURRDLDLDRRRUUULLDLDDRRRURRD
#793 (5, 5): O24196C7F5=8JD3HIKEAGLMN0
  -> Time over
  -> in 301.914062 sec
  => RETIRED
#795 (5, 6): G1F2=C=0346E9JA8BDN==IMRP=HSOT
  -> Found in depth 66 at count -1713609351
  -> in 300.265625 sec
  => ANSWER: URDLDLDLURDDDRURUUURDLLLLUURRRDLDDLULUURRDDLLDRURUULLDDDRDRDLURRDR
#810 (5, 6): 741A02CM586BH9==I3DOQEKPNRL=TJ
  -> Time over
  -> in 301.859375 sec
  => RETIRED
#816 (4, 6): 9163254FH=BJED70KMICN8LG
  -> Found in depth 68 at count -1884368617
  -> in 204.945312 sec
  => ANSWER: UULLLURDRURDDLDRDLLDRULLDRULUUURRRDLDDDLULURDRRULUURDDDDLLURUUURDDDD
#825 (6, 5): =9265S748NICJ3E0HAP=DRFGQLMTBO
  -> Time over
  -> in 301.460938 sec
  => RETIRED
#834 (6, 5): 37198B462ACGEJ=T05DKL=HI==RSNO
  -> Time over
  -> in 302.476562 sec
  => RETIRED
#835 (4, 6): 93F7142A56JB==NCMLG0HI8K
  -> Time over
  -> in 301.992188 sec
  => RETIRED
#837 (5, 6): 234A517=EH6=P9KBJIT0QMDOFGSLRN
  -> Time over
  -> in 301.562500 sec
  => RETIRED
#842 (5, 6): 1724=B93J6GCOEAL=KFPQ=T8IRSN0D
  -> Found in depth 65 at count 2081260133
  -> in 149.210938 sec
  => ANSWER: ULDRRULLDRRUUULURDDLLUURRDDLLDDLLUUURURDLLURURDDDDRDLURUUULDDDDRR
#876 (3, 6): 2081=C4D6AH3G7BEF9
  -> Time over
  -> in 302.328125 sec
  => RETIRED
#878 (6, 5): 97863C2K0AH51LQG4BDJFTNIPERSMO
  -> Found in depth 64 at count 402451114
  -> in 233.984375 sec
  => ANSWER: LULDDDRURDLDRRUULUULLDRRRRDRDLDLLULURDDLUURRUURDLLURRDRULDDLDRRD
#888 (6, 5): 28C4HB13FT09L7DA56EROMGSJKPQNI
  -> Time over
  -> in 302.320312 sec
  => RETIRED
#894 (6, 5): K814CIE02675=M3B=NPGFATLQJ==O9
  -> Time over
  -> in 302.187500 sec
  => RETIRED
#904 (5, 6): BT129C6=4307D=5RGOFASMQJPHKLIN
  -> Time over
  -> in 302.828125 sec
  => RETIRED
#922 (5, 6): B1E238690A7K54=DCJNSHQTLOMGIPR
  -> Time over
  -> in 301.156250 sec
  => RETIRED
#937 (6, 6): ==9436J8BC5IEN=A=O7PRLQSDXWMTUKGV=Z0
  -> Time over
  -> in 302.328125 sec
  => RETIRED
#938 (5, 5): 78E45139DACMFHIG6OJB2L0NK
  -> Time over
  -> in 302.281250 sec
  => RETIRED
#939 (5, 5): 21985BH0E3L7=A46GMJOCI=KF
  -> Time over
  -> in 302.601562 sec
  => RETIRED
#940 (6, 6): =834B5X29=6CE7F==IDWLN0MPQR=TO=KJYUZ
  -> Time over
  -> in 302.296875 sec
  => RETIRED
#943 (4, 6): 2389A5147BJ6ID0CEHGLMFNK
  -> Found in depth 63 at count 369246693
  -> in 220.539062 sec
  => ANSWER: UUURDLULDRDRDLDLLURDRRULLULURRDLLDDRRULLDRDLUUUURULDRRDDDLURDRD
#959 (5, 5): 38G9J2=KF41E5LAC=MI06BDNO
  -> Time over
  -> in 302.812500 sec
  => RETIRED
#965 (6, 4): J8G964DF12I5N30AMBKE7LCH
  -> Found in depth 66 at count -1144252352
  -> in 130.140625 sec
  => ANSWER: LURRULLDLURRDDLLDRRULDLUURDDLUURURDRDLDRURUURDLLURRDDLDRULDLUURRDD
#980 (4, 6): 1237968F5CEBD4GIM0NJHLKA
  -> Time over
  -> in 302.218750 sec
  => RETIRED
#982 (6, 6): 18F5BA2C9I43D=7HOGKMR0N6L=WSTUJPVXYZ
  -> Time over
  -> in 301.625000 sec
  => RETIRED
#992 (4, 6): 8A23167C4BNI50JHEMD9LFKG
  -> Time over
  -> in 301.187500 sec
  => RETIRED
#993 (5, 6): 91B3428HFEG0AJ5CR6M=LNTSO7QDIP
  -> Time over
  -> in 301.593750 sec
  => RETIRED
#1001 (6, 6): 819A3572F4=6==K=HCVP0=TNW=JOZUXLR=SI
  -> Time over
  -> in 301.484375 sec
  => RETIRED
#1008 (6, 6): P312B68M9HACF5KLTO7EJG0UQW4DRZ=YXSIN
  -> Time over
  -> in 302.054688 sec
  => RETIRED
#1015 (5, 5): 1234967=FADBHLJGINC0ME5KO
  -> Found in depth 59 at count -1688083557
  -> in 280.796875 sec
  => ANSWER: DLULDLUURDDRUULDDLLURULDRRRRULURULDRDLUURDLDLLDRDLULDRRRURD
#1020 (4, 6): 234I1==F59C0==AJNB8KLMHG
  -> Time over
  -> in 302.664062 sec
  => RETIRED
#1034 (6, 6): PD156B9E43FGWR278AQYT=HCVJUZNILKXSO0
  -> Time over
  -> in 301.585938 sec
  => RETIRED
#1035 (6, 6): D94B5=1A23HCK7E=NI=8SMOU==YF=Z==LRX0
  -> Time over
  -> in 301.187500 sec
  => RETIRED
#1040 (5, 5): 2C39517JEFL68OAHDBK4GMNI0
  -> Time over
  -> in 301.500000 sec
  => RETIRED
#1046 (5, 5): E9385764AICM2HDBLOK01GNJF
  -> Time over
  -> in 301.679688 sec
  => RETIRED
#1052 (6, 6): D8236BKE==5410PVGJ7W=F=CX=YHUIRSMTZO
  -> Time over
  -> in 301.703125 sec
  => RETIRED
#1060 (5, 6): 12=D4678AJ=HGC5SNEL9QOIFMRTK0P
  -> Time over
  -> in 302.007812 sec
  => RETIRED
#1073 (5, 5): 18973CHA64=EDJ2GLFK5NMI0O
  -> Time over
  -> in 301.242188 sec
  => RETIRED
#1075 (4, 6): B1532E=4=6G8HL=CIN0KDJMA
  -> Time over
  -> in 302.804688 sec
  => RETIRED
#1080 (6, 6): 23856CD7904HLK=QIBP1GMA=EJR=NZ==XYUT
  -> Time over
  -> in 301.515625 sec
  => RETIRED
#1082 (6, 5): 12A9C3F0E5468PL=B=Q7KSNRDHJMOT
  -> Time over
  -> in 301.218750 sec
  => RETIRED
#1092 (5, 5): A139=862JE4C=OFG7K0H===IB
  -> Time over
  -> in 301.468750 sec
  => RETIRED
#1105 (6, 4): =02=G5D3JEAH89FINCK7=BM6
  -> Time over
  -> in 302.437500 sec
  => RETIRED
#1109 (6, 4): 249M==D=K3BE1A70GIFLJNCH
  -> Time over
  -> in 301.804688 sec
  => RETIRED
#1114 (5, 5): 61234B===5G=FJAL=DIONEK0M
  -> Time over
  -> in 302.765625 sec
  => RETIRED
#1120 (6, 4): 271=6CE89BAM=K=53N=0LGHI
  -> Time over
  -> in 302.406250 sec
  => RETIRED
#1125 (4, 6): 372C5B48KAMN1D0F9E6IHLJG
  -> Time over
  -> in 302.023438 sec
  => RETIRED
#1133 (5, 5): 6N=45B1=9AH2EI=C0GDKJML7O
  -> Found in depth 60 at count 53334368
  -> in 133.656250 sec
  => ANSWER: UUULDRDDRDLLUUUURDDLDRRDLUULDDRURRDLURULDDLUURDLLUUURDDDRRDR
#1135 (5, 6): =DB2=H094=7EC6FRL8=KG3PIM=ONST
  -> Time over
  -> in 302.265625 sec
  => RETIRED
#1139 (5, 4): 1H2F5B6794C08=A=I3DJ
  -> Time over
  -> in 302.500000 sec
  => RETIRED
#1140 (5, 5): B8345C6H=EM17KDIF2JOL0GAN
  -> Time over
  -> in 301.945312 sec
  => RETIRED
#1141 (4, 6): 016=59C=I3E7HMG2BNKF=AJD
  -> Found in depth 66 at count -813056631
  -> in 136.953125 sec
  => ANSWER: DRDLUURDRDRDDLDRULDLUUURRDLDDLUUUURDLDRDLLURDRRUULLURULDRDDLURDRDD
#1167 (6, 6): 19456C308LFBJ2WAGHKXEDIUP7QMNZ=RSYOT
  -> Time over
  -> in 301.960938 sec
  => RETIRED
#1168 (5, 5): 74309185EJ26=AKBGFLMOHCNI
  -> Time over
  -> in 301.835938 sec
  => RETIRED
#1174 (5, 5): 67125CE=A4B0K3=GDO9M=JINH
  -> Time over
  -> in 301.234375 sec
  => RETIRED
#1176 (5, 5): 24E9=1=83F6B=JNCHGOK=I0MA
  -> Time over
  -> in 302.406250 sec
  => RETIRED
#1179 (4, 6): 5234A==8N9=C1D=GHK0J=EMI
  -> Time over
  -> in 301.289062 sec
  => RETIRED
#1193 (5, 5): 61234B=8=5M=AIDNEO=FLH0GK
  -> Time over
  -> in 302.000000 sec
  => RETIRED
#1194 (6, 4): 321=B5KFACL097M68IDJEGNH
  -> Time over
  -> in 302.578125 sec
  => RETIRED
#1196 (5, 6): =5307B6F92CDPA4RMOE=GQS8THJLIN
  -> Time over
  -> in 302.203125 sec
  => RETIRED
#1218 (4, 6): 51E=267BJAK09F83IDMCHNLG
  -> Time over
  -> in 301.734375 sec
  => RETIRED
#1220 (4, 6): 214863=CD=GB90JIEH5KLFNM
  -> Time over
  -> in 302.804688 sec
  => RETIRED
#1229 (6, 5): 243BC67AGFHI89E5TR01D=NSJPLQKO
  -> Time over
  -> in 302.585938 sec
  => RETIRED
#1234 (4, 6): 728F946CA1EBD35GIH=K=MN0
  -> Found in depth 60 at count 1317387204
  -> in 140.429688 sec
  => ANSWER: UUUUULLDDDDLUUURRRDDDDLLUURUUULLDRDDLURDRURUULLDRULDLDDDRDRR
#1235 (5, 5): =9A5D2673FB=L84IM0NJGHEOK
  -> Time over
  -> in 301.343750 sec
  => RETIRED
#1238 (5, 5): CH===20EAF78=9OG6INMLB1KJ
  -> Found in depth 64 at count -1319736284
  -> in 120.023438 sec
  => ANSWER: DDDRULDLURULDRRRRDLULDRURUULDDRUULLLULDDRUULDDDRUULDDDRRRUUURDDD
#1239 (6, 6): 18245679A3=CDE==0I=K=MHUYWRZXOSVPQNT
  -> Time over
  -> in 301.820312 sec
  => RETIRED
#1245 (6, 6): 27=9C=1FMUIH=8EO4ZLK5R=YPABW=SJGVQX0
  -> Time over
  -> in 302.726562 sec
  => RETIRED
#1246 (6, 6): F13A962E854BDW7==CPQR=NIKJSZ0OXVL=UT
  -> Time over
  -> in 301.171875 sec
  => RETIRED
#1254 (6, 6): 182C3B7EA6FOJD9NIHKLY5M4PX0RGUVWSQTZ
  -> Time over
  -> in 301.976562 sec
  => RETIRED
#1260 (6, 6): D124B5837=6CV=9FLYPJUKGHW=O0INXRMTSZ
  -> Time over
  -> in 301.648438 sec
  => RETIRED
#1276 (3, 5): 0231=96CBEAD784
  -> Found in depth 56 at count 110064635
  -> in 145.765625 sec
  => ANSWER: RRDDLDLDRRULDLURULDDRRUUUULLDDDDRRUUUULLDDDRRULLUURRDDDD
#1283 (5, 4): 620H5B37FE8JI4D1CG9A
  -> Time over
  -> in 302.054688 sec
  => RETIRED
#1286 (5, 5): C68342BD=50I7FKAEG=OM1LHN
  -> Found in depth 66 at count -598744868
  -> in 145.070312 sec
  => ANSWER: RDDRUULDLUURDLUURDDDRULDLUUURDDDDRRRUULLDDRRUULLLLDRDLURRUUURRDDDD
#1292 (5, 6): 639AJ7218PBG=5IHRCT4L0FMO=SKNE
  -> Time over
  -> in 301.453125 sec
  => RETIRED
#1293 (6, 4): 7D1=I628GBHAEKC3NMJL50F9
  -> Time over
  -> in 302.343750 sec
  => RETIRED
#1294 (5, 5): 2705CDG1A9OIFE36L8B4MH=KJ
  -> Found in depth 72 at count -2095152657
  -> in 138.664062 sec
  => ANSWER: RRDDLLLLURRDDRURDLUURDLLLLURDLDRRUURULDRRULDDDLUULULDDRDDLUURRURRDDDLURD
#1312 (6, 4): JE7D2=K=I=9=1F0B3MLHG54N
  -> Found in depth 82 at count 1599229051
  -> in 142.703125 sec
  => ANSWER: UURRDDDLULLLDRRULLUURRDDDLLUUURRDDLDLUUURRRRDDRDLULDRRULDLLULLUURRRRDDLLUURRDDLDRR
#1320 (6, 5): D23GAB84FCI617QRE5J9M0HNKPTOLS
  -> Time over
  -> in 302.750000 sec
  => RETIRED
#1331 (5, 5): =23457CE68GBD9=0==ONLMKJA
  -> Time over
  -> in 302.578125 sec
  => RETIRED
#1333 (6, 6): =7235=E8=04CDHNTFOJ==AIBP=RSGZVWX=UM
  -> Time over
  -> in 301.187500 sec
  => RETIRED
#1358 (5, 6): 4D5M8712=AB=EIFL30H=GQ=JTR6=PO
  -> Time over
  -> in 301.054688 sec
  => RETIRED
#1363 (5, 6): D162=GB=3F7C94A0==E=LSNRJQMOTP
  -> Time over
  -> in 301.093750 sec
  => RETIRED
#1366 (6, 5): 79058=41GE2B=KA3HC=FR=OI=LQNTS
  -> Time over
  -> in 302.742188 sec
  => RETIRED
#1372 (6, 6): 12E845D9MBH6JF3GICL07WAOKRXYNSVPQTZU
  -> Time over
  -> in 302.460938 sec
  => RETIRED
#1381 (3, 6): 123B=6F=9H0CGDA74E
  -> Found in depth 61 at count 54645458
  -> in 238.546875 sec
  => ANSWER: LUUURRDDDDLULUUURRDDDDLDLURDRUULLDRRUUUULLDDDDRURUUULLDDDRDDR
#1382 (5, 5): F23057146D=EA98HGINKLMJCO
  -> Time over
  -> in 303.453125 sec
  => RETIRED
#1399 (5, 5): 6H=A4G892510LMECBKIF7JDNO
  -> Time over
  -> in 301.203125 sec
  => RETIRED
#1400 (6, 5): D8F=C6239SHB1EG0AT7RK5INJPMQLO
  -> Time over
  -> in 301.812500 sec
  => RETIRED
#1408 (6, 5): 1FE36C2S895H7IA4NBMQPRGO0KLJDT
  -> Time over
  -> in 301.320312 sec
  => RETIRED
#1409 (6, 5): 71GHA=D25LB=E8934=J=FOTSP0MRNQ
  -> Time over
  -> in 301.601562 sec
  => RETIRED
#1413 (6, 4): ===564D7=ABGK0FE=CJLM8NI
  -> Time over
  -> in 302.187500 sec
  => RETIRED
#1417 (5, 5): 985J341FKAB7IE2G0H6DLNCMO
  -> Time over
  -> in 302.148438 sec
  => RETIRED
#1419 (5, 5): 21C956OH4870N=AD3LKJBIMGF
  -> Time over
  -> in 302.304688 sec
  => RETIRED
#1421 (5, 6): 7D2J435F9A618B0CHEKIG=R=PLQNST
  -> Time over
  -> in 301.984375 sec
  => RETIRED
#1426 (5, 5): AH63520849=1OK=D7GECMINLJ
  -> Time over
  -> in 302.031250 sec
  => RETIRED
#1428 (5, 5): H453679GD810BFEL2JCAMNIOK
  -> Time over
  -> in 301.085938 sec
  => RETIRED
#1432 (5, 5): 215KAJB83FGD076LHC49MENIO
  -> Time over
  -> in 302.007812 sec
  => RETIRED
#1437 (6, 6): D7365BE=1=4CFJLM=O2R9XSNK0QY=GPVWZUI
  -> Time over
  -> in 302.429688 sec
  => RETIRED
#1460 (6, 6): 712B46JEKCIHF03A5OM89LDYRPNGSTQVWUXZ
  -> Time over
  -> in 302.289062 sec
  => RETIRED
#1465 (5, 5): D519EA27F03C8KJ6==O4BGLMN
  -> Found in depth 69 at count 580401589
  -> in 167.921875 sec
  => ANSWER: DDLUULULLDDRURRULLLDRRULLDRDRURRDLUURDLULLDDLDDRRRRULUUURDLLLLDDDRRRR
#1476 (5, 6): 6135A2P7KJIC4TSD=8FMB0E=L==G9N
  -> Time over
  -> in 301.023438 sec
  => RETIRED
#1481 (6, 4): J0=B8=219FE=MAD74GLK5HNI
  -> Time over
  -> in 301.359375 sec
  => RETIRED
#1488 (6, 6): E24CHB17A56F0DINGO9PRM3UJQXYT8KVWSZL
  -> Time over
  -> in 301.078125 sec
  => RETIRED
#1489 (6, 5): =73LB58D246CJEAGOHPMKN0IQRFST9
  -> Time over
  -> in 301.765625 sec
  => RETIRED
#1519 (5, 5): 92=5AGE4JK67DIOCBLFMH01N8
  -> Time over
  -> in 302.789062 sec
  => RETIRED
#1534 (6, 4): 81359=D27BCAE0===4=KLMNI
  -> Time over
  -> in 301.445312 sec
  => RETIRED
#1536 (5, 6): 3475812PI96BADKCNRFEL0OGJQHMST
  -> Found in depth 70 at count -777207792
  -> in 240.078125 sec
  => ANSWER: UURRDDLURRULLUULLDDDRRULLDRDDRUULDDRRURUUUULLLDRRDLURRDLDDLUUURRDDDLDR
#1538 (6, 6): 3485M=1D2F9GJLEUWA7TKYNBPVIRZCQXOSH0
  -> Time over
  -> in 301.242188 sec
  => RETIRED
#1546 (4, 5): 53179=28D==CJIF0=4EG
  -> Time over
  -> in 301.500000 sec
  => RETIRED
#1547 (5, 4): 129E=6BCA08FH37D4IJG
  -> Found in depth 60 at count -691194531
  -> in 170.406250 sec
  => ANSWER: LDLLURRDDRULLDLUURDDRRULULDLLDRRRUUULDLDLDRRULDRRUUULDLDDRRR
#1561 (6, 4): 20=6HAED145C87=B9IJKLMNG
  -> Found in depth 61 at count 1854127128
  -> in 293.562500 sec
  => ANSWER: DLDRDRRURUURDLULDDDLLUURRRDLDLLULURULDRDLURDDRRRRUUULDDDLURRD
#1567 (4, 6): 032841=CB9FG6AL5HMNDKEJI
  -> Time over
  -> in 302.093750 sec
  => RETIRED
#1573 (6, 6): 12786C9E453BDQATNIJLMGHZPKFYW0VRXSOU
  -> Time over
  -> in 301.460938 sec
  => RETIRED
#1574 (6, 6): =082==LA94B=3=GRHI7=XF=ODQMW=UJPYSVZ
  -> Time over
  -> in 302.343750 sec
  => RETIRED
#1580 (5, 5): 2183F6C904M7=JELGIO5BH=KA
  -> Found in depth 62 at count 1537759489
  -> in 302.507812 sec
  => ANSWER: LLDDLDRULUURULDRRULLDDRDLDRULURUURRRDDDDLUUURDLUURDDDLUURDLDRD
#1587 (6, 6): 712394DLGA=5PJEHOIW8KZ6USXVTCNR0QFYM
  -> Time over
  -> in 302.648438 sec
  => RETIRED
#1589 (6, 6): 18CBH52D9F06E7KIO43XLMRNAWGY=UVJQPSZ
  -> Time over
  -> in 302.500000 sec
  => RETIRED
#1590 (4, 5): E2==J651IH0CDB=89G7A
  -> Time over
  -> in 301.203125 sec
  => RETIRED
#1602 (5, 5): 184097A653=2IKEMCFJHGL=OD
  -> Time over
  -> in 301.226562 sec
  => RETIRED
#1606 (6, 4): JK75D=910A4BL=2MHGF8N3CI
  -> Time over
  -> in 301.257812 sec
  => RETIRED
#1614 (6, 6): AE356C92G4=OQ1KF8IP7==HS0JVNZTDYWRXU
  -> Time over
  -> in 302.554688 sec
  => RETIRED
#1616 (5, 6): 1249F6==A3BG=5NSCHI0LMJPK==OTE
  -> Found in depth 64 at count -2076752560
  -> in 208.085938 sec
  => ANSWER: ULUURDDLUULLLDDRDLDRURRUUURDDLDRDLURDDLURULDLLLUUUURRRDDDDDLURDR
#1618 (5, 5): 738C521H4F0BLEOMIKND69AGJ
  -> Found in depth 70 at count -949703045
  -> in 113.562500 sec
  => ANSWER: RRDDRUULDLURDDLULDRURULLDRRDRURULLUURDLULLDRULDDRRURDDLLURRDDRUUULDDDR
#1619 (6, 5): =3945B=82=C6EK=HGOPSQDJTR0LMNI
  -> Time over
  -> in 301.023438 sec
  => RETIRED
#1643 (6, 6): 0J19357H4BC6LAS2EIKDR8MTQVPGOUNFWXYZ
  -> Time over
  -> in 302.117188 sec
  => RETIRED
#1645 (5, 4): C30AF1ID487BHE5269JG
  -> Found in depth 59 at count -568087215
  -> in 133.031250 sec
  => ANSWER: DRRDLDRULURULDLLLDDRURDRRUUULDDLUULDLDDRRUULLURDLDDRUURRDDR
#1647 (4, 6): 78425E3B9A6C1D=JHMNKLI0G
  -> Time over
  -> in 302.265625 sec
  => RETIRED
#1653 (6, 6): 913C564KAGB082EFHI7PLSMODWXRNUJVQTYZ
  -> Time over
  -> in 301.578125 sec
  => RETIRED
#1665 (6, 6): 12=56C789L=I==GAHOKRSF=UJX04=Z=YWMPQ
  -> Time over
  -> in 301.421875 sec
  => RETIRED
#1667 (6, 4): 8E02543KAN=671FGMCDJ=IH9
  -> Time over
  -> in 302.242188 sec
  => RETIRED
#1670 (6, 5): 7839MI21LGA4PDR5CBKF0N6TQEJ=OH
  -> Time over
  -> in 302.562500 sec
  => RETIRED
#1674 (6, 6): =CFB06D235IA8E9=H47=MSOUJPLN=Z=WRXQY
  -> Time over
  -> in 302.515625 sec
  => RETIRED
#1682 (6, 4): 17M65C8EKA4IDF3B0H29JGLN
  -> Time over
  -> in 301.531250 sec
  => RETIRED
#1685 (5, 5): ==45A=3G=D=FJ0EKCHMO7LNI8
  -> Time over
  -> in 301.296875 sec
  => RETIRED
#1694 (5, 5): =2309=L=45G7=A=NMJEBCHIKO
  -> Found in depth 65 at count -1993393812
  -> in 157.320312 sec
  => ANSWER: DDDLLLURUURRRDLDDDLURRDLULLULDDRRRRULLDRUUUULLDDLDRRDLLURULDRDRRR
#1695 (5, 6): 839==2=BC=16HEFGOI=KQLMNRTD0PS
  -> Time over
  -> in 302.593750 sec
  => RETIRED
#1705 (6, 5): =39=CI7T86ESG02FOH=DKLAM=QRNB5
  -> Time over
  -> in 302.453125 sec
  => RETIRED
#1707 (5, 6): 762C413A85=G=E=NH9JOISRM0LQTPK
  -> Time over
  -> in 301.625000 sec
  => RETIRED
#1710 (4, 6): 12349==85K=GHIADEM=F=NC0
  -> Time over
  -> in 302.226562 sec
  => RETIRED
#1722 (6, 6): 80246C37A5GID1=MN9=EKRBHPQXLOYVWSUTZ
  -> Found in depth 67 at count -749428283
  -> in 285.414062 sec
  => ANSWER: DLURRRDLLDDRRRDRULURDLLDDRULDLUURURULDRDRDLURUUULLLLDLURRDRRDDDLDRR
#1741 (4, 6): 587239401D=C6EJFHINKLAMG
  -> Time over
  -> in 301.242188 sec
  => RETIRED
#1742 (6, 4): B8635G70A29IDKEMH4N1JFLC
  -> Time over
  -> in 301.585938 sec
  => RETIRED
#1746 (4, 6): 17L3524CJMB9F0DNEG6AKHI8
  -> Time over
  -> in 301.468750 sec
  => RETIRED
#1753 (6, 4): 4E93==82ACNBJ1D7HLKFMG0I
  -> Time over
  -> in 301.601562 sec
  => RETIRED
#1759 (6, 4): 912G5673FABND=0LC4JKH8MI
  -> Found in depth 54 at count -604272769
  -> in 157.468750 sec
  => ANSWER: RDLUUULDRULLDRRRRRDLURULDLDLURULLDLURDRDRDRULULURRRDDD
#1760 (6, 6): 32745H189=CI=S=OK6VMEJBGW0LPTUXRQ=NZ
  -> Time over
  -> in 302.328125 sec
  => RETIRED
#1766 (6, 6): =3D===80GFC92E7AMH=K=Z=BPQRTSIVW=UOY
  -> Time over
  -> in 301.304688 sec
  => RETIRED
#1775 (5, 5): 713A5HG=49B6ODC2KIJE=N0FM
  -> Time over
  -> in 301.242188 sec
  => RETIRED
#1777 (5, 6): 725EA81D9F6=3SJQB=T4LG0MRNPHKO
  -> Time over
  -> in 301.445312 sec
  => RETIRED
#1780 (6, 6): 71A09=D=4G3BPF52=CWJ===IKQRSZU=EX=TO
  -> Time over
  -> in 302.703125 sec
  => RETIRED
#1782 (4, 6): 137=D25=H9==L6GAINEKJ0MF
  -> Found in depth 58 at count 968291382
  -> in 149.171875 sec
  => ANSWER: ULUUURDLURRULLDDRULURDDDRRDLDLLURRRDLLUURDLLUUURDDRDRULDDR
#1800 (6, 4): 38K=BC2096AI7L5==N=1FDEM
  -> Time over
  -> in 302.796875 sec
  => RETIRED
#1801 (4, 6): 34FG2==81=B9L5HCND0KIMEJ
  -> Time over
  -> in 301.687500 sec
  => RETIRED
#1804 (4, 5): 241HB9AC8G03567IDEFJ
  -> Time over
  -> in 302.593750 sec
  => RETIRED
#1805 (4, 6): 635=7A10=J=2LIC8DKMGNHEF
  -> Found in depth 66 at count 1779054970
  -> in 130.625000 sec
  => ANSWER: DDLLLDDRUUUUULDRURDRDDDLDLULDRUUUULURRDLLURRDLDDRDRDLLURRDLLUURDDR
#1807 (4, 6): 61G5370C4BJ82AFH9DKILNEM
  -> Time over
  -> in 302.421875 sec
  => RETIRED
#1819 (5, 6): 1248=6=9AFI3R=KLOM=P0DNGSHCBTQ
  -> Time over
  -> in 302.085938 sec
  => RETIRED
#1828 (6, 5): =B9265384CMG7EHPA=DKF0LTRJQ=ON
  -> Time over
  -> in 301.335938 sec
  => RETIRED
#1830 (5, 6): 76254CH=39R1G=AS0DFPQM=KOLBTJI
  -> Time over
  -> in 302.859375 sec
  => RETIRED
#1834 (5, 4): C875431AFE2ID9JHBG60
  -> Found in depth 58 at count -765073258
  -> in 161.648438 sec
  => ANSWER: UULDLLUULDDRUULDDDRRURDLURRULURDLLDLLDRUURURRDLULLLDRRDDRR
#1842 (6, 4): E8615NJ094HB27=GCLDKI3AM
  -> Time over
  -> in 301.914062 sec
  => RETIRED
#1845 (6, 6): 19==65287ABCDE==IHJ=RL=OQWMSU0=PX=TZ
  -> Time over
  -> in 302.812500 sec
  => RETIRED
#1847 (6, 5): D7031AE=92S6KL=BC4=OMGTN==RI5H
  -> Time over
  -> in 301.226562 sec
  => RETIRED
#1858 (4, 6): =893H0I7245=6ED=AFKM=JNB
  -> Time over
  -> in 301.937500 sec
  => RETIRED
#1865 (6, 5): ==L3H=7E5AF=98J4BI0KDOGMQNPSRT
  -> Time over
  -> in 302.242188 sec
  => RETIRED
#1866 (5, 6): =4A98263J5MHDFKS0QEPRCBNIG7LOT
  -> Time over
  -> in 302.609375 sec
  => RETIRED
#1871 (6, 5): =46CBIE9HP5MA720NG8=3RTLDJQFOS
  -> Time over
  -> in 302.234375 sec
  => RETIRED
#1872 (5, 4): =B3A240DE76=9F5GHI8J
  -> Time over
  -> in 301.539062 sec
  => RETIRED
#1874 (6, 4): =784539IHA20D==MNCJKLBG6
  -> Time over
  -> in 301.203125 sec
  => RETIRED
#1881 (5, 5): 1D5A963K08CHJEF24IGMN7BLO
  -> Time over
  -> in 301.734375 sec
  => RETIRED
#1895 (6, 4): =7A25689L4=ND=3G0CJKF=HI
  -> Time over
  -> in 301.617188 sec
  => RETIRED
#1910 (6, 4): JK17==E=2FGCD049IN3B=MHA
  -> Time over
  -> in 302.515625 sec
  => RETIRED
#1932 (6, 6): 27356B1904ACDJ8G=NPEF=SIWXKQOTVYZRLU
  -> Found in depth 69 at count -1819232289
  -> in 171.445312 sec
  => ANSWER: LULDDRRDDRDRULDLLULUUURDDRDRRURUUULLDLLDDRDRRRULDDLLLUUUURRRRDDDLURDD
#1934 (6, 6): =823BUP7=4CHJ==6INLRGO5ZV0KA=YWDSQMX
  -> Time over
  -> in 301.656250 sec
  => RETIRED
#1936 (6, 5): 438C5I12=GLA7=Q6OMD=PRHBJ0SFNT
  -> Time over
  -> in 302.015625 sec
  => RETIRED
#1947 (5, 4): 32F4901=DJCH65E7B=GA
  -> Time over
  -> in 301.617188 sec
  => RETIRED
#1954 (5, 4): C23==61A98IH=EB07GJF
  -> Found in depth 60 at count -1503406819
  -> in 129.632812 sec
  => ANSWER: RRRUULULDDLDRRRURULDDLLUULURRDRDRULDDLLULURRULLDRDLUURRDRRDD
#1956 (6, 6): =394562GD=BC78EL==P=MX==FQZRYUJ0WVTS
  -> Time over
  -> in 301.437500 sec
  => RETIRED
#1967 (6, 4): A45C3=92HMNB8D10FG=KE7LI
  -> Time over
  -> in 302.296875 sec
  => RETIRED
#1976 (5, 5): ==45E==3=MJGNDI0LKO8CBHFA
  -> Time over
  -> in 301.578125 sec
  => RETIRED
#1983 (6, 3): 014BAG7==265DEFHC3
  -> Time over
  -> in 302.265625 sec
  => RETIRED
#1984 (6, 6): 75CEA634=0BI12DPHOJ8FGTUKWSQXZRVLYMN
  -> Time over
  -> in 301.937500 sec
  => RETIRED
#2013 (5, 5): 4F9J513=A67HBENCLO0K2GDMI
  -> Time over
  -> in 302.414062 sec
  => RETIRED
#2014 (5, 5): 82904C6G15IB=3JLHKFAE7OMN
  -> Found in depth 71 at count -1527892050
  -> in 211.437500 sec
  => ANSWER: LLDRRDRDLLLDLUUURDDRDLULUURRRURDDLDRULDLDRRULLLLUUURDLURRDLDDDRRRUULDDR
#2021 (4, 6): 12345==89A=F=E0CMKNGLJIH
  -> Time over
  -> in 301.890625 sec
  => RETIRED
#2022 (6, 5): 23FO6571A894D0GMTCQEJLNIKRP=HB
  -> Time over
  -> in 301.828125 sec
  => RETIRED
#2026 (6, 4): 7495BGEA260L1JKMN38DFICH
  -> Time over
  -> in 302.093750 sec
  => RETIRED
#2029 (6, 4): ==B40=753AIMEDL=CN=9F8KH
  -> Time over
  -> in 301.937500 sec
  => RETIRED
#2035 (5, 4): B9HA5C382EGI07D6J1F4
  -> Found in depth 61 at count -2051779021
  -> in 123.921875 sec
  => ANSWER: URULLDRDDLULURRDRRDLURULDDLLUURURDLULLDRRDLUULDDDRUULDRURDRRD
#2036 (6, 4): 27053B1E4DAH8KN=LCJ9FI6M
  -> Time over
  -> in 301.398438 sec
  => RETIRED
#2040 (6, 6): 12=C4078=AGBDKEFI6JV==N5PWYSOZXQRTHU
  -> Found in depth 67 at count 1090951325
  -> in 201.296875 sec
  => ANSWER: LLDRRDLUURDDDDLDRUULURULDDDRDLULLLULDRDLUURDRDLUUURRUURDDDRDDLLURDR
#2060 (6, 5): =E45B6=298ACQJ3TO=DK=0GH=RSFNM
  -> Time over
  -> in 301.648438 sec
  => RETIRED
#2061 (5, 5): 279==1683AH===FBNKMOIL0GJ
  -> Time over
  -> in 301.375000 sec
  => RETIRED
#2080 (6, 4): =8FG4BK0D95CM23AHI7LJEN6
  -> Time over
  -> in 301.289062 sec
  => RETIRED
#2085 (4, 6): 1284BC6395F0=EKAI7NLMHJG
  -> Time over
  -> in 302.320312 sec
  => RETIRED
#2086 (5, 5): =C7D=GJ32O68EAH90=KNLBM4F
  -> Time over
  -> in 301.968750 sec
  => RETIRED
#2093 (6, 6): D71B3=E=2954JGN0HCPSXRI=QLMFAVWKYUTZ
  -> Time over
  -> in 301.601562 sec
  => RETIRED
#2099 (5, 5): 671B5D29KFG0J43HL8IENACOM
  -> Time over
  -> in 301.250000 sec
  => RETIRED
#2115 (6, 4): K38A65714G2CMDENFB9JL0IH
  -> Found in depth 62 at count -2012760871
  -> in 126.859375 sec
  => ANSWER: UURULLDRULLDRRDLLDLUUURDLDRRDLLURRDLUURDRRRULURDDDLLLLURRURDRD
#2118 (6, 6): 12=6CIX8=A54JD=B=OP07WNUEQKG=ZSRLVMY
  -> Time over
  -> in 302.164062 sec
  => RETIRED
#2122 (5, 5): 8HJ34BEN0526FD9O1CKA7LGIM
  -> Time over
  -> in 302.335938 sec
  => RETIRED
#2129 (6, 5): =82435GF=T=6QDEO=CL07ASIJP=KMN
  -> Time over
  -> in 301.875000 sec
  => RETIRED
#2143 (4, 5): 7D8492510EB=3AFG=JI6
  -> Time over
  -> in 301.140625 sec
  => RETIRED
#2151 (6, 5): 12A4SH7805C6D=9=RNJQ3LBTKPFOMI
  -> Found in depth 68 at count -1425700439
  -> in 160.054688 sec
  => ANSWER: URDRURDDDLUULLDDDLLUUURRDDLDRURRDLURURDDLUUURDLUULLDLLDDDRRRRUUURDDD
#2154 (6, 6): 392EG=1FAS4HDXL85TK7R=OBPJNCZUQWV=I0
  -> Time over
  -> in 302.765625 sec
  => RETIRED
#2161 (4, 6): 134ABE6827H=059=DJFKLMNI
  -> Found in depth 55 at count -1524474857
  -> in 116.156250 sec
  => ANSWER: RRUULDRULURRDLULDLDRRULLDDRRDLUURURULLDLDDDRDRRULDLURRD
#2163 (5, 5): 372==169FKB=OAEGID8LMJHN0
  -> Found in depth 58 at count 864002957
  -> in 192.203125 sec
  => ANSWER: LLURRUULDLDRURDLDLLURRURULLULLDDDRRDRRULLDLLUUURRULDRDDDRR
#2165 (6, 6): 1234C59J8=M6QPDEB=R=7HG=LF0=TUXVWYZN
  -> Time over
  -> in 302.406250 sec
  => RETIRED
#2166 (4, 6): 3A8154GJ2076=9FCKILBEHMN
  -> Found in depth 67 at count -2083943823
  -> in 254.492188 sec
  => ANSWER: RRULLDDRRUUULDRULLLDRRULDLDRRULLURDDRDRDDLULLDRRULLDRRRULURULDLDDRR
#2170 (5, 5): 2L=A51B649MOHE8G7I=0NCDKF
  -> Time over
  -> in 302.109375 sec
  => RETIRED
#2174 (5, 5): A67D931I8EB=54F20ONHMGLJK
  -> Time over
  -> in 302.718750 sec
  => RETIRED
#2176 (6, 4): F2091=A8K53=7EDIBHMLJ4GN
  -> Time over
  -> in 302.750000 sec
  => RETIRED
#2179 (5, 6): I605A8=2=FG31=KLDB4SHM=CP=RTOJ
  -> Time over
  -> in 301.859375 sec
  => RETIRED
#2189 (4, 6): =234B5=GH6K9LDEAM=0CN8JF
  -> Time over
  -> in 302.921875 sec
  => RETIRED
#2202 (5, 6): 238591L74ATDG0ICR6FPHOEMJSQNBK
  -> Time over
  -> in 302.328125 sec
  => RETIRED
#2206 (5, 4): 2HC3471=AD5IE0JBG6F9
  -> Found in depth 64 at count -1849485910
  -> in 210.750000 sec
  => ANSWER: LLLURURRDDRDLLULUULDDDRRRULLDRULDLURULDDRRRRUULDRDLLURRULURDLDRD
#2215 (6, 6): 2F=90A18HI54D7ECL6J=G=N=PRB=ZUQXVWTY
  -> Time over
  -> in 301.273438 sec
  => RETIRED
#2220 (5, 5): H78K=219FCBG4I6LN3OEJMAD0
  -> Time over
  -> in 302.617188 sec
  => RETIRED
#2227 (4, 5): 023IA1=E659F=BGJ=84C
  -> Time over
  -> in 302.398438 sec
  => RETIRED
#2229 (5, 6): 13G4=62A8EHOI90C7D=FLQNKSRBMTP
  -> Time over
  -> in 301.218750 sec
  => RETIRED
#2234 (4, 6): 9C6415H3GB82EA7JFM0NLDKI
  -> Time over
  -> in 301.906250 sec
  => RETIRED
#2235 (6, 6): 1D23FY78G4=9ALE650J=ZMICPQ=U=SVW=OHN
  -> Time over
  -> in 301.164062 sec
  => RETIRED
#2239 (4, 6): 0912F==3K5C4EA8BHD=GILMN
  -> Time over
  -> in 301.632812 sec
  => RETIRED
#2251 (4, 6): A05326=41JC8DFB=HLE9MIKN
  -> Found in depth 61 at count 548189409
  -> in 173.656250 sec
  => ANSWER: LDRURRDDLLULDDDRDRURDLLLUURRDDRULDLUURULUULDRDDDRULLURRDLDDRR
#2256 (5, 5): 12D97B43086EAM=GHJIN=O5CK
  -> Time over
  -> in 301.351562 sec
  => RETIRED
#2270 (6, 6): 12356BJL49HC8DFAOIPSGMN0V7QTUYWEKXRZ
  -> Time over
  -> in 301.125000 sec
  => RETIRED
#2282 (6, 4): 72E16LDK3CBI8JAF5GM904HN
  -> Time over
  -> in 301.656250 sec
  => RETIRED
#2283 (5, 6): 61324B=D=5M80AFLGI=ECSHOK=TRNP
  -> Time over
  -> in 301.015625 sec
  => RETIRED
#2284 (6, 5): 13954B078GC6EDFM2IJQRAHNPKLSTO
  -> Time over
  -> in 302.742188 sec
  => RETIRED
#2285 (6, 4): 40B2M=A97LIH31=EGK=D85CN
  -> Time over
  -> in 301.718750 sec
  => RETIRED
#2292 (6, 5): 4950CN3=A6EB21FK=IDQJRTOP7LGMS
  -> Found in depth 74 at count 704808148
  -> in 179.703125 sec
  => ANSWER: DRRDDLLDLULDRUURURRULLLLLDDRDDRRRURUULLLULLDDRRRDDRRUUUULLLLLDDDRURDDRRURD
#2308 (6, 4): 2GBKA51=93047=LF=6DJNIMC
  -> Time over
  -> in 301.640625 sec
  => RETIRED
#2328 (6, 5): 29F34OK7P=CHG=0I6N8QJ=5B1LDRST
  -> Time over
  -> in 301.093750 sec
  => RETIRED
#2336 (5, 6): =C205=B7F4R3D8HLKI9AGNJSMOQTPE
  -> Time over
  -> in 301.164062 sec
  => RETIRED
#2339 (6, 5): =GE23A=D98=5QK=6I4JRSL=C=M0HTO
  -> Time over
  -> in 302.945312 sec
  => RETIRED
#2342 (4, 6): =573DL2496=8JCF0AGNKMEIH
  -> Time over
  -> in 302.890625 sec
  => RETIRED
#2346 (6, 4): 9K8E6BF30ND5214GMCAH7JLI
  -> Found in depth 75 at count -1861637183
  -> in 137.554688 sec
  => ANSWER: LURDLLDRDRRRULURRULDDLLURULLLDDDRRULURRDLLLDRRULUURRDDLULULDDRRDRRUULDRURDD
#2347 (6, 4): D7129=4=3F5HK0E=BC=LA=IN
  -> Time over
  -> in 301.281250 sec
  => RETIRED
#2358 (6, 4): D23B56EK1=4H8790FCJLMNGI
  -> Found in depth 57 at count 342539636
  -> in 243.906250 sec
  => ANSWER: RRUULLLDDRRRUULDDLLLUURRRRDDLDLLLULUURDDRULDLURRDRRUURDDD
#2362 (6, 6): 398===27E=CNK1=LGI0JRMHOD=ZXSTPVWUYB
  -> Time over
  -> in 302.671875 sec
  => RETIRED
#2366 (6, 4): 83B9IAJK1HC427D=6NFLE=05
  -> Time over
  -> in 302.062500 sec
  => RETIRED
#2367 (6, 5): D8=N56Q1=BCIJKFALG27P4HO0RESMT
  -> Time over
  -> in 301.296875 sec
  => RETIRED
#2377 (6, 6): 36085CEA14=H792DFG=====IPQ==TOVWXYZU
  -> Time over
  -> in 302.257812 sec
  => RETIRED
#2380 (4, 6): 30615724HB9=E8GDAFJN==IK
  -> Time over
  -> in 301.804688 sec
  => RETIRED
#2390 (6, 4): 71946NE=2=BMD03FC5KJHGLI
  -> Time over
  -> in 302.187500 sec
  => RETIRED
#2406 (5, 6): 16===D9E7=2HBFK=8C=P0MIOSRTQNL
  -> Time over
  -> in 302.312500 sec
  => RETIRED
#2415 (6, 6): ====IA7890GCJ==BM5DYH6P=WKRNLTQV=ZSU
  -> Time over
  -> in 301.070312 sec
  => RETIRED
#2425 (5, 5): BG23=6718AM=D4OL0=JENKH9F
  -> Time over
  -> in 302.375000 sec
  => RETIRED
#2426 (6, 6): ==3964D78G5BLK=AHIPQV=COSWY0NZJXETRU
  -> Time over
  -> in 304.085938 sec
  => RETIRED
#2445 (6, 4): =5J3CBD04=6I82K9=N7GEFLM
  -> Time over
  -> in 301.062500 sec
  => RETIRED
#2456 (4, 6): 5A==1927C60B==8FIHJGMLNK
  -> Found in depth 56 at count 1707379489
  -> in 114.562500 sec
  => ANSWER: LULURDRDLLUURDDRRULLLDRRURDLDRULLURRDDDLLDLURRRDLLLURDRR
#2460 (6, 4): 824A06F3J9HCDG7KL5EB1NMI
  -> Time over
  -> in 301.554688 sec
  => RETIRED
#2463 (5, 5): 3687J014F92GBAKCIDENLMO5H
  -> Time over
  -> in 301.476562 sec
  => RETIRED
#2465 (6, 5): D90A6H7FPBC423KM5I1ESR=O8QJLGT
  -> Time over
  -> in 301.867188 sec
  => RETIRED
#2471 (6, 4): D2K93A1840CI7FG5H6ELJMBN
  -> Time over
  -> in 302.320312 sec
  => RETIRED
#2495 (5, 5): 706==83C1J=2=A9HLNKFEMGIO
  -> Time over
  -> in 302.406250 sec
  => RETIRED
#2502 (5, 5): 26=4EB1=C5LHDIAM7K0F9G=JO
  -> Found in depth 62 at count -232488207
  -> in 188.015625 sec
  => ANSWER: LURUURDDDLLLDLUURDDLUURRDLURRUURDLDDLLLUURULDRDRRDRUUULDDRDLDR
#2514 (6, 4): =F4GH523ECI8K0DJ9NB7M6LA
  -> Time over
  -> in 302.632812 sec
  => RETIRED
#2525 (6, 6): 12F93O78TEG4=KLA6BPJSU05QXICMHRWVNYZ
  -> Found in depth 81 at count -1491045454
  -> in 273.023438 sec
  => ANSWER: LDLUUURRDLLUURRDRULDDLDDRUULURDRDDLUURULDDLDDRULLLDLURDRULLDRULURURUURRDDDRULDDDR
#2530 (4, 6): 642715BDAF39HEGC0N8KJLMI
  -> Time over
  -> in 302.617188 sec
  => RETIRED
#2554 (5, 5): H278916D5430CJABMIOKGNLFE
  -> Time over
  -> in 301.546875 sec
  => RETIRED
#2570 (6, 6): 8925CI346BOH1==TAZPRDGU07VQLNYWKJXSM
  -> Time over
  -> in 302.375000 sec
  => RETIRED
#2572 (5, 5): 132A47DI96CBK5ENFHJ8LGOM0
  -> Time over
  -> in 301.523438 sec
  => RETIRED
#2582 (4, 6): E1345=27AFK8CM0IBJHND9LG
  -> Time over
  -> in 302.000000 sec
  => RETIRED
#2585 (6, 4): 135ABI72948NMLD=H6JKEFC0
  -> Time over
  -> in 302.367188 sec
  => RETIRED
#2591 (6, 5): 372D4618H=C0JEI95TP=LNBOQRF=GM
  -> Time over
  -> in 301.484375 sec
  => RETIRED
#2592 (6, 5): ==345=980=BCJQF==ILD7TMORKEPSN
  -> Time over
  -> in 301.148438 sec
  => RETIRED
#2596 (4, 6): 324CBF15G8I7A9K6MHN0DLJE
  -> Time over
  -> in 301.835938 sec
  => RETIRED
#2631 (6, 6): 123A9=7=4BCHJ=5=IM0FXRL=DPQ=NUVWK=TZ
  -> Time over
  -> in 301.007812 sec
  => RETIRED
#2633 (6, 4): JD17308EAB96KL=C4I25GMNH
  -> Time over
  -> in 301.218750 sec
  => RETIRED
#2634 (5, 5): 6B2EI1H=59C7=34=MJ0K=NOAF
  -> Time over
  -> in 301.968750 sec
  => RETIRED
#2638 (6, 6): 7E2456H1A3=CJ89GOTDFISUZ=RKLXY=QW0NM
  -> Time over
  -> in 301.437500 sec
  => RETIRED
#2661 (6, 6): 7KF56C3DG4=I1J2AH98LV=0OPQ=UTNWEXSZY
  -> Time over
  -> in 301.554688 sec
  => RETIRED
#2663 (6, 5): 3S98AI14C6N2=F7GH5PE=TOBKJQ0RM
  -> Time over
  -> in 302.437500 sec
  => RETIRED
#2664 (5, 5): C1=5A6708JMB=F9IGHOKL24NE
  -> Time over
  -> in 302.906250 sec
  => RETIRED
#2666 (6, 4): =J2364I8=NHC0AK5BL7DGEMF
  -> Time over
  -> in 302.546875 sec
  => RETIRED
#2674 (5, 5): 1475836D9ALH2=FCGKMOIBNJ0
  -> Time over
  -> in 302.882812 sec
  => RETIRED
#2678 (6, 5): 1L38A6ED2K5CF97NBIQH04TO=JGRMS
  -> Time over
  -> in 301.085938 sec
  => RETIRED
#2680 (6, 5): 2M=45BDGC6IO8JA7=NK10PFTQRE9LS
  -> Time over
  -> in 301.929688 sec
  => RETIRED
#2688 (5, 4): 0H2731B8=4G===56IJFA
  -> Time over
  -> in 302.859375 sec
  => RETIRED
#2690 (6, 5): 7126NB384=H5=LSRMCEQKJGTPO90FI
  -> Time over
  -> in 302.039062 sec
  => RETIRED
#2718 (6, 5): 2D4A657891INK3GCBOFE==STJPQRH0
  -> Time over
  -> in 302.023438 sec
  => RETIRED
#2721 (6, 5): G283C6F1=4BSPANO5RED==TIJH70KQ
  -> Time over
  -> in 302.406250 sec
  => RETIRED
#2722 (6, 4): 546CGB3=A1MI2L9ENHK0JDF7
  -> Time over
  -> in 302.390625 sec
  => RETIRED
#2725 (5, 6): 7B253LH=E96C=4F1M=AJ0GN=K==STP
  -> Time over
  -> in 302.320312 sec
  => RETIRED
#2728 (6, 4): D123CBJLM0F58KEA674G9INH
  -> Time over
  -> in 302.031250 sec
  => RETIRED
#2742 (5, 6): B2E9K8316A7HP45G0DJFCI=OSLMQRT
  -> Time over
  -> in 301.468750 sec
  => RETIRED
#2744 (4, 6): =37496285K=JMACGN=EL0DFH
  -> Time over
  -> in 301.820312 sec
  => RETIRED
#2754 (5, 4): G23451C8=76IHFEDBJA0
  -> Found in depth 56 at count 18096866
  -> in 280.773438 sec
  => ANSWER: UUULLLLDRDDRURRDLLURDLLUUURDDRRDLLULULDRDLURDRULURURRDDD
#2762 (5, 6): 1C435879DFHAI0ERBJQ=62MNPGL=OT
  -> Time over
  -> in 302.234375 sec
  => RETIRED
#2765 (6, 6): E405I=2LA3BC9P8NFO7J1KGZQD=UMHWV=SYT
  -> Time over
  -> in 302.734375 sec
  => RETIRED
#2790 (4, 6): 13A=2=CEDF78M95B0L=GIHNK
  -> Time over
  -> in 301.000000 sec
  => RETIRED
#2805 (5, 5): 1354986AEF=2I7OLDCM0GHKJN
  -> Time over
  -> in 301.742188 sec
  => RETIRED
#2816 (5, 5): 93405276AF1JB8EDHIKOGNMLC
  -> Time over
  -> in 301.773438 sec
  => RETIRED
#2822 (6, 4): 91A8B60MG543DJE72HKLNCFI
  -> Time over
  -> in 301.156250 sec
  => RETIRED
#2845 (6, 6): 71=60C2895BAD==4=OKLVGNUQWMXZIJPRYTS
  -> Time over
  -> in 301.257812 sec
  => RETIRED
#2862 (4, 6): 2403B7J16N8C5D9GMLAEIHFK
  -> Time over
  -> in 301.468750 sec
  => RETIRED
#2864 (6, 5): 72946IQFDAC51E8GKBLMRH3NJPST0O
  -> Time over
  -> in 302.250000 sec
  => RETIRED
#2872 (6, 5): D2=64B18=AC57KEL=M=FGSTI==N0OR
  -> Time over
  -> in 302.031250 sec
  => RETIRED
#2881 (5, 5): 2B=9E7L=A06G1FCMH==DNOK54
  -> Time over
  -> in 302.117188 sec
  => RETIRED
#2899 (4, 6): A0835217=M4==EB=L6IJKHFN
  -> Found in depth 63 at count 521666237
  -> in 141.867188 sec
  => ANSWER: LDRURDDDLDDLURDRRULULUUURRDLLLURRRDLDDDLDRULUURUULDDDRDRDLLURRD
#2901 (5, 5): B234017==N6=KF5G=IDELMJOA
  -> Time over
  -> in 301.187500 sec
  => RETIRED
#2906 (5, 6): 61345B2=AFDCOJE7=PT90GSMI=LRKN
  -> Time over
  -> in 302.273438 sec
  => RETIRED
#2920 (6, 4): 3A9FGH8E451CDK260IJ7=MBN
  -> Time over
  -> in 302.828125 sec
  => RETIRED
#2950 (4, 6): 8CGF41=E05=A92DIHM=6=3NK
  -> Time over
  -> in 301.484375 sec
  => RETIRED
#2966 (5, 5): C1204L6578DGJIAN3MF9HBKEO
  -> Time over
  -> in 302.296875 sec
  => RETIRED
#2968 (5, 6): 3GB==182AKC6=T907=EFHLPSJ=ROMN
  -> Time over
  -> in 302.820312 sec
  => RETIRED
#2977 (4, 6): H0249D8CA63157KGBINJEFLM
  -> Time over
  -> in 302.781250 sec
  => RETIRED
#2982 (5, 6): 61HEF03245B8AD9RLI7OCQ=KPMG=JT
  -> Time over
  -> in 302.132812 sec
  => RETIRED
#2984 (4, 6): 361475C8H2=GFJDN9E0K=AMI
  -> Time over
  -> in 301.210938 sec
  => RETIRED
#2986 (5, 5): 1385O2G4FA67=EJBCHMNLKI09
  -> Time over
  -> in 302.171875 sec
  => RETIRED
#2992 (6, 6): =F9K342DCG657JBM==R8ANZ==LQ=YT=EXW0U
  -> Time over
  -> in 301.492188 sec
  => RETIRED
#2996 (5, 5): C1239G=A48BJ=5=60KEHOLMNI
  -> Time over
  -> in 302.578125 sec
  => RETIRED
#3018 (6, 5): K1=45=2GEAS=80LF7HJDBMTI===ON9
  -> Time over
  -> in 302.359375 sec
  => RETIRED
#3023 (4, 5): 367=1B2=E=5C9H=GIDJ0
  -> Time over
  -> in 302.171875 sec
  => RETIRED
#3024 (5, 4): B0645817=FG2I3DAHECJ
  -> Time over
  -> in 301.421875 sec
  => RETIRED
#3029 (4, 6): ME62471A9F=5=GH3L0K8IJNC
  -> Time over
  -> in 301.304688 sec
  => RETIRED
#3031 (6, 6): FK270=1895A4DMG3=BJXQEOCWRU=TIPVLZYN
  -> Time over
  -> in 301.554688 sec
  => RETIRED
#3035 (4, 6): 69D8ME1B40HCL2A7N==3KGF5
  -> Found in depth 85 at count 1373000131
  -> in 227.367188 sec
  => ANSWER: LURRULDDRDLLURRULDRDRDDLLLUURRRDDLLLUUUUURRDDDRDDLLLUUURDRRUUULDDLUURDDLDLURULDRRRDDD
#3037 (5, 5): 237EF9HJAK08=O51BC4NG6LMI
  -> Found in depth 74 at count -825511851
  -> in 260.625000 sec
  => ANSWER: RUURRDRDLUURDLLLLDDRDRRRUULDDRUULUULDLLDRDLURDRRUUURDDLURULDLLULDDRDLDRRRR
#3041 (6, 4): D3G74NJ10986LKIE=M2FCB5A
  -> Time over
  -> in 301.703125 sec
  => RETIRED
#3049 (5, 5): 1963=L28F4=A7KJCGIEDHMNO0
  -> Time over
  -> in 301.796875 sec
  => RETIRED
#3060 (5, 5): 1B25367=94G=IDJHE0OKLM=FA
  -> Found in depth 61 at count 168102205
  -> in 254.445312 sec
  => ANSWER: LLUUURDLDDRRURUULLDLURRRRDLDRDDLUURDDLUULDLLUURURRRDDDLLURDDR
#3101 (6, 4): 3E7B4=1DI8AHJ9=0M5K2LNCG
  -> Time over
  -> in 301.304688 sec
  => RETIRED
#3105 (5, 4): =5G280B674D=J=AHI9F3
  -> Time over
  -> in 301.906250 sec
  => RETIRED
#3106 (4, 6): 927=1=8BD53AN==CL0KGMHJI
  -> Time over
  -> in 301.250000 sec
  => RETIRED
#3108 (6, 4): 7LD843E0=2=5KMA1=6=GFINC
  -> Found in depth 74 at count 2075015303
  -> in 121.890625 sec
  => ANSWER: URRDDLDRRRUUULLDDDLULUURRRRDDDLLULDLULURURRRRDDDLLUUURRDDDLLLLULUURRRDDDRR
#3120 (5, 5): 12683DMC=4IB7=0NGAK5JHLFO
  -> Found in depth 68 at count -479171837
  -> in 134.796875 sec
  => ANSWER: DDLULDLLUURDRDRRULDLLLURUULURRRRDDDLDLLLURUUULDRRDLURURRDDDLDLLURDRR
#3122 (6, 6): 0G9HB61245NCDAKMFI3VLREU8JWSOTPQ7XYZ
  -> Time over
  -> in 302.656250 sec
  => RETIRED
#3129 (4, 6): 48KG3C216=7N9D5B=0=F=EIM
  -> Time over
  -> in 302.835938 sec
  => RETIRED
#3133 (6, 5): 2834561E==BC7DRQ=I=GMK=O=L0FST
  -> Time over
  -> in 301.007812 sec
  => RETIRED
#3135 (5, 5): HB1E97D25AI6834GC0JKLNOMF
  -> Time over
  -> in 301.242188 sec
  => RETIRED
#3141 (6, 6): =84A56D732CIQEFHOZPJSLBNVW9T0URKGXMY
  -> Found in depth 70 at count 79130010
  -> in 137.289062 sec
  => ANSWER: DRUUULDDLULDDLLUUURDLURRURULDDDDDLUULUURURDDDDRURRDLURUULDLLLDRDDRRURD
#3145 (4, 6): 104C53789J2BLK==ED6NAMIH
  -> Time over
  -> in 301.968750 sec
  => RETIRED
#3155 (4, 6): 3841BA2756M=90F=LKEHJDIN
  -> Time over
  -> in 302.125000 sec
  => RETIRED
#3161 (5, 5): 21C5A3I4096HGDEL7NBF8MKJO
  -> Found in depth 62 at count -1067591897
  -> in 126.554688 sec
  => ANSWER: RULLDLLURDLDRRDDLLUURDRUURULLDDDDRULURDRUULDDLURRDLLLURRRRDLDR
#3163 (6, 4): 492F6A1=G3C57=LMHBDJ0KNI
  -> Found in depth 57 at count -1289967277
  -> in 152.617188 sec
  => ANSWER: RUUULLLDDDRRUURDRURULDRDLLLUULLDDDRRUUURDLDDLLUUURRRDRRDD
#3164 (6, 5): J72B54P39KA61FNRMCDLSHTOE80QIG
  -> Time over
  -> in 302.023438 sec
  => RETIRED
#3169 (5, 5): =5F90=48A327B=KLGMIOHC=DJ
  -> Time over
  -> in 302.218750 sec
  => RETIRED
#3185 (4, 6): 25846D13=EKCB70NF=MGAHLJ
  -> Time over
  -> in 302.554688 sec
  => RETIRED
#3196 (5, 5): 123DEG7I89B6405L=COANMKFJ
  -> Time over
  -> in 301.382812 sec
  => RETIRED
#3198 (6, 5): 814A562E97IB=KF=3CQP0JOHRLNSMT
  -> Found in depth 66 at count -1283046184
  -> in 190.992188 sec
  => ANSWER: RRUURDLDRUULDDLDLLLURRDLLURUUULDRRRULLDRULLDRRRRULDLURRDRDDLDLURDR
#3211 (4, 5): 0AF9E71263C5=G4B=8JI
  -> Time over
  -> in 302.679688 sec
  => RETIRED
#3227 (6, 5): 01F4CHQ3J56GDE79IAL2KMSOP8NRBT
  -> Time over
  -> in 302.390625 sec
  => RETIRED
#3243 (6, 4): 9D46CG1F2BAI3M75=N=E0KL8
  -> Time over
  -> in 301.000000 sec
  => RETIRED
#3254 (4, 6): 8341D6095B7=A2JFH=GELMNK
  -> Time over
  -> in 302.718750 sec
  => RETIRED
#3255 (6, 4): E3456C2D1==0KJNF9H87==GI
  -> Time over
  -> in 301.812500 sec
  => RETIRED
#3262 (4, 5): 5BE70=21G834D9CJHIFA
  -> Time over
  -> in 302.351562 sec
  => RETIRED
#3267 (5, 5): 12D9AG=8K5CB3OJ6H=EF=0MN4
  -> Time over
  -> in 301.414062 sec
  => RETIRED
#3278 (5, 5): GC63AM=142DB5=9H0=K8LJNFO
  -> Time over
  -> in 301.210938 sec
  => RETIRED
#3308 (4, 6): 305246=19AC8==B=IMFKJNLH
  -> Time over
  -> in 301.921875 sec
  => RETIRED
#3312 (6, 6): 243BA51=9CHI7===6ODVWK=0XPMJTUSQLYRZ
  -> Time over
  -> in 302.515625 sec
  => RETIRED
#3314 (5, 6): 423A=1798FQ6D=IBCMRJGNT=HSL0PK
  -> Time over
  -> in 302.406250 sec
  => RETIRED
#3318 (6, 6): 123===7=HBCSD=AGNIJ=PFZ=QWM9YT=RLX0U
  -> Time over
  -> in 301.875000 sec
  => RETIRED
#3322 (6, 5): 87236AKD=BHC01T=45PJELNOQRFISM
  -> Time over
  -> in 302.140625 sec
  => RETIRED
#3323 (6, 6): 329F6C74H5MB1RA0L=8PVWU=DGTKSYJQ=EZN
  -> Time over
  -> in 302.367188 sec
  => RETIRED
#3325 (5, 5): 6A152B=43KGHDMELCF89NIJ0O
  -> Found in depth 65 at count -332532471
  -> in 155.859375 sec
  => ANSWER: LURRUULULLLDDRRUURRDLLDDDLLUUUURRRRDLLDRDLULDRDLULUUURRRDDDRULDDR
#3327 (6, 4): ===498D7CMABEJ=N=50LKGI6
  -> Found in depth 75 at count 1441958221
  -> in 289.976562 sec
  => ANSWER: RRRUURURDDDLLUUURDLLLLDRDRRRRUULLURRDDDLLLLLUURRRURRDDDLLLLULURRRURRDLLDDRR
#3346 (5, 5): C02746G135HBJOKNEDF9ML8AI
  -> Time over
  -> in 302.742188 sec
  => RETIRED
#3352 (6, 4): =EL97FJAG0468N25HBD3K=CI
  -> Time over
  -> in 301.976562 sec
  => RETIRED
#3370 (6, 6): 971===2E3=BC=FIHMSJ8=Y0GWPKROT=QUXZN
  -> Time over
  -> in 301.781250 sec
  => RETIRED
#3385 (5, 6): 239F01==A56BC=4==D=KMIQSORLNPT
  -> Time over
  -> in 301.429688 sec
  => RETIRED
#3386 (6, 6): 9D7E6C8J23M5K0=B4=1P=HNOV=SG=UWXYARZ
  -> Time over
  -> in 301.265625 sec
  => RETIRED
#3387 (5, 5): 3284=1=G0=MLHDEKJN9F6CIBO
  -> Time over
  -> in 301.195312 sec
  => RETIRED
#3398 (6, 5): 71=0I58D96OBKJ=A4TE2GH=CPQLRMS
  -> Time over
  -> in 301.031250 sec
  => RETIRED
#3403 (6, 6): E1295680AB4CD3===IP7VK=OXJQLYZWRUMST
  -> Time over
  -> in 301.851562 sec
  => RETIRED
#3418 (6, 4): ==94BM8A3L0J7=FNI5DHKGC6
  -> Time over
  -> in 302.710938 sec
  => RETIRED
#3421 (5, 5): 6143972AGD=H5K=M0=OENCLJ8
  -> Time over
  -> in 302.320312 sec
  => RETIRED
#3426 (6, 4): E8=B5672GL1CD9AF=4==MN0I
  -> Time over
  -> in 302.609375 sec
  => RETIRED
#3427 (6, 6): 14F3NB72AE65D8MG9HJKWIT0QVRYSCLPZXUO
  -> Time over
  -> in 302.687500 sec
  => RETIRED
#3435 (6, 4): M07AC32J89G4EDHI651KLFNB
  -> Found in depth 67 at count 587003382
  -> in 113.976562 sec
  => ANSWER: LDRURRDRURDDLLLLULDDRUULDRRDLLURUULDRRURRRDDLLDLURULURRRDDDLURULDDR
#3436 (6, 4): ==894==J0=5IDG3FBCKELHNM
  -> Found in depth 57 at count 1318518446
  -> in 142.585938 sec
  => ANSWER: URRDDRDLLLULDLURURURRDDDLULDLUURDRRRULULLDLDLDRRRRULLDRRR
#3439 (5, 5): =BD34O08=5LG2KAN6HIJCME7F
  -> Found in depth 68 at count -1238296654
  -> in 268.640625 sec
  => ANSWER: URDDLDLUURURDLDRDDRULLULURURRRDDDLLDLLURRULDDRRUULULDDRDRUURDDLUURDD
#3443 (4, 6): =6E357249H=8ACFGJM0KNLDI
  -> Time over
  -> in 302.398438 sec
  => RETIRED
#3444 (4, 6): 5B670143N=D8EI9F=G2M=JCK
  -> Time over
  -> in 302.617188 sec
  => RETIRED
#3445 (4, 6): 619325=4AFK8CBI=DE0LHMJN
  -> Found in depth 60 at count -127961240
  -> in 167.304688 sec
  => ANSWER: RDLUUULLDRULDDRDRULLDRRUUULLUURRRDDLLUULDDRULURDLDRDDDRRULDR
#3447 (5, 5): B074=N1M2A698CF=3=HD=JKOE
  -> Time over
  -> in 301.304688 sec
  => RETIRED
#3469 (5, 6): 617359C2AE=FJ8HNDRK40GLPSIMQOT
  -> Time over
  -> in 301.273438 sec
  => RETIRED
#3484 (4, 6): B36K204FEH5D17CG98=N=AIM
  -> Time over
  -> in 301.867188 sec
  => RETIRED
#3486 (6, 5): 8D34NB190=H672ELG5KFP=IOJQR=CT
  -> Found in depth 64 at count 1585522556
  -> in 233.250000 sec
  => ANSWER: DRRUULLDLDDRDLULDRRUUULURDDRRDDRULUURDDLULLLUULDDRUURRRRDLURDDDD
#3508 (4, 5): 213B5480F76=9DJEGAHI
  -> Time over
  -> in 301.437500 sec
  => RETIRED
#3509 (4, 6): F12=0=3CAEB8HD7=95JN=IKM
  -> Found in depth 61 at count 645603785
  -> in 125.132812 sec
  => ANSWER: URRDRDLDLLDRUULUURRDDLLDDRURULLDRRURULULLDDRRURDLLDDRDRULLDRR
#3515 (6, 6): 19BA5=E42M3=KG=LOH7JDNIU8P===Z=0QWXY
  -> Found in depth 76 at count 1075780978
  -> in 133.679688 sec
  => ANSWER: UULDRDRRRRUULURDLLUURULLDLDLDRRRUUURDLLLURRDDRUULDLURRDDLULLLDDRUULDDDRDRRRR
#3529 (6, 6): 89145I2E0F3C7DGBA6QRKMOUJWNTZSLVPHXY
  -> Time over
  -> in 301.046875 sec
  => RETIRED
#3537 (5, 5): C89O412F7DHLJ30GB=AE6MN5K
  -> Time over
  -> in 302.632812 sec
  => RETIRED
#3549 (4, 6): 6230D1=4EA=895=JH=CKLMNG
  -> Time over
  -> in 302.367188 sec
  => RETIRED
#3551 (5, 6): 615F824CA97BE0KG=T3RMQN=ISLPJD
  -> Time over
  -> in 302.523438 sec
  => RETIRED
#3552 (5, 5): 12E346CA5D7B08K9HFMIOGNLJ
  -> Time over
  -> in 301.343750 sec
  => RETIRED
#3580 (4, 6): 4CAH83=92156DBFIGJN0MELK
  -> Time over
  -> in 301.734375 sec
  => RETIRED
#3597 (5, 5): 1249AH83F0BC76OLGNJDIME5K
  -> Time over
  -> in 302.757812 sec
  => RETIRED
#3605 (5, 5): 1C3246980A7E=5=B=JIKGLONM
  -> Time over
  -> in 302.500000 sec
  => RETIRED
#3607 (6, 6): 872A049DF3=51ELGC6VJKHIMRWPUTOQXSNZY
  -> Time over
  -> in 301.117188 sec
  => RETIRED
#3618 (6, 5): 2A346H190MIG8=5SFO7KLC=T=DQBJR
  -> Found in depth 76 at count -355166928
  -> in 189.390625 sec
  => ANSWER: RDRULDLURDDDRRUULULDDLLDRRULDRRRUUUULDLDRRULLULLLDDDRRRULUURDLLLDDRRDRUURRDD
#3623 (5, 5): 2734=186FA==09OGIHDEMLNKJ
  -> Found in depth 54 at count -1996939703
  -> in 205.429688 sec
  => ANSWER: URDDRUULLDRUULLDRULLDRRURDRDLDRDLLLURDLLURRDLULDRRRURD
#3648 (6, 6): 371A4528=G=6=K=HCI=LN=O0WPEXUSVQZRYT
  -> Time over
  -> in 301.250000 sec
  => RETIRED
#3649 (6, 4): 293AH=1=740FLBIKGC=DE=5N
  -> Time over
  -> in 302.789062 sec
  => RETIRED
#3661 (6, 6): 253BCI1DH46AE78Z0OJPFUL9QKRTYSVWXMGN
  -> Time over
  -> in 302.531250 sec
  => RETIRED
#3671 (5, 5): 1IADJ29E376BK50CLHNFG48MO
  -> Found in depth 72 at count -1822135103
  -> in 286.500000 sec
  => ANSWER: UULDDLDDLUURDDRUURULLULDLDDRURRRDLUULURRDLULLDDRDRULURDDLUUURDLLDLDDRRRR
#3674 (6, 6): 73EBAC28DG691FRN5IWJQHY=ZK4XTUV0SLPM
  -> Time over
  -> in 301.820312 sec
  => RETIRED
#3688 (5, 6): B129=CD3847SI=ALH6OFGT0NJQRMPK
  -> Time over
  -> in 302.539062 sec
  => RETIRED
#3706 (6, 6): K210A57D=843JE==HBSV===6PTXZYCRWQUOI
  -> Time over
  -> in 301.601562 sec
  => RETIRED
#3710 (5, 5): 6704=3GBA82CDIFO1MNJ=H9EK
  -> Found in depth 64 at count 619439400
  -> in 114.273438 sec
  => ANSWER: LLDRRDLLURDDRDRURUULLLDRRRDLLLLUURULDRRULDRRDDDLULDRURDLUUURDDRD
#3717 (6, 6): =93450K72==6VPF8=NDJ=GMCXE===IWQYZUO
  -> Time over
  -> in 301.101562 sec
  => RETIRED
#3720 (4, 6): 9D7841263E==0KFGAH5I=JMN
  -> Time over
  -> in 301.101562 sec
  => RETIRED
#3721 (4, 6): 51279=40I==3KL=8JMDGHECN
  -> Time over
  -> in 302.414062 sec
  => RETIRED
#3729 (5, 4): CG5AEBJ6437I0DFH1298
  -> Found in depth 63 at count -1208216679
  -> in 123.664062 sec
  => ANSWER: LDRUULULDRDRURRULLLDDDRRRUUULDLURDDDLUULDLUURDRRDDLLLUURDRURDRD
#3733 (6, 5): ED=B4=KM2A5IP981OG7RC0HTQJFLSN
  -> Time over
  -> in 302.437500 sec
  => RETIRED
#3740 (6, 6): =9340CE28=N67D=BIU=QSOZ5VLPG=YWHKRMX
  -> Found in depth 82 at count -1058014758
  -> in 141.609375 sec
  => ANSWER: RDDDLURULULLLDLDRDDRDLLURRDRRRUUUULDLDLDRULDLUUURURRDDLDLDLURDRDRRUUULDRULLDDLDRRR
#3752 (6, 5): KL7546E=1CBIQ2J3AN9GSRMODFP0HT
  -> Found in depth 78 at count -1859055582
  -> in 242.945312 sec
  => ANSWER: ULLDRRULULDLUUURRRDDRUULLDDLDLUUURRDRRULDDLLLUURRDDLLDDRURULLDRRURDRDRUUULDDRD
#3776 (6, 6): 1294A57863BCDEMG=IJ=FU0TQLVNXOPRWSYZ
  -> Time over
  -> in 302.007812 sec
  => RETIRED
#3781 (4, 6): A256743891JCIFBGDNH0MEKL
  -> Found in depth 63 at count -773374613
  -> in 287.492188 sec
  => ANSWER: DLUUUULLURRDDRUULDRDDLDLDRURUULULDRDLDRULLUURULDRDLDDRDLURURDRD
#3783 (6, 6): 71==CI28=GO6=E5BHAQJFK0MWVRYNUXPSLTZ
  -> Time over
  -> in 301.820312 sec
  => RETIRED
#3793 (6, 6): 23B58670A94C1==G==D==MXTJQUVROYZWPNS
  -> Time over
  -> in 302.562500 sec
  => RETIRED
#3794 (6, 5): 127A6C8349B5=E===IJ0MPNORQKLST
  -> Found in depth 63 at count 1434507210
  -> in 260.835938 sec
  => ANSWER: DRURRRUULLLLLURRDRRRDDLLDLLLURUUURDRRRULDLULLLDRDDRDLULDRURRDRR
#3822 (5, 4): 20ADBC173JH58I46GE9F
  -> Time over
  -> in 301.953125 sec
  => RETIRED
#3825 (4, 6): 12785D3K9F4C0ABHEI=6MLNG
  -> Time over
  -> in 301.546875 sec
  => RETIRED
#3828 (6, 4): 827F36DL9EBA1N4G0CJKMHI5
  -> Found in depth 60 at count 26753272
  -> in 178.554688 sec
  => ANSWER: LLLUURDRDLLLUURRRRDRDDLLURDLLUUULDDRUULDLURRRDRURDDLURULDDRD
#3836 (6, 5): D2794=QJ18A5K=3OSGFL0THCPRMBNI
  -> Found in depth 74 at count -64266899
  -> in 282.093750 sec
  => ANSWER: LLUURURDDDLLUUURRDRRRDDLLDRUULUURDRDDDLUULDLLLUUURDRRRDLDDLLURURURDRDLLDRR
#3853 (5, 5): 61=E52NCDF=O4HK9MA0J8LGI7
  -> Time over
  -> in 302.664062 sec
  => RETIRED
#3861 (6, 5): 27AHB31ED96CKFI84NPJLQMOGSR0T5
  -> Time over
  -> in 301.125000 sec
  => RETIRED
#3862 (4, 6): 083514B2=A67DIGCKHJELMFN
  -> Time over
  -> in 302.085938 sec
  => RETIRED
#3869 (6, 4): 1263CI7=94AHJEMF0NDLBK5G
  -> Time over
  -> in 301.437500 sec
  => RETIRED
#3879 (6, 4): 0K=HB62F145CGDA7I9JEL8MN
  -> Time over
  -> in 302.781250 sec
  => RETIRED
#3884 (6, 6): 7139OAK864IBWM5UFSQD2GZCVEJL0HPYXRNT
  -> Time over
  -> in 301.484375 sec
  => RETIRED
#3899 (5, 5): G27==6E319CLAFID0KNOBHMJ8
  -> Time over
  -> in 302.140625 sec
  => RETIRED
#3902 (6, 6): 123CA5780946GKMNBIJDLOPSFEHW=UVQRXYZ
  -> Found in depth 71 at count -1445071531
  -> in 211.320312 sec
  => ANSWER: RURDLURRDLDLDLDLLURURDRRRULLLLLDRDRRURURDLULLLDDRRUULLDLDDRURDLLURDRRRR
#3908 (5, 6): =3845QB6=AM=7FES20JDNLG=KHIRTP
  -> Found in depth 68 at count -1504324290
  -> in 187.812500 sec
  => ANSWER: LLDRULUURRDDDLDRULURRRULDRDDLLLLUUUURRDRDLDLDLUUUURRULDLDDRDDLURDRRR
#3915 (6, 4): GD0C3A7L16258FJMNHK9E4IB
  -> Time over
  -> in 302.000000 sec
  => RETIRED
#3918 (4, 6): 123C5=B4F08ADLHJM9KN7IGE
  -> Time over
  -> in 302.007812 sec
  => RETIRED
#3928 (6, 5): J18245F7K3IBELHDGOPR9CMTQS0A6N
  -> Time over
  -> in 301.937500 sec
  => RETIRED
#3941 (6, 5): =23A45=LB9N08FEO6GDKIMHR=SJTCQ
  -> Time over
  -> in 302.750000 sec
  => RETIRED
#3943 (5, 5): 1B3D5H=4=AGM8EF260=KCILNO
  -> Time over
  -> in 301.734375 sec
  => RETIRED
#3950 (6, 4): 3N956HJ82GCMD14LAB7EFKI0
  -> Time over
  -> in 301.351562 sec
  => RETIRED
#3951 (4, 6): 8796EB345F1C0I2=DKNHLMJA
  -> Time over
  -> in 301.484375 sec
  => RETIRED
#3952 (4, 6): =0349C62D=87I=5FLH=BNMKG
  -> Time over
  -> in 301.703125 sec
  => RETIRED
#3958 (5, 5): 8154K6B9D23AGF0HLC7NJEIOM
  -> Time over
  -> in 302.179688 sec
  => RETIRED
#3980 (5, 6): 627A5GC043DB1NEMSF89LIOPJQRHTK
  -> Time over
  -> in 301.601562 sec
  => RETIRED
#3981 (4, 6): 4AFB327561ECD9K8IJMH0LGN
  -> Found in depth 67 at count 943913895
  -> in 210.023438 sec
  => ANSWER: RURURDLDLULUURRDRUULDRULULLDDDRRDLUURUURDDDLUUULLDDRRURULLDLDDDRRDR
#4030 (6, 4): =40A6IE235=CDK9=NH=7F8LM
  -> Time over
  -> in 302.593750 sec
  => RETIRED
#4036 (6, 4): 3049IBA8JH6C1DGLM527KEFN
  -> Found in depth 65 at count 561892255
  -> in 160.195312 sec
  => ANSWER: DRURDRULDLDLULDRDLURDRRRUUURDDLUULDLLULDRDRDRUURRULDLLULDLDRRDRRR
#4049 (6, 4): 71L305D=9CN2EJAM6HKFGBI4
  -> Time over
  -> in 302.515625 sec
  => RETIRED
#4054 (6, 5): 82=41H79GLBIMPAF05EJSC6RDKQTON
  -> Time over
  -> in 301.000000 sec
  => RETIRED
#4059 (6, 5): 19N=C582FHB63=L0IM7PGASRDKJQOT
  -> Time over
  -> in 302.554688 sec
  => RETIRED
#4065 (4, 6): 6045A1829C37DFIBLNJKEHMG
  -> Time over
  -> in 302.460938 sec
  => RETIRED
#4091 (6, 6): 2835N07D=46BF1L=HM=EQAROWVSI=UPXCKYZ
  -> Time over
  -> in 301.382812 sec
  => RETIRED
#4092 (6, 5): 83AG642J95IOE71FNTKPLQCHD0RMSB
  -> Time over
  -> in 301.804688 sec
  => RETIRED
#4107 (5, 6): A2BK9085E476I3D1GJCHQLFMTRSNOP
  -> Time over
  -> in 301.867188 sec
  => RETIRED
#4112 (6, 6): ==345CFL9==68=M=N07=RIHYDJQ=OTVPWXZU
  -> Time over
  -> in 303.398438 sec
  => RETIRED
#4119 (5, 5): =B345GC==0I6D=A27JKF=NOHM
  -> Time over
  -> in 301.585938 sec
  => RETIRED
#4120 (5, 5): =387=46AFEB2=JL0MHKNICOG9
  -> Time over
  -> in 301.156250 sec
  => RETIRED
#4135 (4, 6): F918CE2346AB507KDHIGLMNJ
  -> Time over
  -> in 301.234375 sec
  => RETIRED
#4154 (5, 5): 0175A63D894CBE=2INKHGMLOJ
  -> Found in depth 58 at count -1146504677
  -> in 144.070312 sec
  => ANSWER: RDDRUULLDDRDDRRURDLLURULLLDDRURUULLDRRULLURRDRRULLLDDRRDRD
#4155 (5, 5): 0C534672D9I1MF8GLENAHBOJK
  -> Found in depth 62 at count 88923251
  -> in 163.523438 sec
  => ANSWER: DRRRULLDDLDDRUURDRURUULDDLUULDRRRDDLDLULULDDRUULDRUULURRRDRDDD
#4161 (5, 5): A4023615I8CM9FEB7DNJLGOHK
  -> Found in depth 64 at count -1921788730
  -> in 159.320312 sec
  => ANSWER: LDRRRDLLLDRDRULUUURDLLDDDRUULLUURDLDDRDRRURUULLLURRRDLLURRDLDRDD
#4179 (6, 4): KEAC34J1MG0B72LF5I89D6HN
  -> Time over
  -> in 302.312500 sec
  => RETIRED
#4180 (5, 5): 64759A3I8021GFHBNM=D=COKE
  -> Time over
  -> in 302.195312 sec
  => RETIRED
#4199 (6, 5): ==83AL=HDO=4JFEC65KQ90=T=RMISG
  -> Time over
  -> in 301.273438 sec
  => RETIRED
#4208 (6, 5): 2463CB1GD05I7E98=TQKPOSMJAFLRN
  -> Found in depth 73 at count 1523619054
  -> in 201.953125 sec
  => ANSWER: DLUURDLLDRUULLDDRDRDLULDRURDRRULLDRRURUUULDLURDRULLLDRDDLLUURRDLDRRRDLURD
#4229 (4, 6): A92305=C1IFJ=64B=8EK=MGN
  -> Time over
  -> in 301.250000 sec
  => RETIRED
#4238 (5, 6): C7D==G6L891H0F23B=A=Q==EORSPTJ
  -> Time over
  -> in 302.812500 sec
  => RETIRED
#4240 (6, 6): E1934528FK=6NHWLMCDQ7AOIPV=SGTJX0ZYU
  -> Time over
  -> in 302.640625 sec
  => RETIRED
#4241 (5, 5): E1CA58274D06L9FGN3=KMIBHO
  -> Time over
  -> in 302.218750 sec
  => RETIRED
#4251 (5, 5): ==548679AOD=F3H0KLNEGBMJI
  -> Time over
  -> in 301.062500 sec
  => RETIRED
#4255 (5, 5): B275A164J9CEF3O8GDKNMH0LI
  -> Found in depth 64 at count -513632745
  -> in 252.570312 sec
  => ANSWER: UURDDRUULURULLDDDRULLULDDRRDRRUULUULLDDLUURRDRDLLLDRDLUUURRDDDRR
#4256 (5, 5): 2145AB67DOMG3C8LHFK9ENJI0
  -> Time over
  -> in 302.234375 sec
  => RETIRED
#4270 (6, 6): F9835B7EG6MI14AQOH02YNTSJDPCLRVWXKUZ
  -> Time over
  -> in 302.710938 sec
  => RETIRED
#4291 (6, 4): =9D456LF7==C032=NM8JKEIH
  -> Time over
  -> in 301.710938 sec
  => RETIRED
#4307 (5, 6): 286451GD=ALBE3FI7CT=H0ONM==JPS
  -> Time over
  -> in 302.289062 sec
  => RETIRED
#4314 (6, 6): 7J=N0=18=4HB2EA5MCQD=GIOKPYF=U==XRSZ
  -> Time over
  -> in 301.812500 sec
  => RETIRED
#4322 (4, 6): 623759A84IECLFNG1HJKDBM0
  -> Time over
  -> in 302.343750 sec
  => RETIRED
#4324 (4, 6): 358762CEI0B19G4NAKDFMHLJ
  -> Found in depth 69 at count 167176774
  -> in 190.226562 sec
  => ANSWER: LDDDRRRUULLURRDLDLLDRRRULDLUULUURULDRDRURDLUURDLLDLURDDRUUULLDDDRRDDR
#4341 (6, 6): 7134B52GFUM98LANI6E=OH0CDVPRQTJSWXYZ
  -> Time over
  -> in 301.664062 sec
  => RETIRED
#4344 (5, 5): ==9A3=G74DBCJ=F0MOH5=8INK
  -> Time over
  -> in 301.953125 sec
  => RETIRED
#4345 (6, 4): 3215HCE8046GJBAILNDK79FM
  -> Time over
  -> in 301.632812 sec
  => RETIRED
#4346 (4, 6): 371468AE259=0FGKBM=N=HID
  -> Time over
  -> in 301.218750 sec
  => RETIRED
#4347 (4, 6): 17629534AI=8H0=CED=GMNLK
  -> Time over
  -> in 302.539062 sec
  => RETIRED
#4348 (6, 4): K2B6H49178CAD35=I0FJELNM
  -> Found in depth 67 at count -1251136317
  -> in 270.328125 sec
  => ANSWER: LURULLLLDLURDRDLDLUURURDRRRULLLLDRRRDDRUULULDLDDLUUURDLDLDRURDRRURD
#4349 (6, 5): ==509=7GAL3=D=8IBOKPQM4NJFHRST
  -> Time over
  -> in 302.695312 sec
  => RETIRED
#4356 (5, 5): ===59M67DJL=4KN0BHO8IEGFA
  -> Time over
  -> in 302.554688 sec
  => RETIRED
#4362 (4, 6): 164832B75=NMLHDC0G=FK9EI
  -> Time over
  -> in 302.015625 sec
  => RETIRED
#4373 (6, 4): 1023BC7=95IHD=6=ML4FAKNJ
  -> Time over
  -> in 302.617188 sec
  => RETIRED
#4376 (6, 6): 71B34=D=E2AOQCJI5UK0F==Z=9GS=Y==LHXR
  -> Time over
  -> in 302.757812 sec
  => RETIRED
#4380 (6, 5): =A760C8E45=O3DRM9I=G2KLN=FQ=TH
  -> Time over
  -> in 302.796875 sec
  => RETIRED
#4384 (4, 6): 23481=CF0==75=MJL9GKNIDH
  -> Found in depth 74 at count 54638127
  -> in 254.562500 sec
  => ANSWER: UURRRDDDLDDLLUUUUURRDRULLLDDDDRRDRUULDRUUUULLLDDDDRRDLURURUUULLLDDDDRRURDD
#4399 (4, 5): 0J4725863AH=I9EF1DGB
  -> Found in depth 61 at count -362757963
  -> in 140.562500 sec
  => ANSWER: DDRDLDRRRULDLUUUURDLLDDRRUURULLDLDRDRRDLLURULURRULLLDDDDRRURD
#4401 (5, 5): G178390BJ4C2AD56H=KFLMNOE
  -> Found in depth 58 at count -2010495930
  -> in 150.468750 sec
  => ANSWER: LURRDDRULLDLDRURUULDRURRDDDLULLLURDDLUURRURRDLDRDDLURULDDR
#4410 (5, 5): =8BA567E04H92JFGC=DKML=3O
  -> Time over
  -> in 302.226562 sec
  => RETIRED
#4416 (6, 6): =234AH=8=B5GVJPIC60D=F==QKRMSUWE==TZ
  -> Time over
  -> in 302.710938 sec
  => RETIRED
#4417 (5, 6): 2653F4M8AE7B=K91OJSR0LCGTHQINP
  -> Time over
  -> in 301.000000 sec
  => RETIRED
#4420 (5, 5): 12345B===ALG==FMJ6NOC0HIK
  -> Found in depth 55 at count 1090589156
  -> in 268.710938 sec
  => ANSWER: RULLUUURRRRDDDLLLDRULDLURULDRDRRRUUUULLLLDDRDRRDRULLDRR
#4421 (5, 5): 7CF2=4BD016EI83MKHJOGL=A9
  -> Found in depth 70 at count -89988191
  -> in 158.234375 sec
  => ANSWER: RDLLDRRDLULLURURRDDDLULLLDRUUURULDLURRRDLLLDRRRULLURRDRDDLLULURRRDLDDR
#4426 (5, 5): 4235EJDC9A68MHO0L1KFGB7IN
  -> Time over
  -> in 302.101562 sec
  => RETIRED
#4432 (5, 5): =5FKA49M3872B=J6=ICDGN0LO
  -> Time over
  -> in 301.429688 sec
  => RETIRED
#4447 (6, 5): 8L9B4=1D3FAOJ7G2MCQ0E5IHRPSKNT
  -> Time over
  -> in 302.148438 sec
  => RETIRED
#4449 (6, 6): F145GC723B96=EATIHK8MRNUJPQLOZVW0SXY
  -> Time over
  -> in 301.101562 sec
  => RETIRED
#4454 (6, 4): 205BMID13LCAJ98E64KG7FHN
  -> Found in depth 65 at count 1890990805
  -> in 141.914062 sec
  => ANSWER: RRRDDRUULDLULDDDLLUURRDLURDRULULLDRDRDRURRUULLLDRDRUULDDRDLULDRRR
#4462 (6, 5): 28AFH6E3DG5B14C09IKQLSON7JPRMT
  -> Time over
  -> in 301.164062 sec
  => RETIRED
#4471 (6, 4): J729GB13AH50K8FMEIDL4NC6
  -> Found in depth 62 at count 485542818
  -> in 184.101562 sec
  => ANSWER: LDRDLUUURDDDLLULDRURULLLLURDRDRDLLLUUURRDLDDLURRRUULDRDRUURDDD
#4496 (4, 5): 19B=62D5H=83G0=7IEJC
  -> Found in depth 77 at count 1521010240
  -> in 278.156250 sec
  => ANSWER: LUUURDRULLDRULDDDDRRRUULULLDDDRULUUURDRRDDDLLLUUURRRDLURDDDLLLUUURURDRDLURDDD
#4499 (5, 6): 10839724SA6T5IEHCPOJBQDLKMGNFR
  -> Time over
  -> in 301.031250 sec
  => RETIRED
#4500 (5, 6): 1239AL=54F6GB=JH8PNDQ=SCIR0KOT
  -> Time over
  -> in 302.093750 sec
  => RETIRED
#4514 (6, 6): D12IG9J37A45PO8FN60RCZBHEVYWSLKXTQMU
  -> Time over
  -> in 301.617188 sec
  => RETIRED
#4516 (5, 5): 6C7D41E258B3L09NGIMFAOHJK
  -> Time over
  -> in 301.929688 sec
  => RETIRED
#4536 (6, 6): =A9BG=82L3457=KF=TJO0MNIP=D=CUVWXRYZ
  -> Time over
  -> in 301.390625 sec
  => RETIRED
#4538 (4, 6): 512=D=3C9=7BH0E=J8ILNMFK
  -> Time over
  -> in 301.984375 sec
  => RETIRED
#4549 (4, 6): 2057346C=1=8EA=GD==KHLMN
  -> Time over
  -> in 301.718750 sec
  => RETIRED
#4557 (6, 6): 1546CH32=ABN8FGMTIPD=RQ=7K0JWU=EXSYZ
  -> Time over
  -> in 302.414062 sec
  => RETIRED
#4560 (5, 5): 8GB5A279401=N3E6IO=D==KFH
  -> Time over
  -> in 302.734375 sec
  => RETIRED
#4563 (5, 6): 1B45FC6S983D7AKGI2JEHMRNOL0QTP
  -> Found in depth 67 at count 803616978
  -> in 272.773438 sec
  => ANSWER: UUULURULDRDRULDDRULDDDRUUURURULLDLDLDDDRRURUULDLLUUURDRRDDRUULDDDRD
#4564 (6, 4): 9N10567=42IHEK=A3BJDLGMC
  -> Time over
  -> in 302.179688 sec
  => RETIRED
#4573 (6, 6): 731C2958IAGB===6Y4J0NMZ=PKQUST=WLRXH
  -> Time over
  -> in 301.648438 sec
  => RETIRED
#4584 (5, 5): 3AM058=CB916FD4H2LKOGENJI
  -> Time over
  -> in 302.085938 sec
  => RETIRED
#4589 (6, 4): KDL12539G7AHJ8604NMEICFB
  -> Found in depth 75 at count 631695664
  -> in 132.437500 sec
  => ANSWER: ULURRDDDLLLLURULURRRRDLLLLURRDDRULDLURDDLULURDRRRDLLURRULDRRDLURULLURRDLDRD
#4591 (5, 6): 6704A3B25EICGK91DJ8PMHONTLQRSF
  -> Time over
  -> in 302.664062 sec
  => RETIRED
#4601 (6, 5): JE2460P75C3BK1F9A=H8MNOTLDRQGS
  -> Time over
  -> in 301.117188 sec
  => RETIRED
#4615 (5, 6): =6729D83BAGE045QH=F=SCNJOLMRTP
  -> Time over
  -> in 302.484375 sec
  => RETIRED
#4618 (5, 6): 27=A5184096ID=FC=S=KBLM=P=RNGT
  -> Time over
  -> in 301.062500 sec
  => RETIRED
#4622 (6, 6): ==89G6FJD5C470LB==P=E3AMRXW==N=YQZUO
  -> Time over
  -> in 302.250000 sec
  => RETIRED
#4624 (5, 5): D743=B829O1=K=06GMNFILAJH
  -> Time over
  -> in 301.945312 sec
  => RETIRED
#4627 (5, 6): D459E6CB183702AG===FMR=OKQLSTP
  -> Time over
  -> in 301.296875 sec
  => RETIRED
#4628 (5, 5): 789FA1635J2H=4EBOLM0CGNKI
  -> Found in depth 65 at count -443605760
  -> in 146.304688 sec
  => ANSWER: DLLULUURRDRUULDLURDRULLLDLDRDLDRRURDLURRUULLULLDRULDDDRULDDRRURRD
#4635 (5, 5): 86D5A214I7=E39JMGLHO0NCFK
  -> Time over
  -> in 301.820312 sec
  => RETIRED
#4653 (6, 6): LE12B4F730G6MK8CO5W9HAIUJVQ=ZTDPRXYN
  -> Time over
  -> in 302.640625 sec
  => RETIRED
#4655 (6, 4): =K092==GE=M3IJFBC8LDNH54
  -> Time over
  -> in 301.023438 sec
  => RETIRED
#4656 (6, 4): 2G1IAF9KJLBH3D056478MECN
  -> Time over
  -> in 301.984375 sec
  => RETIRED
#4658 (4, 6): 204A16539LGKIEB7DMFCHNJ8
  -> Time over
  -> in 302.718750 sec
  => RETIRED
#4666 (6, 6): =4BH===3=GNI8DEORCJ2AUZY0FWP=SVK=LQM
  -> Time over
  -> in 302.343750 sec
  => RETIRED
#4667 (6, 4): D2364H1EABIG87KF5CMJ0NL9
  -> Time over
  -> in 301.296875 sec
  => RETIRED
#4671 (6, 4): 715A4=D=LFBIKJE92CG03=NH
  -> Time over
  -> in 302.617188 sec
  => RETIRED
#4673 (6, 4): 94M0==K83CIL27=B=N1DEJAG
  -> Time over
  -> in 302.781250 sec
  => RETIRED
#4677 (5, 4): 2C93F0BG84I61DJH7E5A
  -> Found in depth 60 at count -1552135221
  -> in 269.750000 sec
  => ANSWER: RRULLDRDRUULDDDRULLUURDRDRDLLUURRDDRULDLLLUUURRRDRULDDRULDDR
#4682 (5, 4): 8F90G23H5D4=I=176BJA
  -> Time over
  -> in 301.750000 sec
  => RETIRED
#4688 (6, 6): 329F56D4GASC17LHBI8WMNOZEJYR0KVPXQUT
  -> Time over
  -> in 301.578125 sec
  => RETIRED
#4698 (5, 5): 37C5A82D941JB==MGIOKH6L0N
  -> Time over
  -> in 302.320312 sec
  => RETIRED
#4720 (6, 6): 12365I7=4BC0DE=9=N=PKAULXWV=MGQRYOTZ
  -> Time over
  -> in 301.500000 sec
  => RETIRED
#4722 (4, 6): 638295FBH174AKI0JDGCLNEM
  -> Time over
  -> in 302.632812 sec
  => RETIRED
#4734 (6, 6): =3D=COP279ABJ=8=6N0RQ=5IKVF=UZXLW=HT
  -> Time over
  -> in 301.257812 sec
  => RETIRED
#4741 (6, 5): 81GANB2735FOD4ER0TJPHL9CKQS6IM
  -> Time over
  -> in 302.312500 sec
  => RETIRED
#4758 (4, 6): 318590276D=FA4CEJNILMHKG
  -> Time over
  -> in 302.289062 sec
  => RETIRED
#4774 (6, 6): 87D3B6L290G51EARCFJ=4=HYPWSZITQV=OUN
  -> Time over
  -> in 302.625000 sec
  => RETIRED
#4776 (6, 4): 7210A=8D=43=J=LHNFKGIB5M
  -> Time over
  -> in 302.343750 sec
  => RETIRED
#4783 (4, 6): 612C08375=F49HNDLK=BMIGE
  -> Found in depth 69 at count 776800545
  -> in 210.718750 sec
  => ANSWER: DDDDRUULDRURRDDLLUULDDRUURRDDLLULUUUURRDLURRDDLUURDLDDRUULULDLDDRRRDD
#4784 (6, 6): 12A6B97E305CQK8D4MJSLGHIWRYF=NPVXZUO
  -> Found in depth 70 at count 352124215
  -> in 172.984375 sec
  => ANSWER: RULLDDDLULDRURRURDRUULDRDDLULURDLDDLURRRDDLLULLLDRUUURDLLURURRURDDDRDD
#4788 (4, 6): 4A516C32=87GFDBKHLEJMIN0
  -> Time over
  -> in 302.742188 sec
  => RETIRED
#4790 (6, 6): =74638EF9==C2KDGHI50====J=RSTUPVWXYZ
  -> Time over
  -> in 302.421875 sec
  => RETIRED
#4794 (5, 6): 713==Q6DB8RGI=92LC=AK=NPFSHO0T
  -> Found in depth 79 at count -1408019577
  -> in 129.570312 sec
  => ANSWER: LUULLUURRRRDDDLDLLLUUURDRUULDRDDDLLUURRDDRULDLLUUUUURDLDRDRDRDLURDRULLUUURRDDDD
#4800 (5, 5): 2C451I6798=3N=0=JDKA=MHFO
  -> Found in depth 68 at count 828208213
  -> in 280.406250 sec
  => ANSWER: UULLLDLURRDRRDDLDLULDRRRULLLDRUULUURDRRULLDDLDDRUULUURDLLURDRRURDDDD
#4807 (6, 5): 24P96C1=JBA5FQ0EGH3KDM=I7L=STO
  -> Time over
  -> in 302.351562 sec
  => RETIRED
#4812 (5, 5): =28456I3=OBH7FD=CM=0=ENAK
  -> Time over
  -> in 301.812500 sec
  => RETIRED
#4813 (6, 6): =2FI8==09OU=DSE354JM=R=AQPWHGB=XK=TZ
  -> Time over
  -> in 302.281250 sec
  => RETIRED
#4814 (5, 6): 023C41BA987R6SFONED5HLQJKMIGTP
  -> Time over
  -> in 301.742188 sec
  => RETIRED
#4829 (6, 4): 8E93451M2==IFLD=6C7K0JNH
  -> Found in depth 63 at count -987620408
  -> in 264.023438 sec
  => ANSWER: ULUURDDLLDRRRRRUUULLLLLDDDRRRRRULDLLUUURRRDDLDLLULLDRUUURRRRDDD
#4858 (6, 5): 123A65789BC4=EF=HTQJ=IO0PKRMSN
  -> Found in depth 57 at count 1098249673
  -> in 255.085938 sec
  => ANSWER: UULURDDLULLLDDLDRUUURRRRULDDDLDLLLURDRRRRULURULLURRDDDLDR
#4865 (5, 5): 21438I7NCA9H6MFG0EJKLB5DO
  -> Time over
  -> in 301.226562 sec
  => RETIRED
#4874 (5, 4): 12FJ5367A48B==0=CHI9
  -> Found in depth 63 at count -1303705683
  -> in 128.132812 sec
  => ANSWER: DLLLUURRRULDRDDLLLUURURDRULDLLLDRDRRRUULLLLDRDRRRUULULDLLDRDRRR
#4884 (6, 4): 9712C5683B4AJD=MHGK0ELIN
  -> Found in depth 62 at count -1695803479
  -> in 121.601562 sec
  => ANSWER: LURULURRRRDLLLLDDRRRRUUULDLLDDLUUURRRDRRULLDRRULDDRDLLURRDLURD
#4894 (6, 6): 3A75F=914HU=2G8EBNJ0R=YO=LK=ZI=DQWXT
  -> Time over
  -> in 301.937500 sec
  => RETIRED
#4895 (6, 6): =J9DG3E2XKC58MYS=4LAFI0BQ7PN6ZVWRTOU
  -> Time over
  -> in 301.085938 sec
  => RETIRED
#4896 (6, 4): D20A3618=4BC7EJ5FMKHNLIG
  -> Found in depth 62 at count -1584234856
  -> in 234.265625 sec
  => ANSWER: LDDRRRULULLLDDRUURRRDDLLLUURRDDDLLLURRRRULURDDRDLLLURRRDLLURDR
#4908 (6, 6): =9F=H0783ACIJ2D=5BEK=N6R=WOMTS=XQYZU
  -> Time over
  -> in 302.312500 sec
  => RETIRED
#4919 (5, 4): =3F2=48IA9D=6=07BGHJ
  -> Time over
  -> in 301.976562 sec
  => RETIRED
#4920 (4, 5): 62I1534C=AEB7DFG80JH
  -> Time over
  -> in 301.359375 sec
  => RETIRED
#4923 (6, 5): 1G4A958370BH2QRFN6DPE=OCJKL=IT
  -> Time over
  -> in 302.062500 sec
  => RETIRED
#4928 (5, 5): 132F86BD79G=EO0HKL54INAJM
  -> Time over
  -> in 301.187500 sec
  => RETIRED
#4930 (5, 5): 156A493IJE2087CGBMKDHLNOF
  -> Found in depth 63 at count -1805944754
  -> in 126.375000 sec
  => ANSWER: RUULDRULLDDRULURDLDRDRURULLLDDDRRRUURDDLLLULURRRRULURDLLLDRRRDD
#4935 (6, 5): D1345C87LK9AF2T=6=PJQNBOES0RHM
  -> Found in depth 67 at count -1102237058
  -> in 115.882812 sec
  => ANSWER: LLURDRUUULDDDRRULLULUURDRRRDDDLULUURURDRULLDRDDDRULDLULULLURDDRRRRD
#4937 (6, 3): 4E9F5C3=D16H2G07BA
  -> Found in depth 65 at count -1306886258
  -> in 138.414062 sec
  => ANSWER: LLUURRDRDLUULLDDRRURURDDRUULDDLLUULLDDRRRULULLDDRRURRULLLLDDRRRRR
#4939 (5, 5): =463KC0B89IH=2O7MJ5AGL=EF
  -> Time over
  -> in 302.484375 sec
  => RETIRED
#4940 (6, 5): F13HAC20=6IB7R8=45LDJP=OEQMKST
  -> Time over
  -> in 302.804688 sec
  => RETIRED
#4942 (5, 6): 123A46=58EIBDF0CH9=P=G=OK=MRTS
  -> Found in depth 59 at count -1266858634
  -> in 125.843750 sec
  => ANSWER: DDLDRUUULULDDLULDRDDRRURUUULURDLDLLLDRDDRRRULDLLUURUURDRDDD
#4953 (6, 4): 5A2BHI3JGFK61=L70C498DMN
  -> Time over
  -> in 301.453125 sec
  => RETIRED
#4955 (5, 6): ===45I8KSAD=EB=G97PJH=6ONL0QRT
  -> Time over
  -> in 301.406250 sec
  => RETIRED
Solved 148/696 (21.26%) in 193090.687500 sec
