#66 (6, 4): K7123=J===5BDFECH40M=NIG
  -> Time over
  -> in 301.921875 sec
  => RETIRED
#141 (6, 3): 239=56B=0AGC7D1EFH
  -> Time over
  -> in 301.804688 sec
  => RETIRED
#181 (6, 4): 1A=56H8294CB7=KMNLD0GJFI
  -> Time over
  -> in 302.312500 sec
  => RETIRED
#200 (4, 6): 2CB135=9E8A4=6KG0HFILMJN
  -> Time over
  -> in 302.500000 sec
  => RETIRED
#319 (6, 6): 40G9E31DJA56872F=BP===NZVWR=CUXQYTOI
  -> Time over
  -> in 301.929688 sec
  => RETIRED
#374 (4, 6): ID29K=015A87E3=4=GBN==JC
  -> Time over
  -> in 302.398438 sec
  => RETIRED
#381 (6, 6): 91LC8=234FIA7DKG5HEMWJ=BPQ0S=O=XZRYU
  -> Time over
  -> in 302.429688 sec
  => RETIRED
#405 (5, 4): BD6A3G=1F9H=E24IJ805
  -> Time over
  -> in 301.281250 sec
  => RETIRED
#562 (4, 6): =6E=M253HD=AN0789F=C=IKG
  -> Time over
  -> in 301.953125 sec
  => RETIRED
#655 (5, 4): B6391C==A2ID045JHFGE
  -> Found in depth 67 at count 2369773874
  -> in 101.992188 sec
  => ANSWER: DRUUULLLDDDRRURUURDDLLLLDRULUURRRRDDLDLLULUURRRDDLLLUURRRDRDDLLURRD
#959 (5, 5): 38G9J2=KF41E5LAC=MI06BDNO
  -> Found in depth 77 at count 2117735637
  -> in 96.117188 sec
  => ANSWER: LULUURDDLUURRDLURDDLDLURDDLUURULULLDDDDRRUULLDDRRUUUULLDDDDRRRUULDDRURULLDRDR
#1052 (6, 6): D8236BKE==5410PVGJ7W=F=CX=YHUIRSMTZO
  -> Time over
  -> in 302.046875 sec
  => RETIRED
#1075 (4, 6): B1532E=4=6G8HL=CIN0KDJMA
  -> Time over
  -> in 302.414062 sec
  => RETIRED
#1109 (6, 4): 249M==D=K3BE1A70GIFLJNCH
  -> Time over
  -> in 301.554688 sec
  => RETIRED
#1179 (4, 6): 5234A==8N9=C1D=GHK0J=EMI
  -> Time over
  -> in 301.914062 sec
  => RETIRED
#1220 (4, 6): 214863=CD=GB90JIEH5KLFNM
  -> Time over
  -> in 301.812500 sec
  => RETIRED
#1245 (6, 6): 27=9C=1FMUIH=8EO4ZLK5R=YPABW=SJGVQX0
  -> Time over
  -> in 301.210938 sec
  => RETIRED
#1260 (6, 6): D124B5837=6CV=9FLYPJUKGHW=O0INXRMTSZ
  -> Time over
  -> in 302.039062 sec
  => RETIRED
#1567 (4, 6): 032841=CB9FG6AL5HMNDKEJI
  -> Time over
  -> in 301.609375 sec
  => RETIRED
#1573 (6, 6): 12786C9E453BDQATNIJLMGHZPKFYW0VRXSOU
  -> Time over
  -> in 301.781250 sec
  => RETIRED
#1847 (6, 5): D7031AE=92S6KL=BC4=OMGTN==RI5H
  -> Time over
  -> in 301.648438 sec
  => RETIRED
#1872 (5, 4): =B3A240DE76=9F5GHI8J
  -> Time over
  -> in 301.671875 sec
  => RETIRED
#1910 (6, 4): JK17==E=2FGCD049IN3B=MHA
  -> Time over
  -> in 301.265625 sec
  => RETIRED
#1936 (6, 5): 438C5I12=GLA7=Q6OMD=PRHBJ0SFNT
  -> Time over
  -> in 302.078125 sec
  => RETIRED
#2060 (6, 5): =E45B6=298ACQJ3TO=DK=0GH=RSFNM
  -> Time over
  -> in 302.046875 sec
  => RETIRED
#2176 (6, 4): F2091=A8K53=7EDIBHMLJ4GN
  -> Time over
  -> in 301.960938 sec
  => RETIRED
#2179 (5, 6): I605A8=2=FG31=KLDB4SHM=CP=RTOJ
  -> Found in depth 83 at count 2674006380
  -> in 126.265625 sec
  => ANSWER: DDLDRRDRDLLLULURURDRRUUULLDDLLUURRRRDDDDLULLULUURRDDLLDRRRRDDLURUUUULLDDLDRULDDDRRR
#2283 (5, 6): 61324B=D=5M80AFLGI=ECSHOK=TRNP
  -> Time over
  -> in 302.484375 sec
  => RETIRED
#2339 (6, 5): =GE23A=D98=5QK=6I4JRSL=C=M0HTO
  -> Time over
  -> in 301.742188 sec
  => RETIRED
#2406 (5, 6): 16===D9E7=2HBFK=8C=P0MIOSRTQNL
  -> Time over
  -> in 302.320312 sec
  => RETIRED
#2425 (5, 5): BG23=6718AM=D4OL0=JENKH9F
  -> Time over
  -> in 302.164062 sec
  => RETIRED
#2445 (6, 4): =5J3CBD04=6I82K9=N7GEFLM
  -> Time over
  -> in 301.179688 sec
  => RETIRED
#2631 (6, 6): 123A9=7=4BCHJ=5=IM0FXRL=DPQ=NUVWK=TZ
  -> Time over
  -> in 301.492188 sec
  => RETIRED
#2688 (5, 4): 0H2731B8=4G===56IJFA
  -> Found in depth 85 at count 1830664387
  -> in 162.898438 sec
  => ANSWER: DDDRRRRUUULLDLULDDDRRRRUUULLLLDRURRRDDDLLLLUURRURRDDDLLLLUURRURRDDDLLLLUUURRDLURRRDDD
#2765 (6, 6): E405I=2LA3BC9P8NFO7J1KGZQD=UMHWV=SYT
  -> Time over
  -> in 301.992188 sec
  => RETIRED
#2790 (4, 6): 13A=2=CEDF78M95B0L=GIHNK
  -> Time over
  -> in 301.976562 sec
  => RETIRED
#2901 (5, 5): B234017==N6=KF5G=IDELMJOA
  -> Time over
  -> in 301.125000 sec
  => RETIRED
#2982 (5, 6): 61HEF03245B8AD9RLI7OCQ=KPMG=JT
  -> Time over
  -> in 301.898438 sec
  => RETIRED
#3129 (4, 6): 48KG3C216=7N9D5B=0=F=EIM
  -> Time over
  -> in 301.890625 sec
  => RETIRED
#3255 (6, 4): E3456C2D1==0KJNF9H87==GI
  -> Time over
  -> in 301.320312 sec
  => RETIRED
#3318 (6, 6): 123===7=HBCSD=AGNIJ=PFZ=QWM9YT=RLX0U
  -> Time over
  -> in 302.171875 sec
  => RETIRED
#3385 (5, 6): 239F01==A56BC=4==D=KMIQSORLNPT
  -> Time over
  -> in 301.554688 sec
  => RETIRED
#3398 (6, 5): 71=0I58D96OBKJ=A4TE2GH=CPQLRMS
  -> Time over
  -> in 302.320312 sec
  => RETIRED
#3648 (6, 6): 371A4528=G=6=K=HCI=LN=O0WPEXUSVQZRYT
  -> Time over
  -> in 302.179688 sec
  => RETIRED
#3717 (6, 6): =93450K72==6VPF8=NDJ=GMCXE===IWQYZUO
  -> Time over
  -> in 301.585938 sec
  => RETIRED
#3721 (4, 6): 51279=40I==3KL=8JMDGHECN
  -> Time over
  -> in 302.625000 sec
  => RETIRED
#3825 (4, 6): 12785D3K9F4C0ABHEI=6MLNG
  -> Time over
  -> in 302.398438 sec
  => RETIRED
#3943 (5, 5): 1B3D5H=4=AGM8EF260=KCILNO
  -> Time over
  -> in 302.320312 sec
  => RETIRED
#3952 (4, 6): =0349C62D=87I=5FLH=BNMKG
  -> Time over
  -> in 301.328125 sec
  => RETIRED
#4054 (6, 5): 82=41H79GLBIMPAF05EJSC6RDKQTON
  -> Time over
  -> in 302.359375 sec
  => RETIRED
#4091 (6, 6): 2835N07D=46BF1L=HM=EQAROWVSI=UPXCKYZ
  -> Time over
  -> in 301.773438 sec
  => RETIRED
#4112 (6, 6): ==345CFL9==68=M=N07=RIHYDJQ=OTVPWXZU
  -> Time over
  -> in 302.429688 sec
  => RETIRED
#4373 (6, 4): 1023BC7=95IHD=6=ML4FAKNJ
  -> Time over
  -> in 302.031250 sec
  => RETIRED
#4376 (6, 6): 71B34=D=E2AOQCJI5UK0F==Z=9GS=Y==LHXR
  -> Time over
  -> in 302.437500 sec
  => RETIRED
#4564 (6, 4): 9N10567=42IHEK=A3BJDLGMC
  -> Time over
  -> in 301.828125 sec
  => RETIRED
#4584 (5, 5): 3AM058=CB916FD4H2LKOGENJI
  -> Time over
  -> in 301.804688 sec
  => RETIRED
#4790 (6, 6): =74638EF9==C2KDGHI50====J=RSTUPVWXYZ
  -> Time over
  -> in 301.289062 sec
  => RETIRED
#4812 (5, 5): =28456I3=OBH7FD=CM=0=ENAK
  -> Time over
  -> in 301.679688 sec
  => RETIRED
Solved 4/58 (6.90%) in 16790.578125 sec
