#1 (5, 5): 2C39517JEFL68OAHDBK4GMNI0
  -> Time over
  -> in 61.176998 sec
  => RETIRED
#2 (6, 6): 12E845D9MBH6JF3GICL07WAOKRXYNSVPQTZU
  -> Time over
  -> in 61.243999 sec
  => RETIRED
#3 (6, 6): 12786C9E453BDQATNIJLMGHZPKFYW0VRXSOU
  -> Time over
  -> in 61.466000 sec
  => RETIRED
#4 (6, 4): B8635G70A29IDKEMH4N1JFLC
  -> Found in depth 32 at count 3901682
  -> in 13.547000 sec
  => ANSWER: ULDDRDLUURDRURULLDDDRRURRUULLLDRRDLLLULURRDRDLDUUULLDRRRRRDLLDRUUULDLLLURRDDDRURRULURDULLLLLDRULDRULDRULDDDRULUURRRRRDLLLLDRRRRDLLLLUURRRRDLLLDLURDRRR
#5 (5, 5): C02746G135HBJOKNEDF9ML8AI
  -> Time over
  -> in 61.471001 sec
  => RETIRED
#6 (6, 6): 14F3NB72AE65D8MG9HJKWIT0QVRYSCLPZXUO
  -> Found in depth 24 at count 17769
  -> in 5.856000 sec
  => ANSWER: UULDLLURRURDDDDDLLLLULDRRRURULULUULDDRURDRRDLUURDDDDUULDDLLUURDRURDDLLLULLURDDRRUULLLDRRDRUUUUULLDRDRRUULDRDLLULURRRDLDDDDUUURDDDRUUULLDDDRUUURDDD
#7 (6, 4): GD0C3A7L16258FJMNHK9E4IB
  -> Found in depth 19 at count 2112
  -> in 6.438000 sec
  => ANSWER: DLDRRURULDRRULDRDDLULDLUULULDDRUURRDDDLLLURULURRRDRRDLURDDLLULLURDDRURRULLLDDRRRULLULLDRURRRULDRDDLUURDLUURDDLDR
#8 (6, 5): J18245F7K3IBELHDGOPR9CMTQS0A6N
  -> Found in depth 22 at count 27744
  -> in 3.743000 sec
  => ANSWER: UURDLDLUURDLULUURRRDDDDLLLURULURRDLUURRRRDLLDDRRDLURUULLDRUULDDRRDDLUURDLURULDLUURRDLURDDDLDRLLLLULURDDLUURDLDRRRRR
#9 (6, 4): KEAC34J1MG0B72LF5I89D6HN
  -> Time over
  -> in 61.560001 sec
  => RETIRED
#10 (5, 5): 2145AB67DOMG3C8LHFK9ENJI0
  -> Found in depth 34 at count 19152679
  -> in 9.729000 sec
  => ANSWER: ULLLULURRDRRUULLDRDDDLLLURURRRDDLLLURRULDDRURULDLUURDDUUULLLDRULDRULDRURRDLLULDRRRDDUUULLLDRULDRULDRULDRURRDDDULLURRRDDDLLULLURRRDRUULLLLDDRRDRR
#11 (6, 6): F9835B7EG6MI14AQOH02YNTSJDPCLRVWXKUZ
  -> Found in depth 22 at count 64671
  -> in 11.956000 sec
  => ANSWER: RDRURDDLURRRULLULULDDLDRRRULDRRRULUULDRRDLLULUULDRULLDDRDDRRRDRUULULUULLDRULDDRUULDRURRDRULLDDRURDLDRDLUUULLULLDDRRRULLURRDDLLLURRRRDDDLDRRUULLLDRRDLLUURRRDD
#12 (5, 6): 10839724SA6T5IEHCPOJBQDLKMGNFR
  -> Found in depth 30 at count 1042353
  -> in 8.552000 sec
  => ANSWER: DRRDLDDRULUURDDLULDLDRDLURRUUULLDDDRDRURURDLLUURRULLURRDDUULLDDDRDDRULLDRUULLDDRULURUUURRDDDDDULUUUULDDDRRUULDDLUUURDRDLDDRD
#13 (6, 6): D12IG9J37A45PO8FN60RCZBHEVYWSLKXTQMU
  -> Found in depth 28 at count 39680
  -> in 8.343000 sec
  => ANSWER: UUURDRRURRDDLDLLDRDLLURRRULLLLDDRUULDRRULURDLLUURDRRUURDDDRULLUURRDDLDRDDUUULLDLDRRULURRDLDRULDDLUURDDLULURRRDDUUULLULURDDLLURRULLDDRRRRDDD
Solved 8/13 (61.54%) in 375.108002 sec
