#200 (4, 6): 2CB135=9E8A4=6KG0HFILMJN
  -> Time over: 130795175936 (min=4x54@144)
  -> in 3601.046875 sec
  => RETIRED
#2283 (5, 6): 61324B=D=5M80AFLGI=ECSHOK=TRNP
  -> Time over: 130795175936 (min=4x351127@133)
  -> in 3601.671875 sec
  => RETIRED
#2765 (6, 6): E405I=2LA3BC9P8NFO7J1KGZQD=UMHWV=SYT
  -> Time over: 142337900544 (min=4x19294@140)
  -> in 3602.578125 sec
  => RETIRED
#2901 (5, 5): B234017==N6=KF5G=IDELMJOA
  -> Time over: 129117454336 (min=6x1@144)
  -> in 3601.976562 sec
  => RETIRED
#2982 (5, 6): 61HEF03245B8AD9RLI7OCQ=KPMG=JT
  -> Found in depth 150 at count 77425128684
  -> in 1997.437500 sec
  => ANSWER: URRRRDLULLLDRULDRULDRULDRULDRULDRULDRULDRULDRULDRULDRULDRULDRULDRULDRULDRULDRULDRRDRUURDDLDLURUURDLLURRDLULLDRDLDLDDRUUUULDDDDRUULDRUULURRDDRDDRUULDRD
#3255 (6, 4): E3456C2D1==0KJNF9H87==GI
  -> Time over: 129587216384 (min=8x3115518@114)
  -> in 3602.234375 sec
  => RETIRED
#3648 (6, 6): 371A4528=G=6=K=HCI=LN=O0WPEXUSVQZRYT
  -> Time over: 127439732736 (min=8x605@138)
  -> in 3601.367188 sec
  => RETIRED
#3717 (6, 6): =93450K72==6VPF8=NDJ=GMCXE===IWQYZUO
  -> Time over: 130795175936 (min=10x189@139)
  -> in 3601.257812 sec
  => RETIRED
#4112 (6, 6): ==345CFL9==68=M=N07=RIHYDJQ=OTVPWXZU
  -> Time over: 125090922496 (min=4x399188@125)
  -> in 3601.921875 sec
  => RETIRED
#4373 (6, 4): 1023BC7=95IHD=6=ML4FAKNJ
  -> Found in depth 151 at count 54730297710
  -> in 1531.578125 sec
  => ANSWER: LDDDRRUUULLDDDRRUUULLDDDRRUUULLDDDRRUUULLDDDRRUUULLDDDRRUUULLDDDRRUUURRRDLULDRULDRDDRULULLDDRRRUUULLLDDDRRUULLULLDDDRRUURULLLDDDRRRRRUUULLDLURDRRULDDRD
#4376 (6, 6): 71B34=D=E2AOQCJI5UK0F==Z=9GS=Y==LHXR
  -> Time over: 129251672064 (min=8x781@136)
  -> in 3601.195312 sec
  => RETIRED
#4584 (5, 5): 3AM058=CB916FD4H2LKOGENJI
  -> Time over: 135627014144 (min=6x3@145)
  -> in 3602.671875 sec
  => RETIRED
#4790 (6, 6): =74638EF9==C2KDGHI50====J=RSTUPVWXYZ
  -> Time over: 134083510272 (min=4x28451@136)
  -> in 3602.632812 sec
  => RETIRED
Solved 2/13 (15.38%) in 43149.578125 sec
