#66 (6, 4): K7123=J===5BDFECH40M=NIG
  -> Time over
  -> in 92.039001 sec
  => RETIRED
#141 (6, 3): 239=56B=0AGC7D1EFH
  -> Time over
  -> in 91.651001 sec
  => RETIRED
#181 (6, 4): 1A=56H8294CB7=KMNLD0GJFI
  -> Time over
  -> in 92.558998 sec
  => RETIRED
#188 (6, 6): 148NG=3AC50HP2DBELJ9WFOIQXK7MTVSYRUZ
  -> Found in depth 22 at count 56155
  -> in 2.542000 sec
  => ANSWER: LURDDLULLDDRRURULDRRULLLULDDRRRRDLLDDLLUULURRDDRRDLLLULURRRDDRRUUUULLULDLLURDDRDRUULDLURULLDRRRRRDDDLLURRDDLLLURRRULLLDDRRR
#191 (6, 6): D762B5AEL31I9NM=04=FHZC=Q8==TUPKVWXY
  -> Found in depth 50 at count 5729840
  -> in 8.912000 sec
  => ANSWER: DLLULULDRDDDRRRUULLUURRDRULDDLLUUURDLLLURRRDRULDLDLLUURRDLDDDLDRRRLLUUUURRRDDDDRULULLULDDDRRRUUUULLLDRDRRDRDULUUUULLLLDDRRDRRURULLLLURRRRDDLDLLULLUURDRRRDDDRD
#200 (4, 6): 2CB135=9E8A4=6KG0HFILMJN
  -> Time over
  -> in 91.999001 sec
  => RETIRED
#244 (6, 6): 23FG64189ABI7=R5=CDKMLNOJWQ==UPV0XYZ
  -> Found in depth 38 at count 1428822
  -> in 0.926000 sec
  => ANSWER: RRRUUUULULDDDLUUURRRDLLLDRUULLLDDDDDRURUURUURRDDDDDUULLUUURRDDDLLUURRULLDDDRRUULULDDDRRDD
#259 (5, 6): 8793=2D04E1=JFAH6GIKLPMQNRBSOT
  -> Found in depth 42 at count 166484389
  -> in 20.583000 sec
  => ANSWER: URDRDLLDDLDLUURRDRULLDRRRULUULLULDDDRRUUULLDDDDRURDRDRUUUULLDDLDLURRDDLULURDLDRRUUUURRDDUULDLUURDLDRUULDRDDDRDLLUUUURRDDDLUULDDDRR
#319 (6, 6): 40G9E31DJA56872F=BP===NZVWR=CUXQYTOI
  -> Time over
  -> in 91.296997 sec
  => RETIRED
#374 (4, 6): ID29K=015A87E3=4=GBN==JC
  -> Time over
  -> in 91.809998 sec
  => RETIRED
#381 (6, 6): 91LC8=234FIA7DKG5HEMWJ=BPQ0S=O=XZRYU
  -> Time over
  -> in 91.986000 sec
  => RETIRED
#405 (5, 4): BD6A3G=1F9H=E24IJ805
  -> Time over
  -> in 92.245003 sec
  => RETIRED
#421 (6, 5): D23A==8J=40=17=HROE=BGTIPQLSMN
  -> Time over
  -> in 91.904999 sec
  => RETIRED
#469 (6, 6): 13HO457290GBE8AV6CWFMSINDQLRJZPK=YUT
  -> Time over
  -> in 91.123001 sec
  => RETIRED
#546 (6, 6): 723BI48D1OYHF9A=U5VWE=6QRPKNC0XSJTLZ
  -> Found in depth 46 at count 1230658127
  -> in 52.129002 sec
  => ANSWER: ULUURDDLDRULUUURDDLULULDDLULURRRRRDLLLDDDDRURDLLLLURURDRRDLLLURRDURUURDDDLULDLLUURDDLLUURDRDLURDRRRUULDDRUUUULLLULLDDRULURRDLDRURRDRDDLUUURDDLDRDULLLUUUULDDDDLUUUURRDDDDDLUUUULURDLDDDDRRURRRD
#562 (4, 6): =6E=M253HD=AN0789F=C=IKG
  -> Time over
  -> in 92.403000 sec
  => RETIRED
#601 (5, 6): 83E5F0D794CG21A6BN=KMRITPQHLOS
  -> Found in depth 32 at count 362285
  -> in 2.258000 sec
  => ANSWER: DDRURRULLDRUULDDRUULDLURRDRRULDDLLULDDRRDDLURDUULULDDRRRDRULLDLLUUURDDRULDLDRRRURDUUULLURRDDDLLULURRURDLULLDDRDRRD
#655 (5, 4): B6391C==A2ID045JHFGE
  -> Time over
  -> in 91.598000 sec
  => RETIRED
#683 (5, 6): ==87DMB43AIGOE0C6F59LHJKTQRNPS
  -> Found in depth 42 at count 184663
  -> in 15.791000 sec
  => ANSWER: ULULDRRDDLLULLURRRURDLULDRRDDLDLUULDLURDRUURRDDLDDRULLDRRUUUUULLDLLDDRDLUURDLDRUUURURRDDDDDUUUUULLDLLDRRRURDDLLLLUURRURRDLDLLLDRRRRDD
#690 (4, 6): 523861=E=ABJLCFHK0DNMI4G
  -> Found in depth 44 at count 551602
  -> in 9.315000 sec
  => ANSWER: URRUUULLDLURDDDRDLLURRDRULURDDDLULDLUURURDRDLULUUURRLLLDRULDRULDRURRDDLDRDDLUURDLUURDDLDRUUUUULLDDRRUULLDDRRDLULUURRDDLDRULLUURRDDDDD
#715 (6, 6): 3A49S62=N5BT17==CIPEQ=HOJDXL0UKVRWYZ
  -> Found in depth 42 at count 1650882
  -> in 6.013000 sec
  => ANSWER: URUULDRULULLLLDDRDDLURDRRRUUULLULLDDDRRDDRRRULUURDDDUUUUULDLURRDLULDRRDDDLLLLULDDRULURDDRURRRDUUUULDRULDRDDLLDRRULUURDDDLLURURULDDRDUUUUULDLLURRDLURRDDLULURRDLDRUULLLDRRRDDDD
#753 (6, 5): 921=6O7P8=T5JR=CMN3QLH0BEDKGSI
  -> Found in depth 36 at count 4429913
  -> in 3.173000 sec
  => ANSWER: UURDDLURUULDDLDLLUULDDRULDDRULUURDDLDRURDLURRDRURULLDRRDUUULDRDDLUUURDDLLLLULUURRDLLURRDLLDRDRRRDRULLLLUUULDDRULDDRUULDRDLUUURDDDRRRRD
#773 (6, 4): 8J=CM671E25BKA0GN9FD4LIH
  -> Time over
  -> in 91.005997 sec
  => RETIRED
#835 (4, 6): 93F7142A56JB==NCMLG0HI8K
  -> Found in depth 11 at count 107
  -> in 3.986000 sec
  => ANSWER: LUUUULLDDRUULDRDRULDLUURRDRDDDDLLULDRRUUUURULLDDRURLDRDLDRDLUURDDLLURUURDLUURDDLDRDLULDRRULDLURRD
#876 (3, 6): 2081=C4D6AH3G7BEF9
  -> Found in depth 10 at count 30
  -> in 3.349000 sec
  => ANSWER: LDDDRDLURULDRRDDLULDRULURURUULLDDDRRULLUURRLLDDDRURUULLDDRDRULLUURRDDLDLUUURRDDDDDULUURDLDRD
#939 (5, 5): 21985BH0E3L7=A46GMJOCI=KF
  -> Found in depth 44 at count 34363328
  -> in 3.711000 sec
  => ANSWER: ULLDRDDLURDDLUUUURRRRDDLDRDLUUUURDLLLDLURRURRDDDDULUUULLLDDRUURRDDDLLDLUUUURDDDLDRURRRDUUULLLDDDLUURDRRUULLDLDRUURRDDLLLDRUUURRRDDD
#959 (5, 5): 38G9J2=KF41E5LAC=MI06BDNO
  -> Time over
  -> in 92.141998 sec
  => RETIRED
#1052 (6, 6): D8236BKE==5410PVGJ7W=F=CX=YHUIRSMTZO
  -> Time over
  -> in 92.532997 sec
  => RETIRED
#1075 (4, 6): B1532E=4=6G8HL=CIN0KDJMA
  -> Time over
  -> in 92.188004 sec
  => RETIRED
#1109 (6, 4): 249M==D=K3BE1A70GIFLJNCH
  -> Time over
  -> in 91.089996 sec
  => RETIRED
#1120 (6, 4): 271=6CE89BAM=K=53N=0LGHI
  -> Found in depth 48 at count -1711519142
  -> in 79.067001 sec
  => ANSWER: UUURDRDRULLLDDRRRURUULDLDDRURDLULDLLUURRDDRRUUULDLLULLDRULDRURDLULDRULDRRRRURDDDLLUULULDDDRRUULLURDRDDLLUURULDRRDDLLUUURDLDDRRRR
#1176 (5, 5): 24E9=1=83F6B=JNCHGOK=I0MA
  -> Found in depth 19 at count 394
  -> in 2.544000 sec
  => ANSWER: RRUUULULLLDDRDRRRUULULLLDDDRDRURUURDDDLLULULUURRRDRDLDLLULUURRRDLURDLULLDDRDRRUUULDRDRULDRDDLUURDLUURDDLDR
#1179 (4, 6): 5234A==8N9=C1D=GHK0J=EMI
  -> Time over
  -> in 92.068001 sec
  => RETIRED
#1196 (5, 6): =5307B6F92CDPA4RMOE=GQS8THJLIN
  -> Time over
  -> in 91.625999 sec
  => RETIRED
#1220 (4, 6): 214863=CD=GB90JIEH5KLFNM
  -> Time over
  -> in 91.459000 sec
  => RETIRED
#1245 (6, 6): 27=9C=1FMUIH=8EO4ZLK5R=YPABW=SJGVQX0
  -> Time over
  -> in 91.723000 sec
  => RETIRED
#1260 (6, 6): D124B5837=6CV=9FLYPJUKGHW=O0INXRMTSZ
  -> Time over
  -> in 92.237999 sec
  => RETIRED
#1358 (5, 6): 4D5M8712=AB=EIFL30H=GQ=JTR6=PO
  -> Found in depth 50 at count 18175408
  -> in 3.038000 sec
  => ANSWER: RULUURRDDLDLLLUURURDDDRURUULLDLULDDDDRDLURURRDRDLURDULULUULURRRDDLLULURRRDDLLUULDRDDRURUULLDDRRUULLDLLRRDRDLLLUURRDRDLLLDRURUULLDDRDLURRRULULLDDDRURRDRD
#1372 (6, 6): 12E845D9MBH6JF3GICL07WAOKRXYNSVPQTZU
  -> Found in depth 42 at count -971886825
  -> in 88.056999 sec
  => ANSWER: URUURRRDDLLLDLURDRULULDDDDRUULLDRRULLUURDRRRDDRDLLURDRUUUUULLLLDDRRRULULDRDLLURURRRDDDDDULLLUUUURDDDDDLLUUUURDDDDRUUUUULLDDDDRRRRD
#1382 (5, 5): F23057146D=EA98HGINKLMJCO
  -> Found in depth 42 at count 63758139
  -> in 11.717000 sec
  => ANSWER: LLLDRURDRRDLLLURULLDRURDRRDLLLDRRDLURULDLURURRDLDDRUUULULLDDDLDRURUURRDDDLLLUUUURDDDDLLURRDRR
#1538 (6, 6): 3485M=1D2F9GJLEUWA7TKYNBPVIRZCQXOSH0
  -> Found in depth 26 at count 382310
  -> in 7.284000 sec
  => ANSWER: LLULULULDDRRDRRULLURURRDDLLUUURRDDDLLLULUURULLDDRRRRUULLLDRRDRURDDDLLLDLLUURDDUUURDRRRDDLURULDLLUURRDLULLDDRRRDRLLULLURRRDDLLURRULLLDDRRRR
#1546 (4, 5): 53179=28D==CJIF0=4EG
  -> Found in depth 58 at count 16640
  -> in 14.556000 sec
  => ANSWER: UUULLLDDDRRRDLLURDRULLLUUURRDRDDLLDRULLUUURRRDDDLLDRURDUUUULLLDDDRRRUUULDRULDRDDLLLUUURRDRDDLLLUUURRRDLULLDDDRRRDUUUULLLDDDRRRUULULLDDDRRRUUULDRDDLLLUUURRDRDDLLLUUURRRDDDD
#1567 (4, 6): 032841=CB9FG6AL5HMNDKEJI
  -> Time over
  -> in 91.001999 sec
  => RETIRED
#1573 (6, 6): 12786C9E453BDQATNIJLMGHZPKFYW0VRXSOU
  -> Time over
  -> in 91.494003 sec
  => RETIRED
#1589 (6, 6): 18CBH52D9F06E7KIO43XLMRNAWGY=UVJQPSZ
  -> Found in depth 31 at count 5204311
  -> in 2.692000 sec
  => ANSWER: URDDLLDLLDDRRULULLDRDRUULLURRDLUURDDRUUULDDRDRRULULLLLDDDUURRRDDDLUUURDLLLDRRUULDDRULDDRRRRLLUUUUULLDDRRRURULDLLURRRDLDLLLURRDDDLLLDRRRRRUULLLLDRRDLLLURURRRRDD
#1606 (6, 4): JK75D=910A4BL=2MHGF8N3CI
  -> Found in depth 30 at count 1077801
  -> in 2.566000 sec
  => ANSWER: LULDRRRRULDRDLLURDDLLLUURULDRRRDLDLLUURRULDRDDLLUURRRDRRDLLURURLDRDLLUURULLDDRUURDRDLLLURDDRR
#1670 (6, 5): 7839MI21LGA4PDR5CBKF0N6TQEJ=OH
  -> Found in depth 40 at count 51095206
  -> in 8.971000 sec
  => ANSWER: UURULLDLURDDDDRUUUURRDRDLLLLURRURDDDRDLUULUURDRDDLLURRDDUUUULLDRRDDLUULURRDDLDLLLLURDDLURRRRRDUUULLLDLUURRRRDDDLLLUURRURDLULLLDDDRRRRD
#1695 (5, 6): 839==2=BC=16HEFGOI=KQLMNRTD0PS
  -> Found in depth 38 at count 452
  -> in 2.069000 sec
  => ANSWER: LLURRDLUURUUULLDDRRRULULLDDRDRDRRDLLURRDLLULDRRULDRRUUULLLLUURRDRDRDDLLUURULULLDDRRDDRRDUUULULULLDDRRURDRDDLLLUULUURRDDDLDRRRD
#1741 (4, 6): 587239401D=C6EJFHINKLAMG
  -> Found in depth 44 at count 148640937
  -> in 12.985000 sec
  => ANSWER: ULLLDDRUULDDDDRDRUULULURURDRULLDRULDDDDLUURDRRUULLDDRDRDLLULUUUURRRDDDDLULUURRULLLDDDDRDRR
#1777 (5, 6): 725EA81D9F6=3SJQB=T4LG0MRNPHKO
  -> Found in depth 46 at count 196955149
  -> in 24.506001 sec
  => ANSWER: DLLUURDRRRDLLURUURDDDLUURDDLUUURULLDRUULLDLURRDDRULLLDDRDRDLURDRRUUUUULLLLDRULDRULDRURRDRDDDDUUUULLLLDDDRRRUURDDDLLLLUUUURRRDDDLLLDRULDRRRR
#1847 (6, 5): D7031AE=92S6KL=BC4=OMGTN==RI5H
  -> Time over
  -> in 92.315002 sec
  => RETIRED
#1871 (6, 5): =46CBIE9HP5MA720NG8=3RTLDJQFOS
  -> Time over
  -> in 91.068001 sec
  => RETIRED
#1872 (5, 4): =B3A240DE76=9F5GHI8J
  -> Time over
  -> in 92.002998 sec
  => RETIRED
#1895 (6, 4): =7A25689L4=ND=3G0CJKF=HI
  -> Found in depth 54 at count 271974404
  -> in 12.547000 sec
  => ANSWER: LUULDRULDRULDRDLUURDDRDRUUULLDDRRDLULULLURRRRDDDULLLULLDDRRURUULLDRDDLLUURURRDLDDLLUURRRDLULLDDRRURRRD
#1910 (6, 4): JK17==E=2FGCD049IN3B=MHA
  -> Time over
  -> in 91.814003 sec
  => RETIRED
#1936 (6, 5): 438C5I12=GLA7=Q6OMD=PRHBJ0SFNT
  -> Time over
  -> in 91.592003 sec
  => RETIRED
#1983 (6, 3): 014BAG7==265DEFHC3
  -> Found in depth 54 at count 294996
  -> in 69.599998 sec
  => ANSWER: DDRRRUURRDLURDDLULDRUULDDLLLUURRRRDRULDDLUURRDDUULLLLLDDRRRUURDLULLLDDRRRURULDDLLLUURRRDDLLLUURRRRRDD
#1984 (6, 6): 75CEA634=0BI12DPHOJ8FGTUKWSQXZRVLYMN
  -> Found in depth 42 at count 1504788697
  -> in 44.473999 sec
  => ANSWER: ULLDLDDDDRURUURUURDLULLDDDRURDDRDLURRUUULULLLDDDRDLULURRDRDLDRRUUUULDLLDDLURRDLUURRURDDRDDLURULDDRULLUUUULLLDRDDLUURURRDDDDLLUULURDLDDRRRRRD
#2060 (6, 5): =E45B6=298ACQJ3TO=DK=0GH=RSFNM
  -> Time over
  -> in 92.264999 sec
  => RETIRED
#2085 (4, 6): 1284BC6395F0=EKAI7NLMHJG
  -> Found in depth 34 at count 312334
  -> in 3.072000 sec
  => ANSWER: LUURDLLLDRRULDDDRRDLUURULDLURDRDLLLDRRULLDRURUUUULLDRRDDLURULDLUURRDLDLURDDRDUUUULDDDDDRRUUUULDDDDLUUUUURRDDDDD
#2154 (6, 6): 392EG=1FAS4HDXL85TK7R=OBPJNCZUQWV=I0
  -> Found in depth 46 at count 210656100
  -> in 26.358999 sec
  => ANSWER: LULLUULDLURRRUURDDRDLDRULULUULLLDDDRURRULLDRUURRDRDDDLUUURDLDRDDLUURDLUURDDLLLDLLURRDLUULDDRURDLURRLUUUULDRURRDRDDLDDRUUUULULLDDDDRRRDUUUULLDRDDLLUUURULLDDRUURDRRDDDLUULLLURDDDRRRD
#2176 (6, 4): F2091=A8K53=7EDIBHMLJ4GN
  -> Time over
  -> in 91.114998 sec
  => RETIRED
#2179 (5, 6): I605A8=2=FG31=KLDB4SHM=CP=RTOJ
  -> Time over
  -> in 92.725998 sec
  => RETIRED
#2283 (5, 6): 61324B=D=5M80AFLGI=ECSHOK=TRNP
  -> Time over
  -> in 91.254997 sec
  => RETIRED
#2308 (6, 4): 2GBKA51=93047=LF=6DJNIMC
  -> Time over
  -> in 91.144997 sec
  => RETIRED
#2339 (6, 5): =GE23A=D98=5QK=6I4JRSL=C=M0HTO
  -> Time over
  -> in 91.434998 sec
  => RETIRED
#2377 (6, 6): 36085CEA14=H792DFG=====IPQ==TOVWXYZU
  -> Found in depth 54 at count 456548687
  -> in 18.245001 sec
  => ANSWER: LLDRURDLURDLLURRRDLLDRRRRUULLDLLDRUULDLDRURDRRRDDDUUULLUURRDDLLLUURRRDDLLLUURDLDRRRUULLLDDRRRUULLDDRRDDD
#2390 (6, 4): 71946NE=2=BMD03FC5KJHGLI
  -> Time over
  -> in 91.376999 sec
  => RETIRED
#2406 (5, 6): 16===D9E7=2HBFK=8C=P0MIOSRTQNL
  -> Time over
  -> in 92.556999 sec
  => RETIRED
#2425 (5, 5): BG23=6718AM=D4OL0=JENKH9F
  -> Time over
  -> in 92.102997 sec
  => RETIRED
#2426 (6, 6): ==3964D78G5BLK=AHIPQV=COSWY0NZJXETRU
  -> Found in depth 44 at count 1933646259
  -> in 56.562000 sec
  => ANSWER: DRRUULDDRULLLDLULURRDLLDRUULDRDRRULDLLURUULURRRULDRDRRULULLDRURRDLDLULURRRDDDLUURDLDRUULLLLLDRDRDLLUUURDDLDRRULUURRRRDDDLLLULUURRRDDRDDLLLLUURDRRURDLUUULLLDDDDRRRR
#2445 (6, 4): =5J3CBD04=6I82K9=N7GEFLM
  -> Time over
  -> in 92.311996 sec
  => RETIRED
#2514 (6, 4): =F4GH523ECI8K0DJ9NB7M6LA
  -> Found in depth 18 at count 41
  -> in 1.917000 sec
  => ANSWER: DLURRRDRRUULLDRRULULDDDLLURRRDLLURRUULLLDLDRRUULDDDLURRURDDRRUUULLDRRDLLUURDDRD
#2570 (6, 6): 8925CI346BOH1==TAZPRDGU07VQLNYWKJXSM
  -> Found in depth 36 at count 23182019
  -> in 4.736000 sec
  => ANSWER: UULLLLURRDRDLDLLLDRDRRRRUULURUULLLDLLURDLDDRDDLURRURDDRRUUUUULLLLLDDDRRRUURRDDLULDDLLULDRRRDRRUUUULDDDRDLLUULLLDDRURRDLLUURRDLDLLURRDRRRULLLLLUUURRRDDLLLDRURRUULLLDDDRRRRRD
#2631 (6, 6): 123A9=7=4BCHJ=5=IM0FXRL=DPQ=NUVWK=TZ
  -> Time over
  -> in 91.519997 sec
  => RETIRED
#2664 (5, 5): C1=5A6708JMB=F9IGHOKL24NE
  -> Found in depth 29 at count 19992
  -> in 1.262000 sec
  => ANSWER: LDDDLUURDLDRURDRUUULLDDLUUURDRRDDLLUULDRURRRDLURULRDDDLUURDDDLUURULDDRUUULDDDDR
#2688 (5, 4): 0H2731B8=4G===56IJFA
  -> Time over
  -> in 91.786003 sec
  => RETIRED
#2722 (6, 4): 546CGB3=A1MI2L9ENHK0JDF7
  -> Time over
  -> in 91.263000 sec
  => ANSWER: RRUULDRDRUUULLLLDDDRURDLLURRRDRRUUULLLLLDDRRRRDLURURULLLLLDURRRDLURDLDLDRURRULULLLDDRRDLLURRURURDDTIMEOUT
#2742 (5, 6): B2E9K8316A7HP45G0DJFCI=OSLMQRT
  -> Found in depth 44 at count 8197243
  -> in 12.222000 sec
  => ANSWER: UURRDLUURDLULDDRDRURDLUULLLURRDLDLURDDDDRRRUULLLLDDRRRUUURUULDLLLDDRULURRRRDDLUUURDDLDRULDDDLLUUUUURRRDLURDLDDDDRUUUUULLLDDDDDRRUUUURDDDD
#2765 (6, 6): E405I=2LA3BC9P8NFO7J1KGZQD=UMHWV=SYT
  -> Time over
  -> in 91.782997 sec
  => RETIRED
#2790 (4, 6): 13A=2=CEDF78M95B0L=GIHNK
  -> Time over
  -> in 92.184998 sec
  => RETIRED
#2805 (5, 5): 1354986AEF=2I7OLDCM0GHKJN
  -> Found in depth 42 at count -1534404903
  -> in 74.149002 sec
  => ANSWER: UULLURDLLDDRRDLURDRUUUULDDRDLLUURRULLLDRDLDDRRRUUUULLLLDRULDRRULLDRURDLURRRDDDDLUUULLDDLDRURUURDDDLLUUURDDDLLURRDLULDRRRR
#2901 (5, 5): B234017==N6=KF5G=IDELMJOA
  -> Time over
  -> in 91.460999 sec
  => RETIRED
#2982 (5, 6): 61HEF03245B8AD9RLI7OCQ=KPMG=JT
  -> Time over
  -> in 91.537003 sec
  => RETIRED
#3049 (5, 5): 1963=L28F4=A7KJCGIEDHMNO0
  -> Time over
  -> in 91.509003 sec
  => RETIRED
#3106 (4, 6): 927=1=8BD53AN==CL0KGMHJI
  -> Time over
  -> in 91.362999 sec
  => RETIRED
#3129 (4, 6): 48KG3C216=7N9D5B=0=F=EIM
  -> Time over
  -> in 91.183998 sec
  => RETIRED
#3133 (6, 5): 2834561E==BC7DRQ=I=GMK=O=L0FST
  -> Found in depth 50 at count 49539651
  -> in 10.480000 sec
  => ANSWER: UULUULDRDLURDLURDRRDDLUURDDLULDRRULURDDRRLLUULLLUURRRRRDDDDLLULLURDRDRRUUUULLLLLDDRDRURDDRR
#3155 (4, 6): 3841BA2756M=90F=LKEHJDIN
  -> Time over
  -> in 92.077003 sec
  => RETIRED
#3255 (6, 4): E3456C2D1==0KJNF9H87==GI
  -> Time over
  -> in 91.578003 sec
  => RETIRED
#3312 (6, 6): 243BA51=9CHI7===6ODVWK=0XPMJTUSQLYRZ
  -> in 21.596001 sec
  => ANSWER: DLDLLURRRUULULURRDLLULLLDDDRDDLUURRDRDLLLURURRDDLLULURRRDDRRUUULUULLDRRULDRRULDDRUULLDRRULDLLURRRLLLLLDDDRRRDLURDLURDLULLUUURRRRRDDDDDNOTFOUND
#3318 (6, 6): 123===7=HBCSD=AGNIJ=PFZ=QWM9YT=RLX0U
  -> Time over
  -> in 91.430000 sec
  => RETIRED
#3323 (6, 6): 329F6C74H5MB1RA0L=8PVWU=DGTKSYJQ=EZN
  -> Found in depth 32 at count 33981
  -> in 5.828000 sec
  => ANSWER: LDRDLLURUULURRDLULLDDDDRURDRRUUURULLDDLDRRULLLLDRRUUULDDULURDDRRDRDDRULLDRUULDDRRULLLURULDRRDLDRRULUULLLDLDRULDDRUULDRULDDRULURURRRDDRDULUUULLLURDDLLURRULLDDRURRRDDDRD
#3352 (6, 4): =EL97FJAG0468N25HBD3K=CI
  -> Time over
  -> in 92.348000 sec
  => RETIRED
#3385 (5, 6): 239F01==A56BC=4==D=KMIQSORLNPT
  -> Time over
  -> in 92.420998 sec
  => RETIRED
#3398 (6, 5): 71=0I58D96OBKJ=A4TE2GH=CPQLRMS
  -> Time over
  -> in 92.523003 sec
  => RETIRED
#3444 (4, 6): 5B670143N=D8EI9F=G2M=JCK
  -> Found in depth 46 at count 304219094
  -> in 16.849001 sec
  => ANSWER: RURRDDDDLLURRDLUURULLLDDRDRDLUURUUULDLURRRDDDDLDUUUURDLURULDLURRDDLURDDLURDDDLUUURDDLDRUULDDRUULLLUURRDDLLUURRRDDDLLURURULLLDDRRUULLDDRDRRD
#3549 (4, 6): 6230D1=4EA=895=JH=CKLMNG
  -> Time over
  -> in 92.591003 sec
  => ANSWER: LLLDRDLUURDLDRDLURUULDDRDLDDRRURDLLLUUURUURRDDDDLTIMEOUT
#3551 (5, 6): 615F824CA97BE0KG=T3RMQN=ISLPJD
  -> Found in depth 36 at count 5858072
  -> in 4.233000 sec
  => ANSWER: LULLURDLDDDRRURRDDLLULDLUUURRDRRDDLLUURRUUULLDDRURULLDRDRULDLULLDRURDLLDDRRURUULDDDDLULUUURRRDDRDDUULLDLLUURRRRDDDLLLURURRULLLLDDRDRRR
#3580 (4, 6): 4CAH83=92156DBFIGJN0MELK
  -> Found in depth 24 at count 16999
  -> in 1.368000 sec
  => ANSWER: UUUULLLDRULDDRRRUULLDLDRRRDLURUULLLDDRRRUULLDDLDDRDRUULLURRDLDRRDLLURULDLDRRRULLLDRUURRDD
#3605 (5, 5): 1C3246980A7E=5=B=JIKGLONM
  -> Time over
  -> in 91.823997 sec
  => RETIRED
#3648 (6, 6): 371A4528=G=6=K=HCI=LN=O0WPEXUSVQZRYT
  -> Time over
  -> in 91.595001 sec
  => RETIRED
#3649 (6, 4): 293AH=1=740FLBIKGC=DE=5N
  -> Time over
  -> in 91.254997 sec
  => RETIRED
#3688 (5, 6): B129=CD3847SI=ALH6OFGT0NJQRMPK
  -> Found in depth 40 at count 20304
  -> in 2.274000 sec
  => ANSWER: ULUULDDDDRUURDDLUURULDLURULURRDRRDDDDLLLLUURDRRURDDUUUULULLLDRRRRDDLLULLUURRRDLLDLURDRDRRDD
#3717 (6, 6): =93450K72==6VPF8=NDJ=GMCXE===IWQYZUO
  -> Time over
  -> in 91.263000 sec
  => RETIRED
#3721 (4, 6): 51279=40I==3KL=8JMDGHECN
  -> Time over
  -> in 92.640999 sec
  => RETIRED
#3825 (4, 6): 12785D3K9F4C0ABHEI=6MLNG
  -> Time over
  -> in 91.379997 sec
  => RETIRED
#3943 (5, 5): 1B3D5H=4=AGM8EF260=KCILNO
  -> Time over
  -> in 91.769997 sec
  => RETIRED
#3952 (4, 6): =0349C62D=87I=5FLH=BNMKG
  -> Time over
  -> in 91.838997 sec
  => RETIRED
#4030 (6, 4): =40A6IE235=CDK9=NH=7F8LM
  -> Found in depth 50 at count 74359370
  -> in 9.872000 sec
  => ANSWER: LDLDRUURRDLDLDRRRURUULLLLDLDRULDRURRULDDDLURULDRDRLUUURRRDDLDRUUULLLDDDRRURUULLLDDDRRRULDLLUUURRRDDD
#4054 (6, 5): 82=41H79GLBIMPAF05EJSC6RDKQTON
  -> Time over
  -> in 91.577003 sec
  => RETIRED
#4091 (6, 6): 2835N07D=46BF1L=HM=EQAROWVSI=UPXCKYZ
  -> Time over
  -> in 91.657997 sec
  => RETIRED
#4112 (6, 6): ==345CFL9==68=M=N07=RIHYDJQ=OTVPWXZU
  -> Time over
  -> in 91.398003 sec
  => RETIRED
#4229 (4, 6): A92305=C1IFJ=64B=8EK=MGN
  -> Found in depth 42 at count 229378
  -> in 3.048000 sec
  => ANSWER: URDLDRULURDDRDLDRDRUUULDRDLULULUURRRDDDLLURRDDDUUULLUURRDDDDLLUURDDRUUUULLDDDRURDDDUUUUULLDDRRUULLDDDRRULDLUUURRDDLLUURRDDDDD
#4238 (5, 6): C7D==G6L891H0F23B=A=Q==EORSPTJ
  -> Time over
  -> in 91.523003 sec
  => RETIRED
#4347 (4, 6): 17629534AI=8H0=CED=GMNLK
  -> Time over
  -> in 92.275002 sec
  => RETIRED
#4373 (6, 4): 1023BC7=95IHD=6=ML4FAKNJ
  -> Time over
  -> in 91.338997 sec
  => RETIRED
#4376 (6, 6): 71B34=D=E2AOQCJI5UK0F==Z=9GS=Y==LHXR
  -> Time over
  -> in 92.232002 sec
  => RETIRED
#4417 (5, 6): 2653F4M8AE7B=K91OJSR0LCGTHQINP
  -> Found in depth 40 at count 121364
  -> in 4.100000 sec
  => ANSWER: RUUULURDLDDDDRURRUURUULLLDLDRDDLUURDDRDRURULLDDRURDUUUULURDLDDLLDDLUURRDRDLULLDRRRULURRDDUUUUULLLDRRURDLLLURRRDDLUURDLDRDDDUUUUULLLLDDRDRRUULLURRRDDDLLLULURRRDDRDD
#4447 (6, 5): 8L9B4=1D3FAOJ7G2MCQ0E5IHRPSKNT
  -> Found in depth 32 at count 3890633
  -> in 3.373000 sec
  => ANSWER: DLUURUULDDRUURDRRRDDLUULDDDLLURRRULLLDRUURRDLUURDLDRRDLDRUUULULLLLDRULDRULDRURDLURRRDRDDDULLLLUULDDDRRUULDLUURRDDDLURRRRD
#4536 (6, 6): =A9BG=82L3457=KF=TJO0MNIP=D=CUVWXRYZ
  -> Found in depth 52 at count 185640155
  -> in 20.711000 sec
  => ANSWER: LLDDRRRRRULULLDDLLUURRUUULDLDDRRUURURDLULDDRUURLLDRDDRRUULLLURDDDRRDLULUURRDDLLUUURDRDDDDUUUULULLDRRRDDDLULUULURRDRDDLDRUUULLDDRRDDUUUULLLDDLLUURURRRDRDDDDLLLLLUURRUURRULLLDLDDDDRRRRR
#4557 (6, 6): 1546CH32=ABN8FGMTIPD=RQ=7K0JWU=EXSYZ
  -> Time over
  -> in 92.473000 sec
  => RETIRED
#4560 (5, 5): 8GB5A279401=N3E6IO=D==KFH
  -> Found in depth 54 at count 53889757
  -> in 53.709999 sec
  => ANSWER: ULDRDDDLLUURRULLLULDDDRRUUULLDRRDDLLUURRDRRDDLLULLUURRURDDRULLDRURDDDLLUUULLDDRRURUULDDDDRRUUUULLLLDDDRRUULLDDRRUUULLDRURDDDLLUURRDDLLUUURRRRDDDD
#4564 (6, 4): 9N10567=42IHEK=A3BJDLGMC
  -> Time over
  -> in 91.841003 sec
  => RETIRED
#4584 (5, 5): 3AM058=CB916FD4H2LKOGENJI
  -> Time over
  -> in 92.135002 sec
  => RETIRED
#4615 (5, 6): =6729D83BAGE045QH=F=SCNJOLMRTP
  -> Time over
  -> in 91.535004 sec
  => RETIRED
#4618 (5, 6): 27=A5184096ID=FC=S=KBLM=P=RNGT
  -> Found in depth 62 at count 692886945
  -> in 61.658001 sec
  => ANSWER: URDLLLULDDDDRRDRRUUUUULDLDDDDLURUULLDDRDRUUUURRDDDDUUUULLLLDDDRDRUUULLDDRRUUULLDRURDDDLLUUURRRRDDDDLLLULUURRDDDRR
#4666 (6, 6): =4BH===3=GNI8DEORCJ2AUZY0FWP=SVK=LQM
  -> Found in depth 44 at count 17849222
  -> in 3.571000 sec
  => ANSWER: UURDDRRDRRUULLDDRRUULULUULLDDRDRRUULULLDDDDDLURULDDRURRUULLDLDRRRDRRUULUULDDDDRRUUUULDLLLUURRDRDRDLLLLURRURRDLLUULLDDDRRRRDD
#4682 (5, 4): 8F90G23H5D4=I=176BJA
  -> in 59.792999 sec
  => ANSWER: RDLULLLDDDRRUULLURDRRRDDLLUURRULLDRRULLLDRRRULLLLDRULDDDRRUULLDDUUURRRRDLULLLDRULDRULDRURRDRULLLLDDDRRRRNOTFOUND
#4790 (6, 6): =74638EF9==C2KDGHI50====J=RSTUPVWXYZ
  -> Time over
  -> in 91.516998 sec
  => RETIRED
#4812 (5, 5): =28456I3=OBH7FD=CM=0=ENAK
  -> Time over
  -> in 92.426003 sec
  => RETIRED
#4895 (6, 6): =J9DG3E2XKC58MYS=4LAFI0BQ7PN6ZVWRTOU
  -> Time over
  -> in 91.117996 sec
  => RETIRED
#4919 (5, 4): =3F2=48IA9D=6=07BGHJ
  -> Found in depth 54 at count 12287447
  -> in 3.936000 sec
  => ANSWER: DLLUUULDLDDRRUUURDLLURRDLURDLDDRRUULLLLDDRRRRUULLLLDDRRUURRDDLLUUURDLURDRDDLLUURRDDLLUUURDLDDRRUULLDDRRUULULDDDRRUULLLLDDRRUUULDLDDRRRRUULLLURRDRDDLLLLUURRDDLLUURRRRDD
#4955 (5, 6): ===45I8KSAD=EB=G97PJH=6ONL0QRT
  -> Found in depth 38 at count 32798508
  -> in 3.182000 sec
  => ANSWER: LUURRDRRULUULLLDDRRRUULLLDDRRRULULLDDDDRRRURULDLUUULLDDDDRRRRLUUUULLLDDRRURDDDLLLUUUURRDDLLDDRRRRLLUULLUURRRDDDDLLLUURRDRUUULLLDDDDRRRR
Solved 58/134 (43.28%) in 8166.990234 sec
