#1 (5, 5): 2C39517JEFL68OAHDBK4GMNI0
  -> Found in depth 40 at count 620638003
  -> in 29.652000 sec
  => ANSWER: LUUULDRRULDRDDLUURULDDRULLDLLURRULULDDRURDDRRDULLUURDDDLLLUUUURRDDDLDRRUUUULLLDDDRRRRD
#2 (6, 6): 12E845D9MBH6JF3GICL07WAOKRXYNSVPQTZU
  -> Time over
  -> in 92.206001 sec
  => RETIRED
#3 (6, 6): 12786C9E453BDQATNIJLMGHZPKFYW0VRXSOU
  -> Time over
  -> in 92.339996 sec
  => RETIRED
#4 (5, 5): C02746G135HBJOKNEDF9ML8AI
  -> Found in depth 36 at count 41492278
  -> in 3.755000 sec
  => ANSWER: LDRRRURDDDLDRULULDDRUULDLLUURURDRRDDLLLLURURDRURDLDRUUULLLDRDDRRDLLUUULURRRDDDLDLURDRULLLUULDDDRRUUUULDDDLUUURRDDDDLURRRD
#5 (6, 4): KEAC34J1MG0B72LF5I89D6HN
  -> Found in depth 42 at count 917301236
  -> in 67.844002 sec
  => ANSWER: LLULDDDRURDRULURDDLUUURRDLLLLDLUURRDLDDLUURURRRRDLDDRUUULLLLLDRRDLDLURRULLDRULURRRRRDDDULUULLLDRRRDLLLULDDRRULLURURRRDLLDDLURRRRD
Solved 3/5 (60.00%) in 285.800995 sec
