#141 (6, 3): 239=56B=0AGC7D1EFH
  -> Time over
  -> in 301.654999 sec
  => RETIRED
#200 (4, 6): 2CB135=9E8A4=6KG0HFILMJN
  -> Time over
  -> in 302.049011 sec
  => RETIRED
#319 (6, 6): 40G9E31DJA56872F=BP===NZVWR=CUXQYTOI
  -> Found in depth 34 at count 921398
  -> in 5.082000 sec
  => ANSWER: LDDDDRRDRRURULDDRULURDDLLLULLUUUURDRURRDLLURDLLURRDRURDDDLDRDLLLULDLURRDRRUURDLDRUUUUULLLLLDDRURDLURULDLDRRURURRDDDDLDRULDLLLULUURRRULURRDLLURDRRDDDLDR
#374 (4, 6): ID29K=015A87E3=4=GBN==JC
  -> Found in depth 35 at count 10264
  -> in 3.866000 sec
  => ANSWER: DRDDLLUULUURRRDLDLDDRRUUULDRUULLLDDDRURRDDDLULULURDDRRUULLDDRDRULLUURUURDLDLLUURRDDLLDRULUURRRDLDRDDLLUULDRULUURRRDDDDLLULUUURRRDLDRDDLDR
#381 (6, 6): 91LC8=234FIA7DKG5HEMWJ=BPQ0S=O=XZRYU
  -> Found in depth 34 at count 2722410
  -> in 3.731000 sec
  => ANSWER: UURRRDDDLLUUURURDLLDDDRRUUUULDLLDDUURRUULLDRDLUURRDLDLDDDRRRUUULLDDLDRUUURRDDDLLLUURULDLLURRDLULDRRURUURDLLURDDRURDLLDLUULULDRURDLULDDRDDRDLUURURURRDDDD
#405 (5, 4): BD6A3G=1F9H=E24IJ805
  -> Found in depth 32 at count 546
  -> in 1.953000 sec
  => ANSWER: ULUULLDDDRRRUUULDDDRULDLLUUURRRDULDRDLURRDDLULDLLUUURRDRURDDLULDRDLLLUUURRRRDDD
#562 (4, 6): =6E=M253HD=AN0789F=C=IKG
  -> Found in depth 46 at count 33763337
  -> in 4.078000 sec
  => ANSWER: UURRDDLLUURULDRRDDLLUUURDLDDRRUULULDDDRRUULLDDRRUULLURDRDDLLDDRRUULLLUURDLDDRUUURRDDDDLLUULUURRRDDDDLLULUURDLURUURDRDDDD
#1052 (6, 6): D8236BKE==5410PVGJ7W=F=CX=YHUIRSMTZO
  -> Found in depth 56 at count 216512715
  -> in 43.965000 sec
  => ANSWER: UURRRRDDDDDLULUULLLDDDRRRRRUUULLDDDLLLUUURRRRRUULLLLDDRRDDDRURUULLDDRDRULLUURRDDDLLUUURRDDLLUULLLDRURRRRDDLDLLLLUUURRRDDDRURUULLLLDLDDRRLLUUURRRDDLDLLUUURDLUURDRRRURULDDRDDDLLULDLLUUURDLUUURDDLUURDLURRRRDRDDDLDR
#1109 (6, 4): 249M==D=K3BE1A70GIFLJNCH
  -> Found in depth 11 at count 119
  -> in 19.104000 sec
  => ANSWER: URRDLULDRRULDDLLLLUUURRRDDLLLDRRRRUULULLLDDRRRDLULLDRRRULLDLURRRLDLURURRDDRULLUULLLDDRDLURRRURDDLLLURDRUUULDRRRDD
#1245 (6, 6): 27=9C=1FMUIH=8EO4ZLK5R=YPABW=SJGVQX0
  -> Found in depth 30 at count 2340
  -> in 4.271000 sec
  => ANSWER: UUUULLDRUULDDRRULLURDDLURRDDDDUUULLLULULDRDDDDRRUULURDLDRULLDLDRRRRRUUULLDLLLDRDRRRRUUUULDLUURDDLDLLURURDDDDRR
#1573 (6, 6): 12786C9E453BDQATNIJLMGHZPKFYW0VRXSOU
  -> Found in depth 36 at count 215472601
  -> in 10.921000 sec
  => ANSWER: UUUULDLURDDDDDLUUUUURRDDDDLUUULDDDDRLURDLLURRDLULDLURUUUULDLDDRUURDDLDRULDDRUULLUURURDRRDDRULLLLURRDDLDRDRUUUURULLLDDDLDRDLURDRRUUURDDD
#1872 (5, 4): =B3A240DE76=9F5GHI8J
  -> Found in depth 39 at count 16462952
  -> in 2.094000 sec
  => ANSWER: LDDRRUUULDLDDRRUUULDRDDLLUURURDDDLLUURURDRRDLLURULDLURRRDLDDRUULLURDDLULURDRRDD
#1910 (6, 4): JK17==E=2FGCD049IN3B=MHA
  -> Time over
  -> in 301.545013 sec
  => RETIRED
#1936 (6, 5): 438C5I12=GLA7=Q6OMD=PRHBJ0SFNT
  -> Found in depth 42 at count 82707
  -> in 104.359001 sec
  => ANSWER: RRRUULDLDLLUUUURRRRDDDDLULDRUUURULLLLDDDDRLUUURURRDDLDDLLUUURULDDDDRRUURUULLDLDDDRLUUURULDDDDRRURDRUUURULLDDDLURRRDLDLLURURRUULLLLLDDDDRRURUURRULDDDDR
#2060 (6, 5): =E45B6=298ACQJ3TO=DK=0GH=RSFNM
  -> Found in depth 32 at count 1543963
  -> in 2.843000 sec
  => ANSWER: ULLDDRRUUUULLDDRUURDDDDLLUUURDRDRRDLUULDDRURDLUULLLLDRURURDDDRULDLLUUURRRULLDDRRDRD
#2176 (6, 4): F2091=A8K53=7EDIBHMLJ4GN
  -> Found in depth 42 at count 3679547087
  -> in 112.433998 sec
  => ANSWER: RDDDRRULDLURRDLLLLUURRRDLLDRRRULULLLDRRUULRRDDLLDLLURRDLULDRURRDRRULUULLRRDLDDLLURUURRDDDLLUULURDLLURRDLLDRUURRDLDLDRRRR
#2283 (5, 6): 61324B=D=5M80AFLGI=ECSHOK=TRNP
  -> Time over
  -> in 302.519012 sec
  => RETIRED
#2339 (6, 5): =GE23A=D98=5QK=6I4JRSL=C=M0HTO
  -> Found in depth 43 at count 7881733
  -> in 9.774000 sec
  => ANSWER: ULDRRUUULLDDLURDRRUULLDLDRUURRDDDLLULURURRDRRDDLLUURRDDLLULLUURRDDDRRUULLDDRRUULLULLDDRDURDLLUUURULDRRDDLLLURURURRRDDDDLLLLUUUURRDLURRRDDLLUULDLDDRRDRR
#2406 (5, 6): 16===D9E7=2HBFK=8C=P0MIOSRTQNL
  -> Found in depth 44 at count 87404929
  -> in 10.965000 sec
  => ANSWER: RUURULULDDRRULDDRULLUURDRDDLULURULDDRRULDDDLRRDRRULLDRULLDRRURDUUULULLLDRDRURULLDRULLURDDDRDLLDRRRRULLLLDRURDRURD
#2425 (5, 5): BG23=6718AM=D4OL0=JENKH9F
  -> Found in depth 50 at count 630074468
  -> in 30.497999 sec
  => ANSWER: LUURRRDDDLLLURDRRUUULLLDDDRRRUUULLLDDRDLUUURRRDDDLRUUULLULDRRRDDDLLULUUURDLDDRDLUUUURDRRDDDRUULDRDLLLLUUUURDLURRRDDRDDLUURDD
#2445 (6, 4): =5J3CBD04=6I82K9=N7GEFLM
  -> Found in depth 30 at count 730
  -> in 1.109000 sec
  => ANSWER: URRRRDDDLLULULURDDRDRRUUULLLLDURDDLURDRDLLUULDDRUURDRDLURDRRUUULDRULLLLDLDRRDRRR
#2631 (6, 6): 123A9=7=4BCHJ=5=IM0FXRL=DPQ=NUVWK=TZ
  -> Found in depth 48 at count 7508482
  -> in 15.306000 sec
  => ANSWER: UUURRDDDLLUUURRRRDDDLLUURULLLDDDRRRRUUULDLULLDDDUUURRRDRDRULLLDDLLDRRDLURURRURULULDLURDRULLLLDDDRDDRUURRDDR
#2765 (6, 6): E405I=2LA3BC9P8NFO7J1KGZQD=UMHWV=SYT
  -> Time over
  -> in 302.024994 sec
  => RETIRED
#2790 (4, 6): 13A=2=CEDF78M95B0L=GIHNK
  -> Found in depth 42 at count 729232
  -> in 3.525000 sec
  => ANSWER: UUUURRDDDLLUUURRDDLLDRRUUULLDDRDRUUULLDDDDDRULURDLDRUURRULURDDLULDLURRUULLDDRRURDDLLURRDDD
#2901 (5, 5): B234017==N6=KF5G=IDELMJOA
  -> Time over
  -> in 302.032013 sec
  => RETIRED
#2982 (5, 6): 61HEF03245B8AD9RLI7OCQ=KPMG=JT
  -> Time over
  -> in 301.247009 sec
  => RETIRED
#3129 (4, 6): 48KG3C216=7N9D5B=0=F=EIM
  -> Found in depth 34 at count 219028
  -> in 0.892000 sec
  => ANSWER: ULUURRDRDDDLLUURURDLUULLDDRDDRRUUULURULLDRRULDDRUULLLDRRRULDDDRUUULLLDDDRDDRRUUUUULLDLDDRDDRR
#3255 (6, 4): E3456C2D1==0KJNF9H87==GI
  -> Time over
  -> in 301.501007 sec
  => RETIRED
#3318 (6, 6): 123===7=HBCSD=AGNIJ=PFZ=QWM9YT=RLX0U
  -> Found in depth 24 at count 6317
  -> in 4.763000 sec
  => ANSWER: UULLDLDRRUULDRDLLURURRDDLLLULUUUURRDDDDLDRUUUUULLDDDDRRDRRLLLURRDRUULDLURRDDUULDLURUURRDLULLDDRRURULLDDLDDRRUUUULLDRDDRRD
#3385 (5, 6): 239F01==A56BC=4==D=KMIQSORLNPT
  -> Found in depth 37 at count 42361
  -> in 1.217000 sec
  => ANSWER: LDRDDDLLUULLUURRRDRULLLLDDRRDDRRUUULURDDDDDLLULLDRRRURUUULULLLDDRRDDLLDRURDRURUUULURDDDDD
#3398 (6, 5): 71=0I58D96OBKJ=A4TE2GH=CPQLRMS
  -> Found in depth 26 at count 39755
  -> in 1.642000 sec
  => ANSWER: DRDRDDLLUUURRDLLDDRRUUULLUDRRDLUURDLULDDDLDLLUURDLDRULUURDLUURDDDDRRRRUUUULDDLDDRR
#3648 (6, 6): 371A4528=G=6=K=HCI=LN=O0WPEXUSVQZRYT
  -> Time over
  -> in 302.411011 sec
  => RETIRED
#3717 (6, 6): =93450K72==6VPF8=NDJ=GMCXE===IWQYZUO
  -> Time over
  -> in 302.662994 sec
  => RETIRED
#3825 (4, 6): 12785D3K9F4C0ABHEI=6MLNG
  -> Found in depth 32 at count 6007143
  -> in 82.901001 sec
  => ANSWER: RRRDDLLUUUURRDDLUULDDDDRRUUULDLLRRRDDLLUURRDDLLUUURDRULLDDDRRUULLDDRRUULLLDRDLURUURRDLULDRRDDLLLUURDDRRUUUULURDDDDDLLULURUURDRULURDLLLDRRDLLUURDDDDRR
#3943 (5, 5): 1B3D5H=4=AGM8EF260=KCILNO
  -> Found in depth 60 at count 870113831
  -> in 94.016998 sec
  => ANSWER: ULLUURRDDDLULUURRDDLLUURRDDLLDRURUULLDDRRUULLDDRDRUUULLDDRRDULLUURRDDLLUURRRRDDLLUULLDDRRRRUULLLLDDDRRUUULLDDRDRULLUURRDDDLLUUURRDDLDDLUURDRULDDRUUUULLDDRDLDRRRR
#4054 (6, 5): 82=41H79GLBIMPAF05EJSC6RDKQTON
  -> Found in depth 28 at count 100462
  -> in 4.317000 sec
  => ANSWER: ULLLDLUURDLDRUULDRDLUURDRRRDRULULDDLURRDLLLURRDLLURDLLURULDRRRURDRULDDDRULLDRULULLLDDDRUULDRDLURDRURUURRDLUURDDDDLLLURRRD
#4091 (6, 6): 2835N07D=46BF1L=HM=EQAROWVSI=UPXCKYZ
  -> Found in depth 38 at count 221797
  -> in 3.892000 sec
  => ANSWER: LLLLDDRDRRRDDLLLURULDDRRRUULLLULUURRRRDDLDRUULDRDLLDLURRUURULLLLDDDDRDRUURRDDLLULURDDRRUULLDLLUULURURRRRLDDDLLDDLULDRURUULUULDDRDDRRDRRUUUUULLDRRDLURDDLURDDD
#4112 (6, 6): ==345CFL9==68=M=N07=RIHYDJQ=OTVPWXZU
  -> Time over
  -> in 302.739990 sec
  => RETIRED
#4373 (6, 4): 1023BC7=95IHD=6=ML4FAKNJ
  -> Time over
  -> in 302.225006 sec
  => RETIRED
#4376 (6, 6): 71B34=D=E2AOQCJI5UK0F==Z=9GS=Y==LHXR
  -> Time over
  -> in 301.355988 sec
  => RETIRED
#4564 (6, 4): 9N10567=42IHEK=A3BJDLGMC
  -> Found in depth 50 at count 3756762
  -> in 128.371994 sec
  => ANSWER: LLLDDRDRRUULULLDDRDRRUULURDDDLLULUURRDRDDLLULUURRRLLLDDDRULUURRRDDDLLULDRRRUULULLDDRDRRURULLURRDLDDRUUULDRRDDLLLLULUURRRDDDRUURDD
#4584 (5, 5): 3AM058=CB916FD4H2LKOGENJI
  -> Time over
  -> in 302.687988 sec
  => RETIRED
#4790 (6, 6): =74638EF9==C2KDGHI50====J=RSTUPVWXYZ
  -> Time over
  -> in 301.684998 sec
  => RETIRED
#4812 (5, 5): =28456I3=OBH7FD=CM=0=ENAK
  -> Time over
  -> in 302.217987 sec
  => RETIRED
Solved 28/44 (63.64%) in 5544.495117 sec
