#66 (6, 4): K7123=J===5BDFECH40M=NIG
  -> Time over
  -> in 302.664062 sec
  => RETIRED
#141 (6, 3): 239=56B=0AGC7D1EFH
  -> Time over
  -> in 301.359375 sec
  => RETIRED
#181 (6, 4): 1A=56H8294CB7=KMNLD0GJFI
  -> Time over
  -> in 302.046875 sec
  => RETIRED
#200 (4, 6): 2CB135=9E8A4=6KG0HFILMJN
  -> Time over
  -> in 301.992188 sec
  => RETIRED
#319 (6, 6): 40G9E31DJA56872F=BP===NZVWR=CUXQYTOI
  -> Time over
  -> in 301.351562 sec
  => RETIRED
#374 (4, 6): ID29K=015A87E3=4=GBN==JC
  -> Time over
  -> in 301.281250 sec
  => RETIRED
#381 (6, 6): 91LC8=234FIA7DKG5HEMWJ=BPQ0S=O=XZRYU
  -> Time over
  -> in 301.593750 sec
  => RETIRED
#405 (5, 4): BD6A3G=1F9H=E24IJ805
  -> Time over
  -> in 301.882812 sec
  => RETIRED
#421 (6, 5): D23A==8J=40=17=HROE=BGTIPQLSMN
  -> Found in depth 50 at count 839443
  -> in 150.164062 sec
  => ANSWER: LULLLDDRUULDDRUURRDDDLDRRUURDLULDDRRULULURDDDLLURDRRULLDRULLDRRURDULULDRRDULUULULLLDDDDRRURUURDDLLDLLUUUURRRDDDRRDUULULULLLDDDDRRURUUULLDDLURURRDDDLDLLUUUURRRDRDRDD
#469 (6, 6): 13HO457290GBE8AV6CWFMSINDQLRJZPK=YUT
  -> Found in depth 46 at count 2621347132
  -> in 209.203125 sec
  => ANSWER: ULLDRDRURDLUURDRDLDLLURULLDDRDLLURDDLUURDDLURRRRRDLUURULLLLLDRDRRULDLURRDRRDUUUUULDRDDDDUUULUULLLDRRRDLLLULDDRRULLURURRRDLLDDLURRRRDDD
#562 (4, 6): =6E=M253HD=AN0789F=C=IKG
  -> Found in depth 49 at count 1305622
  -> in 4.296875 sec
  => ANSWER: DLUUURRULDRRDDLLDLUURDLURUURDRDDDDLLUUUURRDDDDLLUULURULDDRDULDRULDRULDRUUUURDLURDRDDLLUUURDLDDRRUULULDDDRRUULULDRRDDLLD
#655 (5, 4): B6391C==A2ID045JHFGE
  -> Time over
  -> in 301.015625 sec
  => RETIRED
#773 (6, 4): 8J=CM671E25BKA0GN9FD4LIH
  -> Found in depth 42 at count 1718806921
  -> in 51.054688 sec
  => ANSWER: LLURULDDDRUURDDLULDRRRULURRULDDRRDLLURUULDDLLURRDRDLURRDUULDRDLUULLLULDRDRRRDLLLLUURRRRDLLLLUURDDLDRRRRR
#959 (5, 5): 38G9J2=KF41E5LAC=MI06BDNO
  -> Time over
  -> in 302.328125 sec
  => RETIRED
#1052 (6, 6): D8236BKE==5410PVGJ7W=F=CX=YHUIRSMTZO
  -> Time over
  -> in 302.039062 sec
  => RETIRED
#1075 (4, 6): B1532E=4=6G8HL=CIN0KDJMA
  -> Time over
  -> in 302.421875 sec
  => RETIRED
#1109 (6, 4): 249M==D=K3BE1A70GIFLJNCH
  -> Time over
  -> in 301.710938 sec
  => RETIRED
#1179 (4, 6): 5234A==8N9=C1D=GHK0J=EMI
  -> Time over
  -> in 301.187500 sec
  => RETIRED
#1196 (5, 6): =5307B6F92CDPA4RMOE=GQS8THJLIN
  -> Found in depth 38 at count 141275
  -> in 4.757812 sec
  => ANSWER: DRDLDDLUURDLUURDLLDLDRDRRUULDLDLURUULURRRURDDLDLDDRRULULDLURUUURDLULDRRULDDDRDDLURULLDDRRRULLLURDRRDULUUUULLDDDRRURULLDLUURRRDDLDLUURDDDRD
#1220 (4, 6): 214863=CD=GB90JIEH5KLFNM
  -> Time over
  -> in 301.007812 sec
  => RETIRED
#1245 (6, 6): 27=9C=1FMUIH=8EO4ZLK5R=YPABW=SJGVQX0
  -> Time over
  -> in 301.976562 sec
  => RETIRED
#1260 (6, 6): D124B5837=6CV=9FLYPJUKGHW=O0INXRMTSZ
  -> Time over
  -> in 302.343750 sec
  => RETIRED
#1567 (4, 6): 032841=CB9FG6AL5HMNDKEJI
  -> Time over
  -> in 301.085938 sec
  => RETIRED
#1573 (6, 6): 12786C9E453BDQATNIJLMGHZPKFYW0VRXSOU
  -> Time over
  -> in 301.859375 sec
  => RETIRED
#1847 (6, 5): D7031AE=92S6KL=BC4=OMGTN==RI5H
  -> Time over
  -> in 301.625000 sec
  => RETIRED
#1871 (6, 5): =46CBIE9HP5MA720NG8=3RTLDJQFOS
  -> Found in depth 44 at count 8960322698
  -> in 234.351562 sec
  => ANSWER: URRDDLDRULUUULLLDDLDDRRRUURRUULLDLDDDRUURRUULLLDDLLURURDDRULLDLDDRRURULDDRRULULDRURDDRULDRULDRULDRLLLLLUURRRDDLLLUURRDRDLUULLDDRRRUULLLDDRRRRR
#1872 (5, 4): =B3A240DE76=9F5GHI8J
  -> Time over
  -> in 301.304688 sec
  => RETIRED
#1910 (6, 4): JK17==E=2FGCD049IN3B=MHA
  -> Time over
  -> in 302.132812 sec
  => RETIRED
#1936 (6, 5): 438C5I12=GLA7=Q6OMD=PRHBJ0SFNT
  -> Time over
  -> in 301.570312 sec
  => RETIRED
#2060 (6, 5): =E45B6=298ACQJ3TO=DK=0GH=RSFNM
  -> Time over
  -> in 301.093750 sec
  => RETIRED
#2176 (6, 4): F2091=A8K53=7EDIBHMLJ4GN
  -> Time over
  -> in 301.890625 sec
  => RETIRED
#2179 (5, 6): I605A8=2=FG31=KLDB4SHM=CP=RTOJ
  -> Time over
  -> in 301.781250 sec
  => RETIRED
#2283 (5, 6): 61324B=D=5M80AFLGI=ECSHOK=TRNP
  -> Time over
  -> in 302.554688 sec
  => RETIRED
#2308 (6, 4): 2GBKA51=93047=LF=6DJNIMC
  -> Found in depth 51 at count 4436434155
  -> in 143.921875 sec
  => ANSWER: LULDRRRDDLLLUUURDDDLUUULLDDDRRRUULURRDLLDRUURRDDDLLULDRULDRULDRLUURRURDDDLLULUURDRRULLDRULLDRDLURDDRRUULLDLDRUURRD
#2339 (6, 5): =GE23A=D98=5QK=6I4JRSL=C=M0HTO
  -> Time over
  -> in 301.281250 sec
  => RETIRED
#2390 (6, 4): 71946NE=2=BMD03FC5KJHGLI
  -> Found in depth 52 at count 7545667129
  -> in 247.625000 sec
  => ANSWER: DLUUURRDDRRRULDLDLURDRRUUULDDRULDDRULLLDLULDRRRRRULDRULDRULDRLUUULLDDRRUULLLLDDRDRUUURRDDLLUURRDDDLLLULUURRDDRDRR
#2406 (5, 6): 16===D9E7=2HBFK=8C=P0MIOSRTQNL
  -> Time over
  -> in 301.062500 sec
  => RETIRED
#2425 (5, 5): BG23=6718AM=D4OL0=JENKH9F
  -> Time over
  -> in 302.390625 sec
  => RETIRED
#2445 (6, 4): =5J3CBD04=6I82K9=N7GEFLM
  -> Time over
  -> in 301.726562 sec
  => RETIRED
#2631 (6, 6): 123A9=7=4BCHJ=5=IM0FXRL=DPQ=NUVWK=TZ
  -> Time over
  -> in 301.750000 sec
  => RETIRED
#2688 (5, 4): 0H2731B8=4G===56IJFA
  -> Time over
  -> in 301.781250 sec
  => RETIRED
#2765 (6, 6): E405I=2LA3BC9P8NFO7J1KGZQD=UMHWV=SYT
  -> Time over
  -> in 301.898438 sec
  => RETIRED
#2790 (4, 6): 13A=2=CEDF78M95B0L=GIHNK
  -> Time over
  -> in 302.234375 sec
  => RETIRED
#2901 (5, 5): B234017==N6=KF5G=IDELMJOA
  -> Time over
  -> in 302.093750 sec
  => RETIRED
#2982 (5, 6): 61HEF03245B8AD9RLI7OCQ=KPMG=JT
  -> Time over
  -> in 301.968750 sec
  => RETIRED
#3049 (5, 5): 1963=L28F4=A7KJCGIEDHMNO0
  -> Found in depth 38 at count 6022113
  -> in 2.164062 sec
  => ANSWER: LLLULDRRUULDRRRULLDRRULURDLLUULDRURDLDDDRRLLUULULURRDLDDRUUULLDRDRDLURDDLULDRRRR
#3106 (4, 6): 927=1=8BD53AN==CL0KGMHJI
  -> Found in depth 54 at count 19694934
  -> in 26.750000 sec
  => ANSWER: LUURRRULULLDDRRRDDLLLDRURDRULDLULDRURRDULDRULDRULDRUUULLLDDRRRUULLLUURRDDRULULLDDRRURDDDLLLUUUURRDDRDDDUUULLLUURRDDRULDLLUURRDRDDDLLLUURRUULLDDRRUULLDDDDRRRD
#3129 (4, 6): 48KG3C216=7N9D5B=0=F=EIM
  -> Time over
  -> in 302.609375 sec
  => RETIRED
#3155 (4, 6): 3841BA2756M=90F=LKEHJDIN
  -> Found in depth 40 at count 260597
  -> in 5.671875 sec
  => ANSWER: UURURDLLURDLLURRRDLLLDRDDDLURURUULDLDDRRULDRDLURDRLULLDRURRDLLLURRRDLURDULUUUULLDRDDDLUUURRDDDLUULUURRDLDLDDRRRD
#3255 (6, 4): E3456C2D1==0KJNF9H87==GI
  -> Time over
  -> in 301.000000 sec
  => RETIRED
#3318 (6, 6): 123===7=HBCSD=AGNIJ=PFZ=QWM9YT=RLX0U
  -> Time over
  -> in 302.000000 sec
  => RETIRED
#3352 (6, 4): =EL97FJAG0468N25HBD3K=CI
  -> Found in depth 44 at count 9870629
  -> in 20.328125 sec
  => ANSWER: URRDDDLULLUURRDLDLULDDRULUURDRULDDLUURDRRDLLLLURDRURURDRLDRDLULURRDDLURDULLURDRDUUULLLLDDRDLLUURDDRURULLLDRUURRRRDDLLLURRDRD
#3385 (5, 6): 239F01==A56BC=4==D=KMIQSORLNPT
  -> Time over
  -> in 302.101562 sec
  => RETIRED
#3398 (6, 5): 71=0I58D96OBKJ=A4TE2GH=CPQLRMS
  -> Time over
  -> in 301.750000 sec
  => RETIRED
#3605 (5, 5): 1C3246980A7E=5=B=JIKGLONM
  -> Found in depth 24 at count 444
  -> in 15.304688 sec
  => ANSWER: LURDLLULDRDLUURRRDDDLDRRULLDRUUULLDLDDRRURRDULUULURDDDRDLLLLUUURRRDDLDLLUUURRRULDLLDDDRRURUULLLDDDRRRRULUUURDLULDRRULDLURDDDRD
#3648 (6, 6): 371A4528=G=6=K=HCI=LN=O0WPEXUSVQZRYT
  -> Time over
  -> in 302.132812 sec
  => RETIRED
#3649 (6, 4): 293AH=1=740FLBIKGC=DE=5N
  -> Found in depth 50 at count 8573976390
  -> in 265.187500 sec
  => ANSWER: LDLLLUURRRRDDLLLDRUURRRDLLUULLLDDRRRURDLLURULLLDDRRRRDRUULDLLUURRDRDDULLLLDRURRRDULLLLLUURRDDLDRULLUURRDDDLURUULLDDRDRUUULLDDRRRRRD
#3717 (6, 6): =93450K72==6VPF8=NDJ=GMCXE===IWQYZUO
  -> Time over
  -> in 301.718750 sec
  => RETIRED
#3721 (4, 6): 51279=40I==3KL=8JMDGHECN
  -> No moves
  -> in 3.617188 sec
  => ANSWER: DDDDLULLURDLDRRURDLULULUUURRRDLURDDDDLLLDRUULDDRUULDDRRURUUUULLLDDDRDDRRULLDRULULUUURRRDD
#3825 (4, 6): 12785D3K9F4C0ABHEI=6MLNG
  -> Time over
  -> in 301.296875 sec
  => RETIRED
#3943 (5, 5): 1B3D5H=4=AGM8EF260=KCILNO
  -> Time over
  -> in 302.593750 sec
  => RETIRED
#3952 (4, 6): =0349C62D=87I=5FLH=BNMKG
  -> Found in depth 58 at count 3403613512
  -> in 219.101562 sec
  => ANSWER: RDLURRDLDDRUULDRUULLDRRDDLURDDDLLLUUUURRULDRDRDLURDDDLLULRDLURDRRUUUULLLDDDRDRRUUUULLLDDDDRULUUURRRDDDDLLLUUUURRRDD
#4054 (6, 5): 82=41H79GLBIMPAF05EJSC6RDKQTON
  -> Time over
  -> in 301.710938 sec
  => RETIRED
#4091 (6, 6): 2835N07D=46BF1L=HM=EQAROWVSI=UPXCKYZ
  -> Time over
  -> in 301.835938 sec
  => RETIRED
#4112 (6, 6): ==345CFL9==68=M=N07=RIHYDJQ=OTVPWXZU
  -> Time over
  -> in 301.335938 sec
  => RETIRED
#4238 (5, 6): C7D==G6L891H0F23B=A=Q==EORSPTJ
  -> Found in depth 43 at count 20134987
  -> in 3.992188 sec
  => ANSWER: ULDRULLDDRURUULLDDRULDDRURULURDRDRULDDDRDLLLLUURUURRDRULDDULULURDDLURULDDLDDDRRRURDLLLLUUURRRDDRDLUR
#4347 (4, 6): 17629534AI=8H0=CED=GMNLK
  -> No moves
  -> in 1.710938 sec
  => ANSWER: DLUURDLURULURRRDDDDDLLLUUURUULDRURDLLDRDDLD
#4373 (6, 4): 1023BC7=95IHD=6=ML4FAKNJ
  -> Time over
  -> in 301.757812 sec
  => RETIRED
#4376 (6, 6): 71B34=D=E2AOQCJI5UK0F==Z=9GS=Y==LHXR
  -> Time over
  -> in 302.031250 sec
  => RETIRED
#4557 (6, 6): 1546CH32=ABN8FGMTIPD=RQ=7K0JWU=EXSYZ
  -> Found in depth 50 at count 428518121
  -> in 100.023438 sec
  => ANSWER: RRUULURRULLDDLLDLDRRRRUUURULLLLDLDDRDLURDRRURUUULLLDLDRLDDRDRURUULLDDLURURRDDLDLUULURDDRRDRRULDRULDRULDRULUUULURDLDLLUURRRDDDDLLLULUUURDDRRUULLLDDDRDRRRRD
#4564 (6, 4): 9N10567=42IHEK=A3BJDLGMC
  -> Time over
  -> in 302.523438 sec
  => RETIRED
#4584 (5, 5): 3AM058=CB916FD4H2LKOGENJI
  -> Time over
  -> in 301.156250 sec
  => RETIRED
#4615 (5, 6): =6729D83BAGE045QH=F=SCNJOLMRTP
  -> Found in depth 50 at count 528914008
  -> in 82.828125 sec
  => ANSWER: URDLLDDLURUURURDDDDLLULUURURRRDDLLLLURRRULDDLDDDRURRDLLLLURDRRRULUUULURRDDLUULDLLDDRDLURURRRULDDDLLLUUURRDLDDRRRD
#4790 (6, 6): =74638EF9==C2KDGHI50====J=RSTUPVWXYZ
  -> Time over
  -> in 301.148438 sec
  => RETIRED
#4812 (5, 5): =28456I3=OBH7FD=CM=0=ENAK
  -> Time over
  -> in 301.789062 sec
  => RETIRED
#4895 (6, 6): =J9DG3E2XKC58MYS=4LAFI0BQ7PN6ZVWRTOU
  -> Found in depth 34 at count 21421126
  -> in 9.257812 sec
  => ANSWER: LLUULDDDRUULUURDDLUURRRRDDDLDLDLUURUUURRDDDLDRDLULDLURUULDRUULLLDRDLURULDRURURDRURDLLDLULDRRUURRDLURLLLDLLDRDLUURRDLLDRRUUURRRDDDLLUURRDDLLUUURRDLULDDDRRUULLDDRRLLLLLDRRRRRDLLLLLUURRRRRDLLLLLDRRR
Solved 21/76 (27.63%) in 18399.101562 sec
